\BOOKMARK [0][-]{chapter.1}{\376\377\000C\000+\000+\0001\0001\000\040\145\260\162\171\140\047\137\305\133\146}{}% 1
\BOOKMARK [1][-]{section.1.1}{\376\377\123\363\120\074\144\315\117\134}{chapter.1}% 2
\BOOKMARK [2][-]{subsection.1.1.1}{\376\377\123\363\120\074\000\040\116\016\000\040\135\346\120\074}{section.1.1}% 3
\BOOKMARK [2][-]{subsection.1.1.2}{\376\377\123\363\120\074\137\025\165\050}{section.1.1}% 4
\BOOKMARK [2][-]{subsection.1.1.3}{\376\377\000M\000o\000v\000e\000\040\213\355\116\111}{section.1.1}% 5
\BOOKMARK [3][-]{section*.7}{\376\377\173\200\116\313}{subsection.1.1.3}% 6
\BOOKMARK [3][-]{section*.8}{\376\377\117\177\165\050\127\072\146\157}{subsection.1.1.3}% 7
\BOOKMARK [3][-]{section*.9}{\376\377\000S\000T\000L\117\177\165\050}{subsection.1.1.3}% 8
\BOOKMARK [2][-]{subsection.1.1.4}{\376\377\133\214\177\216\217\154\123\321}{section.1.1}% 9
\BOOKMARK [1][-]{section.1.2}{\376\377\227\142\124\021\133\371\214\141\145\071\217\333}{chapter.1}% 10
\BOOKMARK [2][-]{subsection.1.2.1}{\376\377\000o\000v\000e\000r\000r\000i\000d\000e\000\040\116\016\000\040\000f\000i\000n\000a\000l\000\040\150\007\213\306\173\046}{section.1.2}% 11
\BOOKMARK [2][-]{subsection.1.2.2}{\376\377\142\020\124\130\122\035\131\313\123\026}{section.1.2}% 12
\BOOKMARK [2][-]{subsection.1.2.3}{\376\377\000D\000e\000f\000a\000u\000l\000t\000e\000d}{section.1.2}% 13
\BOOKMARK [3][-]{section*.12}{\376\377\000-\137\025\121\145}{subsection.1.2.3}% 14
\BOOKMARK [3][-]{section*.13}{\376\377\000-\117\177\165\050}{subsection.1.2.3}% 15
\BOOKMARK [2][-]{subsection.1.2.4}{\376\377\000D\000e\000l\000e\000t\000e\000d}{section.1.2}% 16
\BOOKMARK [3][-]{section*.14}{\376\377\000-\137\025\121\145}{subsection.1.2.4}% 17
\BOOKMARK [3][-]{section*.15}{\376\377\000-\117\177\165\050}{subsection.1.2.4}% 18
\BOOKMARK [2][-]{subsection.1.2.5}{\376\377\131\324\142\130\147\204\220\040}{section.1.2}% 19
\BOOKMARK [1][-]{section.1.3}{\376\377\174\173\127\213\145\071\217\333}{chapter.1}% 20
\BOOKMARK [2][-]{subsection.1.3.1}{\376\377\174\173\127\213\143\250\133\374}{section.1.3}% 21
\BOOKMARK [3][-]{section*.16}{\376\377\000-\000a\000u\000t\000o}{subsection.1.3.1}% 22
\BOOKMARK [3][-]{section*.17}{\376\377\000-\000d\000e\000c\000l\000t\000y\000p\000e}{subsection.1.3.1}% 23
\BOOKMARK [2][-]{subsection.1.3.2}{\376\377\174\173\127\213\122\053\124\015}{section.1.3}% 24
\BOOKMARK [2][-]{subsection.1.3.3}{\376\377\000n\000u\000l\000l\000p\000t\000r}{section.1.3}% 25
\BOOKMARK [2][-]{subsection.1.3.4}{\376\377\000c\000o\000n\000s\000t\000e\000x\000p\000r}{section.1.3}% 26
\BOOKMARK [2][-]{subsection.1.3.5}{\376\377\000R\000-\000r\000a\000w\000\040\000s\000t\000r\000i\000n\000g}{section.1.3}% 27
\BOOKMARK [2][-]{subsection.1.3.6}{\376\377\000U\000n\000i\000f\000o\000r\000m\000\040\000I\000n\000i\000t\000i\000a\000l\000i\000z\000a\000t\000i\000o\000n}{section.1.3}% 28
\BOOKMARK [2][-]{subsection.1.3.7}{\376\377\000I\000n\000i\000t\000i\000a\000l\000i\000z\000e\000\040\000L\000i\000s\000t}{section.1.3}% 29
\BOOKMARK [2][-]{subsection.1.3.8}{\376\377\000E\000x\000p\000l\000i\000c\000i\000t\000\040\000C\000o\000n\000v\000e\000r\000s\000i\000o\000n\000\040\000O\000p\000e\000r\000a\000t\000o\000r\000s}{section.1.3}% 30
\BOOKMARK [2][-]{subsection.1.3.9}{\376\377\000S\000m\000a\000r\000t\000\040\000P\000o\000i\000n\000t\000e\000r\000s}{section.1.3}% 31
\BOOKMARK [3][-]{section*.18}{\376\377\000s\000h\000a\000r\000e\000d\000\137\000p\000t\000r}{subsection.1.3.9}% 32
\BOOKMARK [3][-]{section*.24}{\376\377\000u\000n\000i\000q\000u\000e\000\137\000p\000t\000r}{subsection.1.3.9}% 33
\BOOKMARK [3][-]{section*.26}{\376\377\000w\000e\000a\000k\000\137\000p\000t\000r}{subsection.1.3.9}% 34
\BOOKMARK [1][-]{section.1.4}{\376\377\131\004\164\006\145\271\137\017\000\050\121\375\145\160\000\051\145\071\217\333}{chapter.1}% 35
\BOOKMARK [2][-]{subsection.1.4.1}{\376\377\123\077\124\015\121\375\145\160\000\050\116\137\123\353\000L\000a\000m\000b\000d\000a\210\150\217\276\137\017\000\051}{section.1.4}% 36
\BOOKMARK [2][-]{subsection.1.4.2}{\376\377\000f\000o\000r\166\204\123\330\227\151}{section.1.4}% 37
\BOOKMARK [2][-]{subsection.1.4.3}{\376\377\227\136\142\020\124\130\000\040\000b\000e\000g\000i\000n\000\050\000\051\000\040\124\214\000\040\000e\000n\000d\000\050\000\051}{section.1.4}% 38
\BOOKMARK [2][-]{subsection.1.4.4}{\376\377\227\131\140\001\145\255\212\000}{section.1.4}% 39
\BOOKMARK [1][-]{section.1.5}{\376\377\123\302\200\003}{chapter.1}% 40
\BOOKMARK [0][-]{chapter.2}{\376\377\000r\000e\000t\000u\000r\000n\000\040\213\355\123\345}{}% 41
\BOOKMARK [1][-]{section.2.1}{\376\377\117\040\120\074\217\324\126\336}{chapter.2}% 42
\BOOKMARK [1][-]{section.2.2}{\376\377\137\025\165\050\217\324\126\336}{chapter.2}% 43
\BOOKMARK [2][-]{section*.30}{\376\377\117\213\133\120}{section.2.2}% 44
\BOOKMARK [0][-]{chapter.3}{\376\377\000i\000n\000l\000i\000n\000e\000\040\121\163\225\056\133\127}{}% 45
\BOOKMARK [1][-]{section.3.1}{\376\377\117\177\165\050}{chapter.3}% 46
\BOOKMARK [2][-]{section*.31}{\376\377\127\050\121\375\145\160\133\232\116\111\116\055\121\375\145\160\217\324\126\336\174\173\127\213\122\115\122\240\116\012\121\163\225\056\133\127\000i\000n\000l\000i\000n\000e\000,\154\350\377\032\130\360\146\016\116\015\215\167\117\134\165\050}{section.3.1}% 47
\BOOKMARK [3][-]{section*.32}{\376\377\133\232\116\111\127\050\174\173\130\360\146\016\116\113\116\055\166\204\142\020\124\130\121\375\145\160\134\006\201\352\122\250\127\060\142\020\116\072\121\205\200\124\121\375\145\160}{section*.31}% 48
\BOOKMARK [1][-]{section.3.2}{\376\377\145\110\163\207}{chapter.3}% 49
\BOOKMARK [2][-]{subsection.3.2.1}{\376\377\133\236\163\260\147\072\122\066}{section.3.2}% 50
\BOOKMARK [2][-]{subsection.3.2.2}{\376\377\141\116\165\050\121\205\145\133}{section.3.2}% 51
\BOOKMARK [1][-]{section.3.3}{\376\377\121\205\200\124\142\200\135\347}{chapter.3}% 52
\BOOKMARK [2][-]{subsection.3.3.1}{\376\377\147\141\116\366\121\205\200\124}{section.3.3}% 53
\BOOKMARK [2][-]{subsection.3.3.2}{\376\377\220\011\142\351\140\047\121\205\200\124}{section.3.3}% 54
\BOOKMARK [1][-]{section.3.4}{\376\377\176\323\213\272}{chapter.3}% 55
\BOOKMARK [0][-]{chapter.4}{\376\377\221\315\217\175}{}% 56
\BOOKMARK [1][-]{section.4.1}{\376\377\121\375\145\160\221\315\217\175}{chapter.4}% 57
\BOOKMARK [1][-]{section.4.2}{\376\377\121\375\145\160\221\315\217\175\124\016\166\204\226\220\205\317\211\304\122\031}{chapter.4}% 58
\BOOKMARK [1][-]{section.4.3}{\376\377\217\320\173\227\173\046\221\315\217\175}{chapter.4}% 59
\BOOKMARK [2][-]{subsection.4.3.1}{\376\377\221\315\217\175\000\040\000=\000\040\217\320\173\227\173\046}{section.4.3}% 60
\BOOKMARK [2][-]{subsection.4.3.2}{\376\377\221\315\217\175\000\040\000'\000o\000u\000t\000p\000u\000t\000'\000\040\217\320\173\227\173\046}{section.4.3}% 61
\BOOKMARK [2][-]{subsection.4.3.3}{\376\377\221\315\217\175\000\040\000N\000e\000w\000\040\000D\000e\000l\000e\000t\000e\000\040\217\320\173\227\173\046}{section.4.3}% 62
\BOOKMARK [2][-]{subsection.4.3.4}{\376\377\221\315\217\175\000\040\000+\000+\000\040\217\320\173\227\173\046}{section.4.3}% 63
\BOOKMARK [1][-]{section.4.4}{\376\377\121\375\145\160\166\204\236\330\213\244\123\302\145\160}{chapter.4}% 64
\BOOKMARK [0][-]{chapter.5}{\376\377\000s\000t\000r\000u\000c\000t\000\040\000A\000n\000d\000\040\000u\000n\000i\000o\000n}{}% 65
\BOOKMARK [1][-]{section.5.1}{\376\377\000S\000t\000r\000u\000c\000t}{chapter.5}% 66
\BOOKMARK [2][-]{subsection.5.1.1}{\376\377\133\232\116\111}{section.5.1}% 67
\BOOKMARK [2][-]{subsection.5.1.2}{\376\377\121\375\145\160\117\177\165\050}{section.5.1}% 68
\BOOKMARK [3][-]{section*.33}{\376\377\117\040\120\074}{subsection.5.1.2}% 69
\BOOKMARK [3][-]{section*.36}{\376\377\122\035\131\313\123\026}{subsection.5.1.2}% 70
\BOOKMARK [1][-]{section.5.2}{\376\377\000U\000n\000i\000o\000n}{chapter.5}% 71
\BOOKMARK [2][-]{subsection.5.2.1}{\376\377\133\232\116\111}{section.5.2}% 72
\BOOKMARK [1][-]{section.5.3}{\376\377\133\127\202\202\133\371\237\120\000-\000S\000t\000r\000u\000c\000t\000A\000n\000d\000U\000n\000i\000o\000n}{chapter.5}% 73
\BOOKMARK [0][-]{chapter.6}{\376\377\000s\000t\000r\000i\000n\000g}{}% 74
\BOOKMARK [1][-]{section.6.1}{\376\377\145\271\154\325}{chapter.6}% 75
\BOOKMARK [2][-]{subsection.6.1.1}{\376\377\000s\000t\000r\000i\000n\000g\174\173\166\204\147\204\220\040\121\375\145\160}{section.6.1}% 76
\BOOKMARK [2][-]{subsection.6.1.2}{\376\377\000s\000t\000r\000i\000n\000g\174\173\166\204\133\127\173\046\144\315\117\134}{section.6.1}% 77
\BOOKMARK [1][-]{section.6.2}{\376\377\144\315\117\134\173\046}{chapter.6}% 78
\BOOKMARK [2][-]{subsection.6.2.1}{\376\377\000+\000=\000\040\144\315\117\134\173\046}{section.6.2}% 79
\BOOKMARK [2][-]{subsection.6.2.2}{\376\377\000+\000\040\144\315\117\134\173\046}{section.6.2}% 80
\BOOKMARK [2][-]{subsection.6.2.3}{\376\377\000=\000=\000\040\144\315\117\134\173\046}{section.6.2}% 81
\BOOKMARK [1][-]{section.6.3}{\376\377\133\275\133\127\173\046\000\040\000w\000c\000h\000a\000r\000\137\000t}{chapter.6}% 82
\BOOKMARK [0][-]{chapter.7}{\376\377\000c\000l\000a\000s\000s}{}% 83
\BOOKMARK [1][-]{section.7.1}{\376\377\000C\000+\000+\000\040\116\055\117\177\165\050\000S\000t\000r\000u\000c\000t\000\040\122\033\136\372\0001\116\052\174\173}{chapter.7}% 84
\BOOKMARK [1][-]{section.7.2}{\376\377\000C\000+\000+\000\040\116\055\117\177\165\050\000C\000l\000a\000s\000s\000\040\122\033\136\372\0001\116\052\174\173}{chapter.7}% 85
\BOOKMARK [1][-]{section.7.3}{\376\377\000c\000o\000n\000s\000t\000\040\127\213\142\020\124\130\121\375\145\160}{chapter.7}% 86
\BOOKMARK [1][-]{section.7.4}{\376\377\147\220\147\204\121\375\145\160\116\016\147\204\220\040\121\375\145\160}{chapter.7}% 87
\BOOKMARK [2][-]{subsection.7.4.1}{\376\377\157\134\211\304\122\031}{section.7.4}% 88
\BOOKMARK [2][-]{subsection.7.4.2}{\376\377\000I\000n\000i\000t\000i\000a\000l\000i\000z\000e\000r\000-\000L\000i\000s\000t\000\040\000C\000o\000n\000s\000t\000r\000u\000c\000t\000o\000r\000s}{section.7.4}% 89
\BOOKMARK [1][-]{section.7.5}{\376\377\120\074\213\355\116\111\116\016\133\371\214\141\213\355\116\111}{chapter.7}% 90
\BOOKMARK [2][-]{subsection.7.5.1}{\376\377\120\074\213\355\116\111}{section.7.5}% 91
\BOOKMARK [2][-]{subsection.7.5.2}{\376\377\133\371\214\141\213\355\116\111}{section.7.5}% 92
\BOOKMARK [1][-]{section.7.6}{\376\377\142\367\215\035\147\204\220\040\121\375\145\160}{chapter.7}% 93
\BOOKMARK [1][-]{section.7.7}{\376\377\122\035\131\313\123\026\122\027\210\150}{chapter.7}% 94
\BOOKMARK [1][-]{section.7.8}{\376\377\116\000\116\233\123\352\147\011}{chapter.7}% 95
\BOOKMARK [1][-]{section.7.9}{\376\377\000S\000T\000A\000T\000I\000C\000\040\117\356\231\160\213\315}{chapter.7}% 96
\BOOKMARK [2][-]{subsection.7.9.1}{\376\377\227\131\140\001\121\150\134\100\123\330\221\317}{section.7.9}% 97
\BOOKMARK [2][-]{subsection.7.9.2}{\376\377\227\131\140\001\134\100\220\350\123\330\221\317}{section.7.9}% 98
\BOOKMARK [2][-]{subsection.7.9.3}{\376\377\227\131\140\001\121\375\145\160}{section.7.9}% 99
\BOOKMARK [2][-]{subsection.7.9.4}{\376\377\227\131\140\001\145\160\143\156\142\020\124\130}{section.7.9}% 100
\BOOKMARK [2][-]{subsection.7.9.5}{\376\377\227\131\140\001\142\020\124\130\121\375\145\160}{section.7.9}% 101
\BOOKMARK [0][-]{chapter.8}{\376\377\000t\000h\000i\000s}{}% 102
\BOOKMARK [1][-]{section.8.1}{\376\377\151\202\137\365}{chapter.8}% 103
\BOOKMARK [1][-]{section.8.2}{\376\377\146\023\155\367\225\356\230\230}{chapter.8}% 104
\BOOKMARK [0][-]{chapter.9}{\376\377\176\347\142\177}{}% 105
\BOOKMARK [1][-]{section.9.1}{\376\377\157\134\211\304\122\031}{chapter.9}% 106
\BOOKMARK [1][-]{section.9.2}{\376\377\147\204\220\040\121\375\145\160\214\003\165\050\230\172\136\217}{chapter.9}% 107
\BOOKMARK [1][-]{section.9.3}{\376\377\176\347\142\177\145\271\137\017}{chapter.9}% 108
\BOOKMARK [2][-]{subsection.9.3.1}{\376\377\176\347\142\177\124\016\133\371\162\066\174\173\215\104\156\220\166\204\213\277\225\356\147\103\226\120}{section.9.3}% 109
\BOOKMARK [2][-]{subsection.9.3.2}{\376\377\176\347\142\177\176\246\147\137}{section.9.3}% 110
\BOOKMARK [3][-]{section*.39}{\376\377\171\201\153\142\176\347\142\177\000-\000f\000i\000n\000a\000l}{subsection.9.3.2}% 111
\BOOKMARK [2][-]{subsection.9.3.3}{\376\377\221\315\121\231\000\040\162\066\174\173\145\271\154\325}{section.9.3}% 112
\BOOKMARK [2][-]{subsection.9.3.4}{\376\377\122\007\162\107}{section.9.3}% 113
\BOOKMARK [2][-]{subsection.9.3.5}{\376\377\117\177\165\050\000\040\162\066\174\173\145\271\154\325}{section.9.3}% 114
\BOOKMARK [1][-]{section.9.4}{\376\377\145\057\143\001\131\032\176\347\142\177}{chapter.9}% 115
\BOOKMARK [1][-]{section.9.5}{\376\377\206\132\127\372\174\173}{chapter.9}% 116
\BOOKMARK [1][-]{section.9.6}{\376\377\000C\000+\000+\143\245\123\343\166\204\133\236\163\260\145\271\137\017}{chapter.9}% 117
\BOOKMARK [2][-]{subsection.9.6.1}{\376\377\176\257\206\132\121\375\145\160}{section.9.6}% 118
\BOOKMARK [2][-]{subsection.9.6.2}{\376\377\142\275\214\141\174\173}{section.9.6}% 119
\BOOKMARK [2][-]{subsection.9.6.3}{\376\377\000C\000+\000+\000\040\143\245\123\343\116\016\142\275\214\141\174\173\166\204\123\072\122\053}{section.9.6}% 120
\BOOKMARK [0][-]{chapter.10}{\376\377\000v\000i\000r\000t\000u\000a\000l\000\040\121\163\225\056\133\127}{}% 121
\BOOKMARK [1][-]{section.10.1}{\376\377\131\032\140\001}{chapter.10}% 122
\BOOKMARK [1][-]{section.10.2}{\376\377\206\132\121\375\145\160\210\150}{chapter.10}% 123
\BOOKMARK [2][-]{subsection.10.2.1}{\376\377\116\000\202\054\176\347\142\177\377\010\145\340\206\132\121\375\145\160\211\206\166\326\377\011}{section.10.2}% 124
\BOOKMARK [2][-]{subsection.10.2.2}{\376\377\116\000\202\054\176\347\142\177\377\010\147\011\206\132\121\375\145\160\211\206\166\326\377\011}{section.10.2}% 125
\BOOKMARK [0][-]{chapter.11}{\376\377\000C\000+\000+\000\040\121\205\133\130\176\323\147\204}{}% 126
\BOOKMARK [1][-]{section.11.1}{\376\377\217\333\172\013\176\323\147\204}{chapter.11}% 127
\BOOKMARK [2][-]{subsection.11.1.1}{\376\377\000S\000t\000a\000c\000k\000\040\150\010}{section.11.1}% 128
\BOOKMARK [2][-]{subsection.11.1.2}{\376\377\000H\000e\000a\000p\000\040\130\006}{section.11.1}% 129
\BOOKMARK [2][-]{subsection.11.1.3}{\376\377\000.\000b\000s\000s\000\040\147\052\122\035\131\313\123\026\121\150\134\100\116\016\227\131\140\001\123\330\221\317}{section.11.1}% 130
\BOOKMARK [2][-]{subsection.11.1.4}{\376\377\000.\000d\000a\000t\000a\000\040\122\035\131\313\123\026\166\204\121\150\134\100\116\016\227\131\140\001\123\330\221\317}{section.11.1}% 131
\BOOKMARK [2][-]{subsection.11.1.5}{\376\377\000.\000t\000e\000x\000t\000\040\116\343\170\001\123\072}{section.11.1}% 132
\BOOKMARK [1][-]{section.11.2}{\376\377\133\371\214\141\176\323\147\204}{chapter.11}% 133
\BOOKMARK [2][-]{subsection.11.2.1}{\376\377\123\125\116\000\133\371\214\141}{section.11.2}% 134
\BOOKMARK [2][-]{subsection.11.2.2}{\376\377\123\125\176\347\142\177}{section.11.2}% 135
\BOOKMARK [2][-]{subsection.11.2.3}{\376\377\123\125\116\000\133\371\214\141\000\050\000v\000i\000r\000t\000u\000a\000l\000\051}{section.11.2}% 136
\BOOKMARK [2][-]{subsection.11.2.4}{\376\377\123\125\176\347\142\177\000\050\000v\000i\000r\000t\000u\000a\000l\000\051}{section.11.2}% 137
\BOOKMARK [2][-]{subsection.11.2.5}{\376\377\131\032\176\347\142\177\000\050\000v\000i\000r\000t\000u\000a\000l\000\051}{section.11.2}% 138
\BOOKMARK [2][-]{subsection.11.2.6}{\376\377\206\132\176\347\142\177\000-\123\125\176\347\142\177\000\050\000v\000i\000r\000t\000u\000a\000l\000\051}{section.11.2}% 139
\BOOKMARK [2][-]{subsection.11.2.7}{\376\377\206\132\176\347\142\177\000-\131\032\176\347\142\177\000\050\000v\000i\000r\000t\000u\000a\000l\000\051}{section.11.2}% 140
\BOOKMARK [1][-]{section.11.3}{\376\377\000E\000L\000F}{chapter.11}% 141
\BOOKMARK [0][-]{chapter.12}{\376\377\000e\000x\000t\000e\000r\000n\000\040\121\163\225\056\133\127}{}% 142
\BOOKMARK [1][-]{section.12.1}{\376\377\127\372\147\054\211\343\221\312}{chapter.12}% 143
\BOOKMARK [1][-]{section.12.2}{\376\377\225\356\230\230}{chapter.12}% 144
\BOOKMARK [2][-]{section*.46}{\376\377\117\134\165\050\203\003\126\364\000-\123\357\211\301\140\047\166\204\121\163\225\056\133\127}{section.12.2}% 145
\BOOKMARK [3][-]{section*.48}{\376\377\217\336\143\245\165\063\146\016\000l\000i\000n\000k\000a\000g\000e\000\040\000d\000e\000c\000l\000a\000r\000a\000t\000i\000o\000n}{section*.46}% 146
\BOOKMARK [0][-]{chapter.13}{\376\377\000v\000o\000l\000a\000t\000i\000l\000e\000\040\121\163\225\056\133\127}{}% 147
\BOOKMARK [1][-]{section.13.1}{\376\377\124\053\116\111}{chapter.13}% 148
\BOOKMARK [0][-]{chapter.14}{\376\377\000e\000x\000p\000l\000i\000c\000i\000t\000\040\121\163\225\056\133\127}{}% 149
\BOOKMARK [1][-]{section.14.1}{\376\377\117\134\165\050}{chapter.14}% 150
\BOOKMARK [0][-]{chapter.15}{\376\377\000f\000r\000i\000e\000n\000d\000\040\121\163\225\056\133\127}{}% 151
\BOOKMARK [1][-]{section.15.1}{\376\377\166\356\166\204}{chapter.15}% 152
\BOOKMARK [1][-]{section.15.2}{\376\377\123\313\121\103\121\375\145\160}{chapter.15}% 153
\BOOKMARK [1][-]{section.15.3}{\376\377\123\313\121\103\174\173}{chapter.15}% 154
\BOOKMARK [0][-]{chapter.16}{\376\377\000m\000u\000t\000a\000b\000l\000e\000\040\121\163\225\056\133\127}{}% 155
\BOOKMARK [1][-]{section.16.1}{\376\377\166\356\166\204}{chapter.16}% 156
\BOOKMARK [1][-]{section.16.2}{\376\377\171\072\117\213}{chapter.16}% 157
\BOOKMARK [0][-]{chapter.17}{\376\377\174\173\127\213\217\154\143\142}{}% 158
\BOOKMARK [1][-]{section.17.1}{\376\377\000s\000t\000a\000t\000i\000c\000\137\000c\000a\000s\000t}{chapter.17}% 159
\BOOKMARK [1][-]{section.17.2}{\376\377\000c\000o\000n\000s\000t\000\137\000c\000a\000s\000t}{chapter.17}% 160
\BOOKMARK [1][-]{section.17.3}{\376\377\000d\000y\000n\000a\000m\000i\000c\000\137\000c\000a\000s\000t}{chapter.17}% 161
\BOOKMARK [1][-]{section.17.4}{\376\377\000r\000e\000i\000n\000t\000e\000r\000p\000r\000e\000t\000\137\000c\000a\000s\000t}{chapter.17}% 162
\BOOKMARK [0][-]{chapter.18}{\376\377\000s\000t\000a\000t\000i\000c\000\137\000a\000s\000s\000e\000r\000t\000\040\121\163\225\056\133\127}{}% 163
\BOOKMARK [1][-]{section.18.1}{\376\377\173\200\116\313}{chapter.18}% 164
\BOOKMARK [1][-]{section.18.2}{\376\377\213\364\146\016}{chapter.18}% 165
\BOOKMARK [1][-]{section.18.3}{\376\377\203\003\117\213}{chapter.18}% 166
\BOOKMARK [1][-]{section.18.4}{\376\377\123\302\200\003}{chapter.18}% 167
\BOOKMARK [0][-]{chapter.19}{\376\377\124\175\124\015\172\172\225\364}{}% 168
\BOOKMARK [1][-]{section.19.1}{\376\377\000n\000a\000m\000e\000s\000p\000a\000c\000e\000\040\122\053\124\015}{chapter.19}% 169
\BOOKMARK [1][-]{section.19.2}{\376\377\000n\000a\000m\000e\000s\000p\000a\000c\000e\000\040\142\151\121\105}{chapter.19}% 170
\BOOKMARK [0][-]{chapter.20}{\376\377\137\025\165\050}{}% 171
\BOOKMARK [1][-]{section.20.1}{\376\377\137\025\165\050\000\040\122\033\136\372\145\366\000\040\137\305\230\173\122\035\131\313\123\026}{chapter.20}% 172
\BOOKMARK [1][-]{section.20.2}{\376\377\137\025\165\050\116\015\200\375\221\315\133\232\116\111}{chapter.20}% 173
\BOOKMARK [1][-]{section.20.3}{\376\377\121\375\145\160\116\055\166\204\137\025\165\050}{chapter.20}% 174
\BOOKMARK [1][-]{section.20.4}{\376\377\137\025\165\050\000\040\123\363\120\074}{chapter.20}% 175
\BOOKMARK [0][-]{chapter.21}{\376\377\000e\000n\000u\000m\000\040\166\204\117\177\165\050}{}% 176
\BOOKMARK [1][-]{section.21.1}{\376\377\133\232\116\111}{chapter.21}% 177
\BOOKMARK [1][-]{section.21.2}{\376\377\117\177\165\050}{chapter.21}% 178
\BOOKMARK [2][-]{subsection.21.2.1}{\376\377\174\173\131\026\121\375\145\160}{section.21.2}% 179
\BOOKMARK [2][-]{subsection.21.2.2}{\376\377\174\173\116\055}{section.21.2}% 180
\BOOKMARK [1][-]{section.21.3}{\376\377\154\350\141\017\116\213\230\171}{chapter.21}% 181
\BOOKMARK [0][-]{chapter.22}{\376\377\152\041\162\110}{}% 182
\BOOKMARK [1][-]{section.22.1}{\376\377\121\375\145\160\152\041\162\110}{chapter.22}% 183
\BOOKMARK [1][-]{section.22.2}{\376\377\174\173\152\041\147\177}{chapter.22}% 184
\BOOKMARK [0][-]{chapter.23}{\376\377\137\002\136\070}{}% 185
\BOOKMARK [1][-]{section.23.1}{\376\377\173\200\116\313}{chapter.23}% 186
\BOOKMARK [2][-]{subsection.23.1.1}{\376\377\147\072\122\066}{section.23.1}% 187
\BOOKMARK [2][-]{subsection.23.1.2}{\376\377\176\306\202\202}{section.23.1}% 188
\BOOKMARK [0][-]{chapter.24}{\376\377\000C\000+\000+\000\040\133\371\214\141\152\041\127\213}{}% 189
\BOOKMARK [1][-]{section.24.1}{\376\377\000C\000+\000+\000\040\000O\000b\000j\000e\000c\000t\000\040\000M\000o\000d\000e\000l}{chapter.24}% 190
\BOOKMARK [2][-]{subsection.24.1.1}{\376\377\000v\000t\000b\000l}{section.24.1}% 191
\BOOKMARK [2][-]{subsection.24.1.2}{\376\377\000v\000p\000t\000r}{section.24.1}% 192
\BOOKMARK [0][-]{chapter.25}{\376\377\177\026\213\321}{}% 193
\BOOKMARK [1][-]{section.25.1}{\376\377\000W\000i\000n\000d\000o\000w\000s\000-\000V\000i\000s\000u\000a\000l\000S\000t\000u\000d\000i\000o}{chapter.25}% 194
\BOOKMARK [2][-]{subsection.25.1.1}{\376\377\221\115\177\156\121\150\134\100\000V\000C\000+\000+\166\356\137\125}{section.25.1}% 195
\BOOKMARK [2][-]{subsection.25.1.2}{\376\377\221\115\177\156\173\054\116\011\145\271\172\013\136\217\136\223\000-\116\345\000o\000p\000e\000n\000c\000v\000\040\171\072\117\213}{section.25.1}% 196
\BOOKMARK [3][-]{section*.65}{\376\377\116\013\217\175\221\115\177\156\142\100\227\000}{subsection.25.1.2}% 197
\BOOKMARK [3][-]{section*.68}{\376\377\133\211\210\305}{subsection.25.1.2}% 198
\BOOKMARK [3][-]{section*.71}{\376\377\221\115\177\156}{subsection.25.1.2}% 199
\BOOKMARK [3][-]{section*.74}{\376\377\177\026\172\013\155\113\213\325}{subsection.25.1.2}% 200
\BOOKMARK [2][-]{subsection.25.1.3}{\376\377\000d\000l\000l\000\040\116\016\000\040\000l\000i\000b\000\040\166\204\221\115\177\156}{section.25.1}% 201
\BOOKMARK [2][-]{subsection.25.1.4}{\376\377\136\070\211\301\225\031\213\357}{section.25.1}% 202
\BOOKMARK [3][-]{section*.77}{}{subsection.25.1.4}% 203
\BOOKMARK [1][-]{section.25.2}{\376\377\000L\000i\000n\000u\000x\000\040\000-\000\040\000M\000a\000k\000e\000f\000i\000l\000e}{chapter.25}% 204
\BOOKMARK [2][-]{subsection.25.2.1}{\376\377\000M\000a\000k\000e\000f\000i\000l\000e\000\040\211\304\122\031}{section.25.2}% 205
\BOOKMARK [3][-]{section*.79}{\376\377\171\072\117\213}{subsection.25.2.1}% 206
\BOOKMARK [2][-]{subsection.25.2.2}{\376\377\000m\000a\000k\000e\000\040\142\147\210\114\155\101\172\013}{section.25.2}% 207
\BOOKMARK [2][-]{subsection.25.2.3}{\376\377\000m\000a\000k\000e\000f\000i\000l\000e\000\040\116\055\117\177\165\050\123\330\221\317}{section.25.2}% 208
\BOOKMARK [2][-]{subsection.25.2.4}{\376\377\000m\000a\000k\000e\000\040\166\204\201\352\122\250\143\250\120\022}{section.25.2}% 209
\BOOKMARK [2][-]{subsection.25.2.5}{\376\377\155\373\122\240\117\235\215\126\136\223}{section.25.2}% 210
\BOOKMARK [2][-]{subsection.25.2.6}{\376\377\116\343\170\001\154\304\157\017\150\300\155\113}{section.25.2}% 211
\BOOKMARK [2][-]{subsection.25.2.7}{\376\377\123\302\200\003\145\207\163\056}{section.25.2}% 212
\BOOKMARK [0][-]{chapter.26}{\376\377\214\003\213\325}{}% 213
\BOOKMARK [1][-]{section.26.1}{\376\377\000L\000i\000n\000u\000x\000\040\000-\000\040\214\003\213\325\000\040\000G\000D\000B}{chapter.26}% 214
\BOOKMARK [2][-]{subsection.26.1.1}{\376\377\117\177\165\050\000\040\000G\000D\000B}{section.26.1}% 215
\BOOKMARK [3][-]{section*.81}{\376\377\000-\000g\000\040\177\026\213\321\230\171\166\356}{subsection.26.1.1}% 216
\BOOKMARK [4][-]{section*.82}{\376\377\124\057\122\250\000\040\000G\000D\000B}{section*.81}% 217
\BOOKMARK [4][-]{section*.83}{\376\377\000G\000D\000B\000\040\136\070\165\050\000\040\124\175\116\344}{section*.81}% 218
\BOOKMARK [2][-]{subsection.26.1.2}{\376\377\123\302\200\003}{section.26.1}% 219
\BOOKMARK [0][-]{chapter.27}{\376\377\135\345\172\013\000-\176\306\202\202}{}% 220
\BOOKMARK [1][-]{section.27.1}{\376\377\213\355\212\000\117\177\165\050\127\372\147\054\225\356\230\230}{chapter.27}% 221
\BOOKMARK [2][-]{subsection.27.1.1}{\376\377\154\350\221\312\150\074\137\017}{section.27.1}% 222
\BOOKMARK [3][-]{section*.86}{\376\377\121\375\145\160\154\350\221\312}{subsection.27.1.1}% 223
\BOOKMARK [3][-]{section*.87}{\376\377\116\343\170\001\154\350\221\312}{subsection.27.1.1}% 224
\BOOKMARK [2][-]{subsection.27.1.2}{\376\377\230\204\177\026\213\321}{section.27.1}% 225
\BOOKMARK [2][-]{subsection.27.1.3}{\376\377\123\330\221\317\225\356\230\230}{section.27.1}% 226
\BOOKMARK [3][-]{section*.88}{\376\377\123\330\221\317\000\050\123\005\142\354\142\020\124\130\000\051\124\175\124\015}{subsection.27.1.3}% 227
\BOOKMARK [3][-]{section*.89}{\376\377\117\177\165\050}{subsection.27.1.3}% 228
\BOOKMARK [2][-]{subsection.27.1.4}{\376\377\217\320\173\227\173\046\117\177\165\050\225\356\230\230}{section.27.1}% 229
\BOOKMARK [2][-]{subsection.27.1.5}{\376\377\121\375\145\160\225\356\230\230}{section.27.1}% 230
\BOOKMARK [2][-]{subsection.27.1.6}{\376\377\147\141\116\366\213\355\123\345\225\356\230\230}{section.27.1}% 231
\BOOKMARK [2][-]{subsection.27.1.7}{\376\377\137\252\163\257\213\355\123\345\225\356\230\230}{section.27.1}% 232
\BOOKMARK [2][-]{subsection.27.1.8}{\376\377\145\160\120\074\174\173\127\213\217\154\143\142\225\356\230\230}{section.27.1}% 233
\BOOKMARK [1][-]{section.27.2}{\376\377\121\205\133\130\173\241\164\006}{chapter.27}% 234
\BOOKMARK [2][-]{subsection.27.2.1}{\376\377\121\205\133\130\122\006\221\115\116\016\117\177\165\050}{section.27.2}% 235
\BOOKMARK [2][-]{subsection.27.2.2}{\376\377\121\205\133\130\154\304\157\017}{section.27.2}% 236
\BOOKMARK [1][-]{section.27.3}{\376\377\177\023\121\262\123\072\156\242\121\372}{chapter.27}% 237
\BOOKMARK [2][-]{subsection.27.3.1}{\376\377\145\160\176\304\215\212\165\114}{section.27.3}% 238
\BOOKMARK [2][-]{subsection.27.3.2}{\376\377\145\160\143\156\215\212\165\114}{section.27.3}% 239
\BOOKMARK [2][-]{subsection.27.3.3}{\376\377\133\127\173\046\116\062\144\315\117\134\156\242\121\372}{section.27.3}% 240
\BOOKMARK [1][-]{section.27.4}{\376\377\143\007\224\210\225\356\230\230}{chapter.27}% 241
\BOOKMARK [2][-]{subsection.27.4.1}{\376\377\133\232\116\111\225\356\230\230}{section.27.4}% 242
\BOOKMARK [2][-]{subsection.27.4.2}{\376\377\172\172\143\007\224\210\211\343\137\025\165\050}{section.27.4}% 243
\BOOKMARK [2][-]{subsection.27.4.3}{\376\377\143\007\224\210\227\136\154\325\117\177\165\050}{section.27.4}% 244
\BOOKMARK [2][-]{subsection.27.4.4}{\376\377\145\160\176\304\123\302\145\160}{section.27.4}% 245
\BOOKMARK [1][-]{section.27.5}{\376\377\133\211\121\150\177\072\226\167}{chapter.27}% 246
\BOOKMARK [2][-]{subsection.27.5.1}{\376\377\131\026\220\350\217\223\121\145\133\211\121\150\177\072\226\167}{section.27.5}% 247
\BOOKMARK [2][-]{subsection.27.5.2}{\376\377\215\104\156\220\154\304\157\017}{section.27.5}% 248
\BOOKMARK [2][-]{subsection.27.5.3}{\376\377\121\166\116\326}{section.27.5}% 249
\BOOKMARK [1][-]{section.27.6}{\376\377\174\173}{chapter.27}% 250
\BOOKMARK [2][-]{subsection.27.6.1}{\376\377\174\173\124\175\124\015\225\356\230\230}{section.27.6}% 251
\BOOKMARK [2][-]{subsection.27.6.2}{\376\377\213\277\225\356\147\103\226\120}{section.27.6}% 252
\BOOKMARK [2][-]{subsection.27.6.3}{\376\377\123\072\122\006\133\371\214\141\142\100\127\050\131\004}{section.27.6}% 253
\BOOKMARK [3][-]{section*.90}{\376\377\000O\000b\000j\000e\000c\000t\000\040\000o\000n\000\040\000t\000h\000e\000\040\000S\000t\000a\000c\000k}{subsection.27.6.3}% 254
\BOOKMARK [3][-]{section*.91}{\376\377\000O\000b\000j\000e\000c\000t\000\040\000o\000n\000\040\000t\000h\000e\000\040\000H\000e\000a\000p}{subsection.27.6.3}% 255
\BOOKMARK [1][-]{section.27.7}{\376\377\121\166\116\326}{chapter.27}% 256
\BOOKMARK [2][-]{subsection.27.7.1}{\376\377\230\204\131\004\164\006}{section.27.7}% 257
\BOOKMARK [2][-]{subsection.27.7.2}{\376\377\137\002\136\070}{section.27.7}% 258
\BOOKMARK [2][-]{subsection.27.7.3}{\376\377\131\032\176\277\172\013\124\214\124\014\153\145\140\047}{section.27.7}% 259
\BOOKMARK [2][-]{subsection.27.7.4}{\376\377\116\343\170\001\116\015\123\357\217\276}{section.27.7}% 260
\BOOKMARK [2][-]{subsection.27.7.5}{\376\377\121\163\116\216\000V\000S\0002\0000\0001\0003\116\055\166\204\166\370\133\371\215\357\137\204\225\356\230\230}{section.27.7}% 261
\BOOKMARK [2][-]{subsection.27.7.6}{\376\377\177\026\213\321}{section.27.7}% 262
