\BOOKMARK [0][-]{chapter.1}{\376\377\137\000\156\220\000-\000m\000u\000d\000u\000o\000-\0001\000.\0001\000.\0002}{}% 1
\BOOKMARK [1][-]{section.1.1}{\376\377\147\266\147\204\126\376}{chapter.1}% 2
\BOOKMARK [1][-]{section.1.2}{\376\377\123\302\200\003}{chapter.1}% 3
\BOOKMARK [1][-]{section.1.3}{\376\377\127\372\170\100\174\173\213\276\213\241}{chapter.1}% 4
\BOOKMARK [2][-]{subsection.1.3.1}{\376\377\000T\000h\000r\000e\000a\000d}{section.1.3}% 5
\BOOKMARK [2][-]{subsection.1.3.2}{\376\377\000M\000u\000t\000e\000x\000L\000o\000c\000k}{section.1.3}% 6
\BOOKMARK [2][-]{subsection.1.3.3}{\376\377\000C\000o\000n\000d\000i\000t\000i\000o\000n}{section.1.3}% 7
\BOOKMARK [2][-]{subsection.1.3.4}{\376\377\000C\000o\000u\000n\000t\000D\000o\000w\000n\000L\000a\000t\000c\000h}{section.1.3}% 8
\BOOKMARK [2][-]{subsection.1.3.5}{\376\377\000B\000l\000o\000c\000k\000i\000n\000g\000Q\000u\000e\000u\000e\000\040\116\016\000\040\000B\000o\000u\000n\000d\000e\000d\000B\000l\000o\000c\000k\000i\000n\000g\000Q\000u\000e\000u\000e}{section.1.3}% 9
\BOOKMARK [2][-]{subsection.1.3.6}{\376\377\000T\000h\000r\000e\000a\000d\000P\000o\000o\000l}{section.1.3}% 10
\BOOKMARK [2][-]{subsection.1.3.7}{\376\377\000S\000i\000n\000g\000l\000e\000t\000o\000n}{section.1.3}% 11
\BOOKMARK [2][-]{subsection.1.3.8}{\376\377\176\277\172\013\162\171\133\232\145\160\143\156}{section.1.3}% 12
\BOOKMARK [2][-]{subsection.1.3.9}{\376\377\145\345\137\327}{section.1.3}% 13
\BOOKMARK [1][-]{section.1.4}{\376\377\177\121\176\334\174\173\213\276\213\241}{chapter.1}% 14
\BOOKMARK [0][-]{chapter.2}{\376\377\173\200\123\125\000h\000t\000t\000p\147\015\122\241\126\150}{}% 15
\BOOKMARK [1][-]{section.2.1}{\376\377\147\266\147\204\126\376}{chapter.2}% 16
\BOOKMARK [1][-]{section.2.2}{\376\377\000h\000t\000t\000p\000\040\123\117\213\256}{chapter.2}% 17
\BOOKMARK [2][-]{subsection.2.2.1}{\376\377\213\367\154\102\147\015\122\241\126\150\145\160\143\156}{section.2.2}% 18
\BOOKMARK [2][-]{subsection.2.2.2}{\376\377\147\015\122\241\126\150\136\224\173\124\155\117\211\310\126\150}{section.2.2}% 19
\BOOKMARK [1][-]{section.2.3}{\376\377\000H\000T\000M\000L}{chapter.2}% 20
\BOOKMARK [1][-]{section.2.4}{\376\377\000x\000i\000n\000e\000t\000d}{chapter.2}% 21
\BOOKMARK [2][-]{subsection.2.4.1}{\376\377\133\210\142\244\217\333\172\013}{section.2.4}% 22
\BOOKMARK [2][-]{subsection.2.4.2}{\376\377\221\115\177\156\000x\000i\000n\000e\000t\000d}{section.2.4}% 23
\BOOKMARK [0][-]{chapter.3}{\376\377\137\000\156\220\000-\000l\000i\000b\000e\000v\000e\000n\000t\000-\0001\000.\0004}{}% 24
\BOOKMARK [1][-]{section.3.1}{\376\377\123\302\200\003}{chapter.3}% 25
\BOOKMARK [0][-]{chapter.4}{\376\377\137\000\156\220\000-\000l\000i\000g\000h\000t\000h\000t\000t\000p\000d\000-\0001\000.\0004\000.\0001\0005}{}% 26
\BOOKMARK [1][-]{section.4.1}{\376\377\147\266\147\204\126\376}{chapter.4}% 27
\BOOKMARK [0][-]{chapter.5}{\376\377\137\000\156\220\000-\000n\000g\000i\000n\000x\000-\0000\000.\0005\000.\0003\0008}{}% 28
\BOOKMARK [1][-]{section.5.1}{\376\377\147\266\147\204}{chapter.5}% 29
\BOOKMARK [1][-]{section.5.2}{\376\377\123\302\200\003}{chapter.5}% 30
\BOOKMARK [0][-]{chapter.6}{\376\377\156\070\142\017\147\015\122\241\126\150\000\040\000-\000\040\142\064\154\111\154\064}{}% 31
\BOOKMARK [1][-]{section.6.1}{\376\377\176\317\232\214\133\146\116\140}{chapter.6}% 32
\BOOKMARK [2][-]{subsection.6.1.1}{\376\377\000\043\000i\000f\000d\000e\000f\000\040\000.\000.\000\040\177\026\213\321\220\011\142\351}{section.6.1}% 33
\BOOKMARK [2][-]{subsection.6.1.2}{\376\377\000s\000t\000r\000i\000n\000g\000\040\124\214\000\040\000w\000s\000t\000r\000i\000n\000g\000\040\166\370\116\222\217\154\143\142}{section.6.1}% 34
\BOOKMARK [2][-]{subsection.6.1.3}{\376\377\000G\000B\000K\000\040\124\214\000\040\000U\000T\000F\0008\000\040\166\204\166\370\116\222\123\330\143\142}{section.6.1}% 35
\BOOKMARK [2][-]{subsection.6.1.4}{\376\377\000b\000o\000o\000s\000t\000\040\146\172\200\375\143\007\224\210}{section.6.1}% 36
\BOOKMARK [2][-]{subsection.6.1.5}{\376\377\156\070\142\017\147\015\122\241\126\150\171\315\174\173}{section.6.1}% 37
\BOOKMARK [2][-]{subsection.6.1.6}{\376\377\000e\000n\000u\000m\000\040\147\232\116\076\166\204\117\177\165\050}{section.6.1}% 38
\BOOKMARK [2][-]{subsection.6.1.7}{\376\377\143\011\152\041\127\127\177\026\170\001\377\014\200\014\116\015\146\057\131\064\145\207\116\366\116\016\000c\000p\000p\000\040\145\207\116\366}{section.6.1}% 39
\BOOKMARK [1][-]{section.6.2}{\376\377\225\031\213\357\213\260\137\125}{chapter.6}% 40
\BOOKMARK [2][-]{subsection.6.2.1}{\376\377\225\031\213\357\000\040\0002\0000\0004\000\040\000e\000r\000r\000o\000r\000\040\000L\000N\000K\0002\0000\0000\0001\000:\000\040\145\340\154\325\211\343\147\220\166\204\131\026\220\350\173\046\123\367}{section.6.2}% 41
\BOOKMARK [0][-]{chapter.7}{\376\377\156\070\142\017\147\015\122\241\126\150\0002\000\040\000-\000\040\142\064\154\111\154\064}{}% 42
\BOOKMARK [1][-]{section.7.1}{\376\377\176\317\232\214}{chapter.7}% 43
\BOOKMARK [2][-]{subsection.7.1.1}{\376\377\213\276\177\156\201\352\135\361\166\204\000\040\211\343\121\263\145\271\150\110\166\356\137\125\176\323\147\204}{section.7.1}% 44
\BOOKMARK [2][-]{subsection.7.1.2}{\376\377\133\146\117\032\172\013\136\217\000\040\215\337\216\052\377\014\116\016\000D\000e\000b\000u\000g}{section.7.1}% 45
\BOOKMARK [1][-]{section.7.2}{\376\377\225\031\213\357\213\260\137\125}{chapter.7}% 46
\BOOKMARK [2][-]{subsection.7.2.1}{\376\377\000E\000r\000r\000o\000r\000\040\000M\000S\000B\0003\0000\0007\0003\000\040\116\343\170\001\0009\0000\0000\0009}{section.7.2}% 47
\BOOKMARK [2][-]{subsection.7.2.2}{\376\377\000E\000r\000r\000o\000r\000\040\000f\000a\000t\000a\000l\000\040\000e\000r\000r\000o\000r\000\040\000L\000N\000K\0001\0001\0000\0004\000:\000\040\000c\000a\000n\000n\000o\000t\000\040\000o\000p\000e\000n\000\040\000f\000i\000l\000e\000\040\000'\000a\000t\000l\000s\000d\000.\000l\000i\000b\000'}{section.7.2}% 48
\BOOKMARK [2][-]{subsection.7.2.3}{\376\377\000P\000r\000o\000j\000e\000c\000t\000\040\000:\000\040\000e\000r\000r\000o\000r\000\040\000P\000R\000J\0000\0000\0001\0009\000:\000\040\135\345\121\167\116\316\000"\153\143\127\050\142\147\210\114\230\204\165\037\142\020\116\213\116\366\000.\000.\000.\000"}{section.7.2}% 49
\BOOKMARK [2][-]{subsection.7.2.4}{\376\377\000s\000u\000b\000w\000c\000r\000e\000v\000\040\116\015\146\057\121\205\220\350\142\026\131\026\220\350\124\175\116\344\377\014\116\137\116\015\146\057\123\357\217\320\210\114\166\204\172\013\136\217}{section.7.2}% 50
\BOOKMARK [2][-]{subsection.7.2.5}{\376\377\000r\000e\000s\000o\000u\000r\000c\000e\000\040\145\207\116\366\166\356\137\125\131\202\147\234\142\123\116\015\137\000}{section.7.2}% 51
\BOOKMARK [0][-]{chapter.8}{\376\377\156\070\142\017\211\343\121\263\145\271\150\110\166\204\144\055\136\372}{}% 52
\BOOKMARK [1][-]{section.8.1}{\376\377\000D\000L\000L\122\250\140\001\136\223}{chapter.8}% 53
\BOOKMARK [1][-]{section.8.2}{\376\377\214\003\165\050\000D\000L\000L}{chapter.8}% 54
\BOOKMARK [1][-]{section.8.3}{\376\377\214\003\165\050\000D\000L\000L\116\055\166\204\131\064\145\207\116\366\377\014\117\106\121\166\133\236\116\015\146\057}{chapter.8}% 55
\BOOKMARK [0][-]{chapter.9}{\376\377\000O\000t\000h\000e\000r\000s}{}% 56
\BOOKMARK [1][-]{section.9.1}{\376\377\176\277\172\013\154\140}{chapter.9}% 57
\BOOKMARK [2][-]{subsection.9.1.1}{\376\377\150\070\137\303\140\035\140\363}{section.9.1}% 58
\BOOKMARK [2][-]{subsection.9.1.2}{\376\377\176\304\142\020\220\350\122\006}{section.9.1}% 59
\BOOKMARK [2][-]{subsection.9.1.3}{\376\377\133\236\163\260}{section.9.1}% 60
