\BOOKMARK [0][-]{chapter.1}{\376\377\133\271\126\150\000-\000C\000o\000n\000t\000a\000i\000n\000e\000r}{}% 1
\BOOKMARK [1][-]{section.1.1}{\376\377\133\271\126\150\136\225\134\102\145\160\143\156\176\323\147\204\133\236\163\260}{chapter.1}% 2
\BOOKMARK [2][-]{subsection.1.1.1}{\376\377\140\073\176\323}{section.1.1}% 3
\BOOKMARK [2][-]{subsection.1.1.2}{\376\377\213\276\213\241\166\204\145\160\143\156\176\323\147\204\174\276\211\201}{section.1.1}% 4
\BOOKMARK [1][-]{section.1.2}{\376\377\000T\000r\000e\000e}{chapter.1}% 5
\BOOKMARK [2][-]{subsection.1.2.1}{\376\377\116\214\123\311\150\021\122\115\136\217\060\001\116\055\136\217\060\001\124\016\136\217\220\115\123\206\166\370\116\222\154\102\154\325}{section.1.2}% 6
\BOOKMARK [2][-]{subsection.1.2.2}{\376\377\136\163\210\141\116\214\123\311\150\021}{section.1.2}% 7
\BOOKMARK [2][-]{subsection.1.2.3}{\376\377\000T\000r\000i\000e\000\040\133\127\121\170\150\021}{section.1.2}% 8
\BOOKMARK [1][-]{section.1.3}{\376\377\000p\000r\000i\000o\000r\000i\000t\000y\000\137\000q\000u\000e\000u\000e\000<\000i\000n\000t\000,\000\040\000v\000e\000c\000t\000o\000r\000<\000i\000n\000t\000>\000,\000\040\000g\000r\000e\000a\000t\000e\000r\000<\000i\000n\000t\000>\000\040\000>}{chapter.1}% 9
\BOOKMARK [2][-]{subsection.1.3.1}{\376\377\162\171\160\271}{section.1.3}% 10
\BOOKMARK [2][-]{subsection.1.3.2}{\376\377\165\050\220\024}{section.1.3}% 11
\BOOKMARK [1][-]{section.1.4}{\376\377\000V\000e\000c\000t\000o\000r}{chapter.1}% 12
\BOOKMARK [2][-]{subsection.1.4.1}{\376\377\121\163\116\216\121\205\133\130\154\304\227\062\166\204\150\300\232\214}{section.1.4}% 13
\BOOKMARK [2][-]{subsection.1.4.2}{\376\377\176\306\202\202}{section.1.4}% 14
\BOOKMARK [1][-]{section.1.5}{\376\377\000L\000i\000s\000t}{chapter.1}% 15
\BOOKMARK [2][-]{subsection.1.5.1}{\376\377\162\171\160\271}{section.1.5}% 16
\BOOKMARK [2][-]{subsection.1.5.2}{\376\377\165\050\220\024}{section.1.5}% 17
\BOOKMARK [1][-]{section.1.6}{\376\377\000S\000e\000t\000\040}{chapter.1}% 18
\BOOKMARK [2][-]{subsection.1.6.1}{\376\377\143\222\136\217}{section.1.6}% 19
\BOOKMARK [2][-]{subsection.1.6.2}{\376\377\162\171\160\271}{section.1.6}% 20
\BOOKMARK [2][-]{subsection.1.6.3}{\376\377\165\050\220\024}{section.1.6}% 21
\BOOKMARK [1][-]{section.1.7}{\376\377\000M\000a\000p}{chapter.1}% 22
\BOOKMARK [2][-]{subsection.1.7.1}{\376\377\162\171\160\271}{section.1.7}% 23
\BOOKMARK [2][-]{subsection.1.7.2}{\376\377\117\177\165\050}{section.1.7}% 24
\BOOKMARK [1][-]{section.1.8}{\376\377\000H\000a\000s\000h\136\217\122\027\040\023\000>\000\040\000u\000n\000o\000r\000d\000e\000r\000e\000d\000\137\000m\000a\000p\000\040\000o\000r\000\040\000s\000e\000t}{chapter.1}% 25
\BOOKMARK [2][-]{subsection.1.8.1}{\376\377\162\171\160\271}{section.1.8}% 26
\BOOKMARK [2][-]{subsection.1.8.2}{\376\377\000H\000a\000s\000h\000\040\000t\000a\000b\000l\000e\000s}{section.1.8}% 27
\BOOKMARK [2][-]{subsection.1.8.3}{\376\377\133\236\163\260}{section.1.8}% 28
\BOOKMARK [2][-]{subsection.1.8.4}{\376\377\165\050\154\325}{section.1.8}% 29
\BOOKMARK [0][-]{chapter.2}{\376\377\217\355\116\343\126\150\000-\000I\000t\000e\000r\000a\000t\000o\000r}{}% 30
\BOOKMARK [1][-]{section.2.1}{\376\377\130\360\146\016}{chapter.2}% 31
\BOOKMARK [1][-]{section.2.2}{\376\377\174\173\122\053}{chapter.2}% 32
\BOOKMARK [1][-]{section.2.3}{\376\377\122\040\226\144}{chapter.2}% 33
\BOOKMARK [1][-]{section.2.4}{\376\377\000I\000t\000e\000r\000a\000t\000o\000r\000\040\131\061\145\110\151\202\211\201}{chapter.2}% 34
\BOOKMARK [1][-]{section.2.5}{\376\377\000I\000n\000s\000e\000r\000t\000i\000o\000n\000\040\131\061\145\110\140\073\176\323}{chapter.2}% 35
\BOOKMARK [2][-]{subsection.2.5.1}{\376\377\000S\000e\000q\000u\000e\000n\000c\000e\000\040\000c\000o\000n\000t\000a\000i\000n\000e\000r\000s}{section.2.5}% 36
\BOOKMARK [2][-]{subsection.2.5.2}{\376\377\000A\000s\000s\000o\000c\000i\000a\000t\000i\000v\000e\000\040\000c\000o\000n\000t\000a\000i\000n\000e\000r\000s}{section.2.5}% 37
\BOOKMARK [2][-]{subsection.2.5.3}{\376\377\000U\000n\000s\000o\000r\000t\000e\000d\000\040\000a\000s\000s\000o\000c\000i\000a\000t\000i\000v\000e\000\040\000c\000o\000n\000t\000a\000i\000n\000e\000r\000s}{section.2.5}% 38
\BOOKMARK [2][-]{subsection.2.5.4}{\376\377\000C\000o\000n\000t\000a\000i\000n\000e\000r\000\040\000a\000d\000a\000p\000t\000o\000r\000s}{section.2.5}% 39
\BOOKMARK [1][-]{section.2.6}{\376\377\000E\000r\000a\000s\000e\000r\000\040\131\061\145\110\140\073\176\323}{chapter.2}% 40
\BOOKMARK [2][-]{subsection.2.6.1}{\376\377\000S\000e\000q\000u\000e\000n\000c\000e\000\040\000c\000o\000n\000t\000a\000i\000n\000e\000r\000s}{section.2.6}% 41
\BOOKMARK [2][-]{subsection.2.6.2}{\376\377\000A\000s\000s\000o\000c\000i\000a\000t\000i\000v\000e\000\040\000c\000o\000n\000t\000a\000i\000n\000e\000r\000s}{section.2.6}% 42
\BOOKMARK [2][-]{subsection.2.6.3}{\376\377\000U\000n\000s\000o\000r\000t\000e\000d\000\040\000a\000s\000s\000o\000c\000i\000a\000t\000i\000v\000e\000\040\000c\000o\000n\000t\000a\000i\000n\000e\000r\000s}{section.2.6}% 43
\BOOKMARK [2][-]{subsection.2.6.4}{\376\377\000C\000o\000n\000t\000a\000i\000n\000e\000r\000\040\000a\000d\000a\000p\000t\000o\000r\000s}{section.2.6}% 44
\BOOKMARK [1][-]{section.2.7}{\376\377\000R\000e\000s\000i\000z\000i\000n\000g\000\040\131\061\145\110\140\073\176\323}{chapter.2}% 45
\BOOKMARK [2][-]{subsection.2.7.1}{\376\377\000S\000e\000q\000u\000e\000n\000c\000e\000\040\000c\000o\000n\000t\000a\000i\000n\000e\000r\000s}{section.2.7}% 46
\BOOKMARK [2][-]{subsection.2.7.2}{\376\377\000A\000s\000s\000o\000c\000i\000a\000t\000i\000v\000e\000\040\000c\000o\000n\000t\000a\000i\000n\000e\000r\000s}{section.2.7}% 47
\BOOKMARK [2][-]{subsection.2.7.3}{\376\377\000U\000n\000s\000o\000r\000t\000e\000d\000\040\000a\000s\000s\000o\000c\000i\000a\000t\000i\000v\000e\000\040\000c\000o\000n\000t\000a\000i\000n\000e\000r\000s}{section.2.7}% 48
\BOOKMARK [2][-]{subsection.2.7.4}{\376\377\000C\000o\000n\000t\000a\000i\000n\000e\000r\000\040\000a\000d\000a\000p\000t\000o\000r\000s}{section.2.7}% 49
\BOOKMARK [1][-]{section.2.8}{\376\377\000N\000o\000t\000e}{chapter.2}% 50
\BOOKMARK [1][-]{section.2.9}{\376\377\143\322\121\145\217\355\116\343\126\150}{chapter.2}% 51
\BOOKMARK [1][-]{section.2.10}{\376\377\217\223\121\145\217\223\121\372\217\355\116\343\126\150}{chapter.2}% 52
\BOOKMARK [1][-]{section.2.11}{\376\377\123\302\200\003}{chapter.2}% 53
\BOOKMARK [0][-]{chapter.3}{\376\377\116\377\121\375\145\160\000-\000F\000u\000n\000c\000t\000i\000o\000n}{}% 54
\BOOKMARK [1][-]{section.3.1}{\376\377\000s\000t\000d\000:\000:\000f\000u\000n\000c\000t\000i\000o\000n}{chapter.3}% 55
\BOOKMARK [1][-]{section.3.2}{\376\377\000s\000t\000d\000:\000:\000b\000i\000n\000d}{chapter.3}% 56
\BOOKMARK [0][-]{chapter.4}{\376\377\173\227\154\325\000-\000A\000l\000g\000o\000r\000i\000t\000h\000m}{}% 57
\BOOKMARK [1][-]{section.4.1}{\376\377\147\345\142\176\173\227\154\325}{chapter.4}% 58
\BOOKMARK [1][-]{section.4.2}{\376\377\143\222\136\217\124\214\220\032\165\050\173\227\154\325}{chapter.4}% 59
\BOOKMARK [1][-]{section.4.3}{\376\377\122\040\226\144\124\214\146\377\143\142\173\227\154\325}{chapter.4}% 60
\BOOKMARK [1][-]{section.4.4}{\376\377\143\222\122\027\176\304\124\010\173\227\154\325}{chapter.4}% 61
\BOOKMARK [1][-]{section.4.5}{\376\377\165\037\142\020\124\214\137\002\123\330\173\227\154\325}{chapter.4}% 62
\BOOKMARK [1][-]{section.4.6}{\376\377\121\163\174\373\173\227\154\325}{chapter.4}% 63
\BOOKMARK [1][-]{section.4.7}{\376\377\226\306\124\010\173\227\154\325}{chapter.4}% 64
\BOOKMARK [1][-]{section.4.8}{\376\377\130\006\173\227\154\325}{chapter.4}% 65
\BOOKMARK [1][-]{section.4.9}{\376\377\173\227\147\057\173\227\154\325}{chapter.4}% 66
\BOOKMARK [0][-]{chapter.5}{\376\377\123\302\200\003}{}% 67
