\BOOKMARK [-1][-]{part.1}{\376\377\173\054\220\350\122\006\000\040\127\372\170\100\167\345\213\306}{}% 1
\BOOKMARK [0][-]{chapter.1}{\376\377\123\302\200\003\145\207\163\056}{part.1}% 2
\BOOKMARK [1][-]{section.1.1}{\376\377\211\306\230\221}{chapter.1}% 3
\BOOKMARK [1][-]{section.1.2}{\376\377\116\146\174\115}{chapter.1}% 4
\BOOKMARK [0][-]{chapter.2}{\376\377\200\314\146\157\167\345\213\306}{part.1}% 5
\BOOKMARK [1][-]{section.2.1}{\376\377\176\352\213\272}{chapter.2}% 6
\BOOKMARK [2][-]{subsection.2.1.1}{\376\377\136\224\165\050\116\016\141\017\116\111}{section.2.1}% 7
\BOOKMARK [2][-]{subsection.2.1.2}{\376\377\170\024\172\166\121\205\133\271}{section.2.1}% 8
\BOOKMARK [1][-]{section.2.2}{\376\377\155\211\123\312\151\202\137\365}{chapter.2}% 9
\BOOKMARK [1][-]{section.2.3}{\376\377\123\206\123\362}{chapter.2}% 10
\BOOKMARK [1][-]{section.2.4}{\376\377\147\102\137\327\116\016\117\032\213\256}{chapter.2}% 11
\BOOKMARK [0][-]{chapter.3}{\376\377\167\037\133\236\141\037\176\330\122\066\123\312\221\315\211\201\151\202\137\365}{part.1}% 12
\BOOKMARK [1][-]{section.3.1}{\376\377\121\167\117\123\150\110\117\213}{chapter.3}% 13
\BOOKMARK [1][-]{section.3.2}{\376\377\202\162\137\151\211\306\211\311}{chapter.3}% 14
\BOOKMARK [1][-]{section.3.3}{\376\377\126\376\137\142\124\214\120\317\175\040}{chapter.3}% 15
\BOOKMARK [1][-]{section.3.4}{\376\377\116\011\211\322\177\121\150\074\152\041\127\213}{chapter.3}% 16
\BOOKMARK [1][-]{section.3.5}{\376\377\121\111\161\147\152\041\127\213\116\016\146\016\146\227\131\004\164\006}{chapter.3}% 17
\BOOKMARK [0][-]{chapter.4}{\376\377\121\111\161\147}{part.1}% 18
\BOOKMARK [1][-]{section.4.1}{\376\377\202\162\137\151\172\172\225\364}{chapter.4}% 19
\BOOKMARK [1][-]{section.4.2}{\376\377\126\376\214\141\116\016\120\317\175\040}{chapter.4}% 20
\BOOKMARK [1][-]{section.4.3}{\376\377\116\011\211\322\177\121\150\074\152\041\127\213}{chapter.4}% 21
\BOOKMARK [-1][-]{part.2}{\376\377\173\054\220\350\122\006\000\040\136\224\165\050\133\236\215\365}{}% 22
