\BOOKMARK [1][-]{section.1}{\376\377\123\302\200\003\133\146\116\140\177\121\127\100}{}% 1
\BOOKMARK [1][-]{section.2}{\376\377\000L\000i\000n\000u\000x}{}% 2
\BOOKMARK [2][-]{subsection.2.1}{\376\377\230\230\166\356}{section.2}% 3
\BOOKMARK [3][-]{subsubsection.2.1.1}{\376\377\161\237\176\303\000n\000e\000t\000s\000t\000a\000t\000\040\000t\000c\000p\000d\000u\000m\000p\000\040\000i\000p\000c\000s\000\040\000i\000p\000c\000r\000m}{subsection.2.1}% 4
\BOOKMARK [3][-]{subsubsection.2.1.2}{\376\377\121\161\116\253\121\205\133\130\153\265\210\253\146\040\134\004\217\333\217\333\172\013\172\172\225\364\116\113\124\016\377\014\133\130\127\050\116\216\217\333\172\013\172\172\225\364\166\204\116\300\116\110\117\115\177\156\377\037\121\161\116\253\121\205\133\130\153\265}{subsection.2.1}% 5
\BOOKMARK [3][-]{subsubsection.2.1.3}{\376\377\217\333\172\013\121\205\133\130\172\172\225\364\122\006\136\003\140\305\121\265}{subsection.2.1}% 6
\BOOKMARK [3][-]{subsubsection.2.1.4}{\376\377\000E\000L\000F\146\057\116\300\116\110\377\037\121\166\131\047\134\017\116\016\172\013\136\217\116\055\121\150\134\100\123\330\221\317\166\204\146\057\124\046\122\035\131\313\123\026\147\011\116\300\116\110\121\163\174\373}{subsection.2.1}% 7
\BOOKMARK [3][-]{subsubsection.2.1.5}{\376\377\122\250\140\001\224\376\143\245\124\214\227\131\140\001\224\376\143\245\166\204\123\072\122\053\377\037}{subsection.2.1}% 8
\BOOKMARK [3][-]{subsubsection.2.1.6}{\376\377\0003\0002\117\115\174\373\176\337\116\000\116\052\217\333\172\013\147\000\131\032\147\011\131\032\134\021\130\006\121\205\133\130}{subsection.2.1}% 9
\BOOKMARK [3][-]{subsubsection.2.1.7}{\376\377\121\231\116\000\116\052\000c\172\013\136\217\217\250\122\053\174\373\176\337\146\057\131\047\172\357\000o\000r\134\017\172\357\133\127\202\202\136\217}{subsection.2.1}% 10
\BOOKMARK [3][-]{subsubsection.2.1.8}{\376\377\117\341\123\367\377\032\122\027\121\372\136\070\211\301\166\204\117\341\123\367\377\014\117\341\123\367\140\016\116\110\131\004\164\006\377\037}{subsection.2.1}% 11
\BOOKMARK [3][-]{subsubsection.2.1.9}{\376\377\000i\000+\000+\000\040\146\057\124\046\123\237\133\120\144\315\117\134\000?\136\166\211\343\221\312\116\072\116\300\116\110\000?}{subsection.2.1}% 12
\BOOKMARK [3][-]{subsubsection.2.1.10}{\376\377\213\364\121\372\117\140\142\100\167\345\220\123\166\204\124\004\174\173\000l\000i\000n\000u\000x\174\373\176\337\166\204\124\004\174\173\124\014\153\145\147\072\122\066\377\010\221\315\160\271\377\011\377\014\116\300\116\110\146\057\153\173\225\001\377\037\131\202\117\125\220\177\121\115\153\173\225\001}{subsection.2.1}% 13
\BOOKMARK [3][-]{subsubsection.2.1.11}{\376\377\131\202\117\125\133\236\163\260\133\210\142\244\217\333\172\013\377\037}{subsection.2.1}% 14
\BOOKMARK [3][-]{subsubsection.2.1.12}{\376\377\000l\000i\000n\000u\000x\166\204\116\373\122\241\214\003\136\246\147\072\122\066\146\057\116\300\116\110\377\037}{subsection.2.1}% 15
\BOOKMARK [3][-]{subsubsection.2.1.13}{\376\377\150\007\121\306\136\223\121\375\145\160\124\214\174\373\176\337\214\003\165\050\166\204\123\072\122\053\377\037}{subsection.2.1}% 16
\BOOKMARK [3][-]{subsubsection.2.1.14}{\376\377\174\373\176\337\131\202\117\125\134\006\116\000\116\052\117\341\123\367\220\032\167\345\122\060\217\333\172\013\377\037}{subsection.2.1}% 17
\BOOKMARK [3][-]{subsubsection.2.1.15}{\376\377\000f\000o\000r\000k\000\050\000\051\116\000\133\120\217\333\172\013\172\013\124\016\162\066\217\333\172\013\166\204\121\150\134\100\123\330\221\317\200\375\116\015\200\375\117\177\165\050\377\037}{subsection.2.1}% 18
\BOOKMARK [3][-]{subsubsection.2.1.16}{\376\377\131\032\176\277\172\013\116\016\131\032\217\333\172\013\166\204\123\072\122\053}{subsection.2.1}% 19
\BOOKMARK [3][-]{subsubsection.2.1.17}{\376\377\131\032\176\277\172\013\166\204\124\004\171\315\225\001\377\001}{subsection.2.1}% 20
\BOOKMARK [3][-]{subsubsection.2.1.18}{\376\377\177\023\133\130\155\330\154\160\173\227\154\325\000-\000L\000R\000U}{subsection.2.1}% 21
\BOOKMARK [3][-]{subsubsection.2.1.19}{\376\377\123\357\221\315\121\145\116\016\116\015\123\357\221\315\121\145}{subsection.2.1}% 22
\BOOKMARK [3][-]{subsubsection.2.1.20}{\376\377\000c\000r\000o\000n\000t\000a\000b\123\237\164\006}{subsection.2.1}% 23
\BOOKMARK [3][-]{subsubsection.2.1.21}{\376\377\000*\000c\000o\000r\000e\000D\000u\000m\000p}{subsection.2.1}% 24
\BOOKMARK [3][-]{subsubsection.2.1.22}{\376\377\176\277\172\013\217\276\122\060\176\277\172\013\154\140\133\232\116\111\116\052\145\160\377\014\140\016\116\110\122\236}{subsection.2.1}% 25
\BOOKMARK [1][-]{section.3}{\376\377\000C\000+\000+}{}% 26
\BOOKMARK [2][-]{subsection.3.1}{\376\377\230\230\166\356}{section.3}% 27
\BOOKMARK [3][-]{subsubsection.3.1.1}{\376\377\145\207\147\054\145\207\116\366\124\214\116\214\217\333\122\066\145\207\116\366\166\204\123\072\122\053}{subsection.3.1}% 28
\BOOKMARK [3][-]{subsubsection.3.1.2}{\376\377\176\323\147\204\117\123\165\050\000m\000e\000m\000c\000m\000p\153\324\217\203\166\204\225\356\230\230}{subsection.3.1}% 29
\BOOKMARK [3][-]{subsubsection.3.1.3}{\376\377\000m\000e\000m\000c\000p\000y\000\040\133\236\163\260}{subsection.3.1}% 30
\BOOKMARK [3][-]{subsubsection.3.1.4}{\376\377\000s\000t\000r\000c\000p\000y\000\040\133\236\163\260}{subsection.3.1}% 31
\BOOKMARK [3][-]{subsubsection.3.1.5}{\376\377\000s\000t\000r\000c\000a\000t\000\040\133\236\163\260}{subsection.3.1}% 32
\BOOKMARK [3][-]{subsubsection.3.1.6}{\376\377\116\146\121\231\000\040\176\331\133\232\174\173\166\204\215\113\120\074\144\315\117\134\173\046\000\040\000=\000\040}{subsection.3.1}% 33
\BOOKMARK [3][-]{subsubsection.3.1.7}{\376\377\116\300\116\110\146\057\040\034\137\025\165\050\040\035\377\037\165\063\146\016\124\214\117\177\165\050\040\034\137\025\165\050\040\035\211\201\154\350\141\017\124\352\116\233\225\356\230\230\377\037}{subsection.3.1}% 34
\BOOKMARK [3][-]{subsubsection.3.1.8}{\376\377\134\006\040\034\137\025\165\050\040\035\117\134\116\072\121\375\145\160\123\302\145\160\147\011\124\352\116\233\162\171\160\271\377\037}{subsection.3.1}% 35
\BOOKMARK [3][-]{subsubsection.3.1.9}{\376\377\127\050\116\300\116\110\145\366\120\031\227\000\211\201\117\177\165\050\040\034\136\070\137\025\165\050\040\035\377\037}{subsection.3.1}% 36
\BOOKMARK [3][-]{subsubsection.3.1.10}{\376\377\134\006\040\034\137\025\165\050\040\035\117\134\116\072\121\375\145\160\217\324\126\336\120\074\174\173\127\213\166\204\150\074\137\017\060\001\131\175\131\004\124\214\227\000\211\201\220\165\133\210\166\204\211\304\122\031\000?}{subsection.3.1}% 37
\BOOKMARK [3][-]{subsubsection.3.1.11}{\376\377\137\025\165\050\116\016\143\007\224\210\166\204\123\072\122\053\146\057\116\300\116\110\377\037}{subsection.3.1}% 38
\BOOKMARK [3][-]{subsubsection.3.1.12}{\376\377\116\300\116\110\145\366\120\031\227\000\211\201\040\034\137\025\165\050\040\035\377\037}{subsection.3.1}% 39
\BOOKMARK [3][-]{subsubsection.3.1.13}{\376\377\176\323\147\204\116\016\200\124\124\010\147\011\124\214\123\072\122\053\377\037}{subsection.3.1}% 40
\BOOKMARK [3][-]{subsubsection.3.1.14}{\376\377\000\040\135\362\167\345\000s\000t\000r\000c\000p\000y\166\204\121\375\145\160\123\237\127\213\377\032\000c\000h\000a\000r\000\040\000*\000s\000t\000r\000c\000p\000y\000\050\000c\000h\000a\000r\000\040\000*\000s\000t\000r\000D\000e\000s\000t\000,\000\040\000c\000o\000n\000s\000t\000\040\000c\000h\000a\000r\000\040\000*\000s\000t\000r\000S\000r\000c\000\051\121\166\116\055\000s\000t\000r\000D\000e\000s\000t\000\040\146\057\166\356\166\204\133\127\173\046\116\062\377\014\000s\000t\000r\000S\000r\000c\000\040\146\057\156\220\133\127\173\046\116\062\060\002\116\015\214\003\165\050\000C\000+\000+\000/\000C\000\040\166\204\133\127\173\046\116\062\136\223\121\375\145\160\377\014\213\367\177\026\121\231\121\375\145\160\000\040\000s\000t\000r\000c\000p\000y}{subsection.3.1}% 41
\BOOKMARK [3][-]{subsubsection.3.1.15}{\376\377\116\015\165\050\116\055\225\364\123\330\221\317\133\236\163\260\116\244\143\142\000s\000w\000a\000p\166\204\225\356\230\230}{subsection.3.1}% 42
\BOOKMARK [3][-]{subsubsection.3.1.16}{\376\377\377\003\000i\000n\000c\000l\000u\000d\000e\000<\000f\000i\000l\000e\000.\000h\000>\000\040\116\016\377\003\000i\000n\000c\000l\000u\000d\000e\000\040\000"\000f\000i\000l\000e\000.\000h\000"\166\204\123\072\122\053\377\037}{subsection.3.1}% 43
\BOOKMARK [3][-]{subsubsection.3.1.17}{\376\377\227\142\124\021\133\371\214\141\166\204\116\011\116\052\127\372\147\054\162\171\137\201\377\014\136\166\173\200\123\125\123\331\217\360\116\113\377\037}{subsection.3.1}% 44
\BOOKMARK [3][-]{subsubsection.3.1.18}{\376\377\221\315\217\175\377\010\000o\000v\000e\000r\000l\000o\000a\000d\000\051\124\214\221\315\121\231\000\050\000o\000v\000e\000r\000r\000i\000e\000d\377\014\147\011\166\204\116\146\116\137\123\353\120\132\040\034\211\206\166\326\040\035\377\011\166\204\123\072\122\053\377\037}{subsection.3.1}% 45
\BOOKMARK [3][-]{subsubsection.3.1.19}{\376\377\131\032\140\001\166\204\117\134\165\050\377\037}{subsection.3.1}% 46
\BOOKMARK [3][-]{subsubsection.3.1.20}{\376\377\000v\000i\000r\000t\000u\000a\000l\000\040\143\007\224\210\116\016\133\371\214\141\122\035\131\313\123\026\166\204\123\072\122\053}{subsection.3.1}% 47
\BOOKMARK [3][-]{subsubsection.3.1.21}{\376\377\000N\000e\000w\000\040\000d\000e\000l\000e\000t\000e\000\040\116\016\000m\000a\000l\000l\000o\000c\000\040\000f\000r\000e\000e\000\040\166\204\200\124\174\373\116\016\123\072\122\053\000?}{subsection.3.1}% 48
\BOOKMARK [3][-]{subsubsection.3.1.22}{\376\377\147\011\124\352\121\340\171\315\140\305\121\265\123\352\200\375\165\050\000i\000n\000t\000i\000a\000l\000i\000z\000a\000t\000i\000o\000n\000l\000i\000s\000t\000\040\200\014\116\015\200\375\165\050\000a\000s\000s\000i\000g\000n\000m\000e\000n\000t\000?}{subsection.3.1}% 49
\BOOKMARK [3][-]{subsubsection.3.1.23}{\376\377\000C\000+\000+\146\057\116\015\146\057\174\173\127\213\133\211\121\150\166\204\377\037}{subsection.3.1}% 50
\BOOKMARK [3][-]{subsubsection.3.1.24}{\376\377\143\007\224\210\121\375\145\160\116\016\121\375\145\160\143\007\224\210}{subsection.3.1}% 51
\BOOKMARK [3][-]{subsubsection.3.1.25}{\376\377\213\367\213\364\121\372\000c\000o\000n\000s\000t\116\016\000\043\000d\000e\000f\000i\000n\000e\000\040\166\370\153\324\377\014\147\011\117\125\117\030\160\271\377\037}{subsection.3.1}% 52
\BOOKMARK [3][-]{subsubsection.3.1.26}{\376\377\173\200\217\360\145\160\176\304\116\016\143\007\224\210\166\204\123\072\122\053\377\037}{subsection.3.1}% 53
\BOOKMARK [3][-]{subsubsection.3.1.27}{\376\377\174\173\142\020\124\130\121\375\145\160\166\204\221\315\217\175\060\001\211\206\166\326\124\214\226\220\205\317\123\072\122\053\377\037}{subsection.3.1}% 54
\BOOKMARK [3][-]{subsubsection.3.1.28}{\376\377\131\202\117\125\142\123\123\160\121\372\137\123\122\115\156\220\145\207\116\366\166\204\145\207\116\366\124\015\116\345\123\312\156\220\145\207\116\366\166\204\137\123\122\115\210\114\123\367\377\037}{subsection.3.1}% 55
\BOOKMARK [3][-]{subsubsection.3.1.29}{\376\377\121\163\116\216\000\137\000\137\000s\000t\000d\000c\000a\000l\000l\124\214\000\137\000\137\000c\000d\000e\000c\000l\214\003\165\050\145\271\137\017\166\204\164\006\211\343}{subsection.3.1}% 56
\BOOKMARK [3][-]{subsubsection.3.1.30}{\376\377\201\176\213\257\000-\217\223\121\372\146\057\116\300\116\110\000\040}{subsection.3.1}% 57
\BOOKMARK [1][-]{section.4}{\376\377\000S\000T\000L\000\040\176\304\116\366\116\016\117\177\165\050}{}% 58
\BOOKMARK [2][-]{subsection.4.1}{\376\377\230\230\166\356}{section.4}% 59
\BOOKMARK [3][-]{subsubsection.4.1.1}{\376\377\117\177\165\050\217\307\124\352\116\233\176\304\116\366\377\037}{subsection.4.1}% 60
\BOOKMARK [2][-]{subsection.4.2}{\376\377\117\123\117\032}{section.4}% 61
\BOOKMARK [1][-]{section.5}{\376\377\000B\000o\000o\000s\000t\000\040\176\304\116\366\116\016\117\177\165\050}{}% 62
\BOOKMARK [2][-]{subsection.5.1}{\376\377\230\230\166\356}{section.5}% 63
\BOOKMARK [1][-]{section.6}{\376\377\177\121\176\334\060\001\147\015\122\241\126\150\177\026\172\013}{}% 64
\BOOKMARK [2][-]{subsection.6.1}{\376\377\123\302\200\003\000C\000+\000+\000\137\000N\000e\000t\000P\000r\000o\000g\000r\000a\000m}{section.6}% 65
\BOOKMARK [2][-]{subsection.6.2}{\376\377\230\230\166\356}{section.6}% 66
\BOOKMARK [3][-]{subsubsection.6.2.1}{\376\377\131\032\176\277\172\013\124\214\131\032\217\333\172\013\166\204\123\072\122\053}{subsection.6.2}% 67
\BOOKMARK [3][-]{subsubsection.6.2.2}{\376\377\131\032\176\277\172\013\225\001\166\204\171\315\174\173\147\011\124\352\116\233\377\037}{subsection.6.2}% 68
\BOOKMARK [3][-]{subsubsection.6.2.3}{\376\377\201\352\145\313\225\001\124\214\116\222\145\245\225\001\166\204\123\072\122\053\377\037}{subsection.6.2}% 69
\BOOKMARK [3][-]{subsubsection.6.2.4}{\376\377\217\333\172\013\225\364\220\032\117\341\124\214\176\277\172\013\225\364\220\032\117\341}{subsection.6.2}% 70
\BOOKMARK [3][-]{subsubsection.6.2.5}{\376\377\131\032\176\277\172\013\172\013\136\217\147\266\147\204\377\014\176\277\172\013\145\160\221\317\136\224\213\345\131\202\117\125\213\276\177\156\377\037}{subsection.6.2}% 71
\BOOKMARK [3][-]{subsubsection.6.2.6}{\376\377\116\300\116\110\146\057\123\237\133\120\144\315\117\134\377\014\000g\000c\000c\143\320\117\233\166\204\123\237\133\120\144\315\117\134\123\237\213\355\377\014\117\177\165\050\217\331\116\233\123\237\213\355\131\202\117\125\133\236\163\260\213\373\121\231\225\001\377\037}{subsection.6.2}% 72
\BOOKMARK [3][-]{subsubsection.6.2.7}{\376\377\177\121\176\334\177\026\172\013\213\276\213\241\152\041\137\017\377\014\000r\000e\000a\000c\000t\000o\000r\000/\000p\000r\000o\000a\000c\000t\000o\000r\000/\123\112\124\014\153\145\123\112\137\002\153\145\152\041\137\017\377\037}{subsection.6.2}% 73
\BOOKMARK [3][-]{subsubsection.6.2.8}{\376\377\147\011\116\000\116\052\213\241\145\160\126\150\377\014\131\032\116\052\176\277\172\013\220\375\227\000\211\201\146\364\145\260\377\014\117\032\220\107\122\060\116\300\116\110\225\356\230\230\377\014\123\237\126\340\146\057\116\300\116\110\377\014\136\224\213\345\131\202\117\125\120\132\377\037\131\202\117\125\117\030\123\026\377\037}{subsection.6.2}% 74
\BOOKMARK [3][-]{subsubsection.6.2.9}{\376\377\131\202\147\234\000s\000e\000l\000e\000c\000t\217\324\126\336\123\357\213\373\377\014\176\323\147\234\123\352\213\373\122\060\0000\133\127\202\202\377\014\116\300\116\110\140\305\121\265\377\037}{subsection.6.2}% 75
\BOOKMARK [3][-]{subsubsection.6.2.10}{\376\377\000c\000o\000n\000n\000e\000c\000t\123\357\200\375\117\032\225\177\145\366\225\364\226\073\130\136\377\014\140\016\116\110\211\343\121\263\000?}{subsection.6.2}% 76
\BOOKMARK [3][-]{subsubsection.6.2.11}{\376\377\000k\000e\000e\000p\000a\000l\000i\000v\000e\000\040\146\057\116\300\116\110\116\034\211\177\377\037\131\202\117\125\117\177\165\050\377\037}{subsection.6.2}% 77
\BOOKMARK [3][-]{subsubsection.6.2.12}{\376\377\000s\000o\000c\000k\000e\000t\116\300\116\110\140\305\121\265\116\013\123\357\213\373\377\037}{subsection.6.2}% 78
\BOOKMARK [3][-]{subsubsection.6.2.13}{\376\377\000u\000d\000p\214\003\165\050\000c\000o\000n\000n\000e\000c\000t\147\011\116\300\116\110\117\134\165\050\377\037}{subsection.6.2}% 79
\BOOKMARK [3][-]{subsubsection.6.2.14}{\376\377\000s\000o\000c\000k\000e\000t\177\026\172\013\377\014\131\202\147\234\000c\000l\000i\000e\000n\000t\145\255\165\065\116\206\377\014\147\015\122\241\126\150\131\202\117\125\137\353\220\037\167\345\220\123\377\037}{subsection.6.2}% 80
\BOOKMARK [3][-]{subsubsection.6.2.15}{\376\377\140\016\116\110\156\005\164\006\120\365\134\070\217\333\172\013}{subsection.6.2}% 81
\BOOKMARK [3][-]{subsubsection.6.2.16}{\376\377\174\373\176\337\214\003\165\050\121\375\145\160}{subsection.6.2}% 82
\BOOKMARK [3][-]{subsubsection.6.2.17}{\376\377\000s\000o\000c\000k\000e\000t\000\040\166\204\226\073\130\136\124\214\227\136\226\073\130\136\166\204\151\202\137\365}{subsection.6.2}% 83
\BOOKMARK [3][-]{subsubsection.6.2.18}{\376\377\117\341\123\367\116\016\117\341\123\367\221\317\116\113\225\364\166\204\123\072\122\053}{subsection.6.2}% 84
\BOOKMARK [3][-]{subsubsection.6.2.19}{\376\377\000T\000C\000P\131\064\131\047\134\017\377\014\123\005\124\053\133\127\153\265\377\037\116\011\153\041\143\341\142\113\377\014\126\333\153\041\145\255\137\000\143\317\217\360\217\307\172\013\377\014\220\375\147\011\116\233\116\300\116\110\162\266\140\001\060\002\162\266\140\001\123\330\217\301\126\376\060\002\000T\000C\000P\000/\000I\000P\145\066\123\321\177\023\121\262\123\072}{subsection.6.2}% 85
\BOOKMARK [3][-]{subsubsection.6.2.20}{\376\377\117\177\165\050\000u\000d\000p\124\214\000t\000c\000p\217\333\172\013\177\121\176\334\117\040\217\223\377\014\116\072\116\300\116\110\000t\000c\000p\200\375\117\335\213\301\123\005\146\057\123\321\220\001\230\172\136\217\377\014\200\014\000\040\000u\000d\000p\145\340\154\325\117\335\213\301\377\037}{subsection.6.2}% 86
\BOOKMARK [3][-]{subsubsection.6.2.21}{\376\377\000e\000p\000o\000l\000l\124\352\116\233\211\346\123\321\152\041\137\017\377\014\147\011\125\145\123\072\122\053\377\037}{subsection.6.2}% 87
\BOOKMARK [3][-]{subsubsection.6.2.22}{\376\377\000t\000c\000p\116\016\000u\000d\000p\166\204\123\072\122\053\377\010\137\305\225\356\377\011\116\072\116\300\116\110\000T\000C\000P\211\201\123\353\120\132\145\160\143\156\155\101\377\037}{subsection.6.2}% 88
\BOOKMARK [3][-]{subsubsection.6.2.23}{\376\377\155\101\221\317\143\247\122\066\124\214\142\345\130\136\143\247\122\066\166\204\133\236\163\260\147\072\122\066}{subsection.6.2}% 89
\BOOKMARK [3][-]{subsubsection.6.2.24}{\376\377\156\321\122\250\172\227\123\343\166\204\133\236\163\260\147\072\122\066}{subsection.6.2}% 90
\BOOKMARK [3][-]{subsubsection.6.2.25}{\376\377\000e\000p\000o\000l\000l\124\214\000s\000e\000l\000e\000c\000t\166\204\123\072\122\053\377\037}{subsection.6.2}% 91
\BOOKMARK [3][-]{subsubsection.6.2.26}{\376\377\177\121\176\334\116\055\377\014\131\202\147\234\133\242\142\067\172\357\172\201\161\066\143\211\176\277\142\026\200\005\221\315\124\057\377\014\147\015\122\241\126\150\172\357\140\016\116\110\150\067\142\115\200\375\172\313\122\073\167\345\220\123\377\037}{subsection.6.2}% 92
\BOOKMARK [3][-]{subsubsection.6.2.27}{\376\377\000T\000T\000L\146\057\116\300\116\110\377\037\147\011\116\300\116\110\165\050\131\004\377\014\220\032\136\070\220\243\116\233\135\345\121\167\117\032\165\050\122\060\133\203\377\037\000p\000i\000n\000g\000?\000\040\000t\000r\000a\000c\000e\000r\000o\000u\000t\000e\000?\000\040\000i\000f\000c\000o\000n\000f\000i\000g\000?\000\040\000n\000e\000t\000s\000t\000a\000t\000?}{subsection.6.2}% 93
\BOOKMARK [3][-]{subsubsection.6.2.28}{\376\377\000l\000i\000n\000u\000x\166\204\116\224\171\315\000I\000O\152\041\137\017\000/\137\002\153\145\152\041\137\017\000.}{subsection.6.2}% 94
\BOOKMARK [3][-]{subsubsection.6.2.29}{\376\377\213\367\213\364\121\372\000h\000t\000t\000p\123\117\213\256\166\204\117\030\177\072\160\271\000.}{subsection.6.2}% 95
\BOOKMARK [3][-]{subsubsection.6.2.30}{\376\377\000N\000A\000T\174\173\127\213\377\014\000U\000D\000P\172\177\220\017\123\237\164\006}{subsection.6.2}% 96
\BOOKMARK [3][-]{subsubsection.6.2.31}{\376\377\131\047\211\304\152\041\217\336\143\245\116\012\147\145\377\014\136\166\123\321\152\041\127\213\140\016\116\110\213\276\213\241}{subsection.6.2}% 97
\BOOKMARK [3][-]{subsubsection.6.2.32}{\376\377\155\101\221\317\143\247\122\066\116\016\142\345\130\136\143\247\122\066\166\204\123\072\122\053\377\014\202\202\160\271\213\241\173\227\147\072\140\016\150\067\141\037\167\345\177\121\176\334\142\345\130\136\116\206\377\037}{subsection.6.2}% 98
\BOOKMARK [1][-]{section.7}{\376\377\131\032\176\277\172\013\177\026\172\013}{}% 99
\BOOKMARK [2][-]{subsection.7.1}{\376\377\123\302\200\003\000C\000+\000+\000\137\000A\000d\000v\000a\000n\000c\000e\000d}{section.7}% 100
\BOOKMARK [1][-]{section.8}{\376\377\173\227\154\325}{}% 101
\BOOKMARK [1][-]{section.9}{\376\377\172\013\136\217\213\276\213\241}{}% 102
\BOOKMARK [2][-]{subsection.9.1}{\376\377\213\276\213\241\152\041\137\017}{section.9}% 103
\BOOKMARK [2][-]{subsection.9.2}{\376\377\000U\000M\000L}{section.9}% 104
\BOOKMARK [1][-]{section.10}{\376\377\000O\000p\000e\000n\000G\000L}{}% 105
\BOOKMARK [2][-]{subsection.10.1}{\376\377\123\302\200\003\000O\000p\000e\000n\000G\000L}{section.10}% 106
\BOOKMARK [1][-]{section.11}{\376\377\000D\000i\000r\000e\000c\000t\000X}{}% 107
\BOOKMARK [2][-]{subsection.11.1}{\376\377\123\302\200\003\000D\000i\000r\000e\000c\000t\000X\0009}{section.11}% 108
\BOOKMARK [1][-]{section.12}{\376\377\000P\000C\156\070\142\017\213\325\163\251\213\260\137\125}{}% 109
\BOOKMARK [2][-]{subsection.12.1}{\376\377\127\146\121\113\116\026\165\114}{section.12}% 110
\BOOKMARK [2][-]{subsection.12.2}{\376\377\165\037\153\173\162\331\121\373}{section.12}% 111
\BOOKMARK [2][-]{subsection.12.3}{\376\377\000D\000o\000t\000a\0002}{section.12}% 112
\BOOKMARK [2][-]{subsection.12.4}{\376\377\000C\000r\000o\000s\000s\000F\000i\000r\000e}{section.12}% 113
\BOOKMARK [2][-]{subsection.12.5}{\376\377\000L\000e\000a\000g\000u\000e\000\040\000O\000f\000\040\000L\000e\000g\000e\000n\000d\000s}{section.12}% 114
\BOOKMARK [2][-]{subsection.12.6}{\376\377\145\207\146\016\0005}{section.12}% 115
\BOOKMARK [2][-]{subsection.12.7}{\376\377\147\201\124\301\230\336\217\146\000-\174\373\122\027}{section.12}% 116
\BOOKMARK [2][-]{subsection.12.8}{\376\377\000Q\000Q\230\336\217\146\040\023\236\117\236\117\123\141\116\001\217\146}{section.12}% 117
