\BOOKMARK [0][-]{chapter.1}{\376\377\000L\000i\000n\000u\000x\000\040\127\372\147\054\167\345\213\306}{}% 1
\BOOKMARK [1][-]{section.1.1}{\376\377\127\372\147\054\142\200\200\375}{chapter.1}% 2
\BOOKMARK [2][-]{subsection.1.1.1}{\376\377\143\250\203\120\166\204\123\321\210\114\162\110}{section.1.1}% 3
\BOOKMARK [2][-]{subsection.1.1.2}{\376\377\000L\000i\000n\000u\000x\127\372\170\100}{section.1.1}% 4
\BOOKMARK [2][-]{subsection.1.1.3}{\376\377\000L\000i\000n\000u\000x\000\040\136\163\123\360\000C\000+\000+\000\040\137\000\123\321}{section.1.1}% 5
\BOOKMARK [2][-]{subsection.1.1.4}{\376\377\000U\000N\000I\000X\163\257\130\203\232\330\176\247\177\026\172\013}{section.1.1}% 6
\BOOKMARK [1][-]{section.1.2}{\376\377\145\271\124\021\220\011\142\351}{chapter.1}% 7
\BOOKMARK [2][-]{subsection.1.2.1}{\376\377\177\121\176\334\145\271\124\021}{section.1.2}% 8
\BOOKMARK [2][-]{subsection.1.2.2}{\376\377\126\376\137\142\145\271\124\021}{section.1.2}% 9
\BOOKMARK [2][-]{subsection.1.2.3}{\376\377\135\114\121\145\137\017\145\271\124\021}{section.1.2}% 10
\BOOKMARK [2][-]{subsection.1.2.4}{\376\377\232\161\122\250\172\013\136\217\213\276\213\241}{section.1.2}% 11
\BOOKMARK [1][-]{section.1.3}{\376\377\170\154\116\366\213\276\131\007}{chapter.1}% 12
\BOOKMARK [1][-]{section.1.4}{\376\377\170\301\166\330\122\006\123\072\167\345\213\306}{chapter.1}% 13
\BOOKMARK [2][-]{subsection.1.4.1}{\376\377\122\006\123\072\174\173\127\213}{section.1.4}% 14
\BOOKMARK [2][-]{subsection.1.4.2}{\376\377\000G\000U\000I\000D}{section.1.4}% 15
\BOOKMARK [1][-]{section.1.5}{\376\377\210\370\147\072\210\305\147\072\137\305\131\007\217\157\116\366\123\312\142\200\135\347}{chapter.1}% 16
\BOOKMARK [0][-]{chapter.2}{\376\377\124\175\116\344\166\370\121\163}{}% 17
\BOOKMARK [1][-]{section.2.1}{\376\377\133\374\202\052\124\175\116\344}{chapter.2}% 18
\BOOKMARK [2][-]{section*.11}{\376\377\000p\000w\000d}{section.2.1}% 19
\BOOKMARK [3][-]{section*.12}{\376\377\000c\000d}{section*.11}% 20
\BOOKMARK [4][-]{section*.13}{\376\377\000l\000s}{section*.12}% 21
\BOOKMARK [1][-]{section.2.2}{\376\377\000L\000i\000n\000u\000x\174\373\176\337}{chapter.2}% 22
\BOOKMARK [2][-]{section*.14}{\376\377\000\044\000P\000A\000T\000H}{section.2.2}% 23
\BOOKMARK [3][-]{section*.15}{\376\377\165\050\142\067\221\115\177\156}{section*.14}% 24
\BOOKMARK [4][-]{section*.16}{\376\377\116\244\143\142\123\072}{section*.15}% 25
\BOOKMARK [4][-]{section*.17}{\376\377\173\046\123\367\224\376\143\245}{section*.15}% 26
\BOOKMARK [4][-]{section*.18}{\376\377\137\000\121\163\147\072}{section*.15}% 27
\BOOKMARK [1][-]{section.2.3}{\376\377\144\315\117\134\145\207\116\366\124\214\166\356\137\125}{chapter.2}% 28
\BOOKMARK [2][-]{subsection.2.3.1}{\376\377\145\207\116\366\174\373\176\337}{section.2.3}% 29
\BOOKMARK [3][-]{section*.19}{\376\377\000E\000X\000T\0002}{subsection.2.3.1}% 30
\BOOKMARK [4][-]{section*.20}{\376\377\000d\000u\000m\000p\000e\0002\000f\000s}{section*.19}% 31
\BOOKMARK [4][-]{section*.21}{\376\377\000d\000f}{section*.19}% 32
\BOOKMARK [4][-]{section*.22}{\376\377\000d\000u}{section*.19}% 33
\BOOKMARK [2][-]{subsection.2.3.2}{\376\377\166\370\121\163\124\175\116\344}{section.2.3}% 34
\BOOKMARK [3][-]{section*.23}{\376\377\220\032\221\115\173\046}{subsection.2.3.2}% 35
\BOOKMARK [4][-]{section*.24}{\376\377\000c\000d}{section*.23}% 36
\BOOKMARK [4][-]{section*.25}{\376\377\000p\000w\000d}{section*.23}% 37
\BOOKMARK [4][-]{section*.26}{\376\377\000c\000p}{section*.23}% 38
\BOOKMARK [4][-]{section*.27}{\376\377\000m\000v}{section*.23}% 39
\BOOKMARK [4][-]{section*.28}{\376\377\000d\000d}{section*.23}% 40
\BOOKMARK [4][-]{section*.29}{\376\377\000m\000k\000d\000i\000r}{section*.23}% 41
\BOOKMARK [4][-]{section*.30}{\376\377\000r\000m\000d\000i\000r}{section*.23}% 42
\BOOKMARK [4][-]{section*.31}{\376\377\000r\000m}{section*.23}% 43
\BOOKMARK [4][-]{section*.32}{\376\377\000l\000n}{section*.23}% 44
\BOOKMARK [4][-]{section*.33}{\376\377\147\345\167\013\145\207\116\366}{section*.23}% 45
\BOOKMARK [4][-]{section*.42}{\376\377\000t\000o\000u\000c\000h}{section*.23}% 46
\BOOKMARK [1][-]{section.2.4}{\376\377\124\175\116\344}{chapter.2}% 47
\BOOKMARK [1][-]{section.2.5}{\376\377\221\315\133\232\124\021}{chapter.2}% 48
\BOOKMARK [1][-]{section.2.6}{\376\377\000s\000h\000e\000l\000l\142\151\134\125}{chapter.2}% 49
\BOOKMARK [1][-]{section.2.7}{\376\377\147\103\226\120}{chapter.2}% 50
\BOOKMARK [2][-]{subsection.2.7.1}{\376\377\127\372\170\100}{section.2.7}% 51
\BOOKMARK [2][-]{subsection.2.7.2}{\376\377\000U\000I\000D\000\040\000E\000U\000I\000D}{section.2.7}% 52
\BOOKMARK [1][-]{section.2.8}{\376\377\217\333\172\013}{chapter.2}% 53
\BOOKMARK [2][-]{section*.74}{\376\377\000p\000s}{section.2.8}% 54
\BOOKMARK [3][-]{section*.75}{\376\377\124\016\123\360\142\147\210\114}{section*.74}% 55
\BOOKMARK [4][-]{section*.76}{\376\377\121\166\116\326}{section*.75}% 56
\BOOKMARK [1][-]{section.2.9}{\376\377\163\257\130\203\000/\000e\000t\000c}{chapter.2}% 57
\BOOKMARK [2][-]{subsection.2.9.1}{\376\377\127\372\147\054\151\202\137\365}{section.2.9}% 58
\BOOKMARK [2][-]{subsection.2.9.2}{\376\377\166\370\121\163\124\175\116\344}{section.2.9}% 59
\BOOKMARK [1][-]{section.2.10}{\376\377\000V\000I\000\040\177\026\217\221\126\150}{chapter.2}% 60
\BOOKMARK [2][-]{subsection.2.10.1}{\376\377\152\041\137\017\217\154\143\142}{section.2.10}% 61
\BOOKMARK [2][-]{subsection.2.10.2}{\376\377\136\070\165\050\124\175\116\344}{section.2.10}% 62
\BOOKMARK [3][-]{section*.89}{\376\377\220\011\116\055\116\000\127\127\123\072\127\337\136\166\177\051\217\333\177\051\121\372}{subsection.2.10.2}% 63
\BOOKMARK [3][-]{section*.90}{\376\377\171\373\122\250\121\111\150\007}{subsection.2.10.2}% 64
\BOOKMARK [3][-]{section*.96}{\376\377\122\040\226\144\144\315\117\134}{subsection.2.10.2}% 65
\BOOKMARK [3][-]{section*.103}{\376\377\131\015\122\066\174\230\215\064}{subsection.2.10.2}% 66
\BOOKMARK [3][-]{section*.111}{\376\377\147\345\142\176}{subsection.2.10.2}% 67
\BOOKMARK [3][-]{section*.115}{\376\377\121\150\134\100\144\034\175\042\124\214\146\377\143\142}{subsection.2.10.2}% 68
\BOOKMARK [3][-]{section*.116}{\376\377\147\345\142\176\122\040\226\144\154\350\221\312}{subsection.2.10.2}% 69
\BOOKMARK [3][-]{section*.124}{\376\377\177\026\217\221\131\032\145\207\147\054}{subsection.2.10.2}% 70
\BOOKMARK [2][-]{subsection.2.10.3}{\376\377\136\070\165\050\143\322\116\366}{section.2.10}% 71
\BOOKMARK [3][-]{section*.133}{\376\377\000c\000t\000a\000g\000s}{subsection.2.10.3}% 72
\BOOKMARK [3][-]{section*.134}{\376\377\000Y\000o\000u\000C\000o\000m\000p\000l\000e\000t\000e\000M\000e}{subsection.2.10.3}% 73
\BOOKMARK [1][-]{section.2.11}{\376\377\133\130\120\250\116\313\215\050\143\002\217\175}{chapter.2}% 74
\BOOKMARK [2][-]{subsection.2.11.1}{\376\377\143\002\217\175\160\271\166\204\141\017\116\111}{section.2.11}% 75
\BOOKMARK [2][-]{subsection.2.11.2}{\376\377\143\002\217\175}{section.2.11}% 76
\BOOKMARK [1][-]{section.2.12}{\376\377\177\121\176\334}{chapter.2}% 77
\BOOKMARK [1][-]{section.2.13}{\376\377\153\143\122\031\210\150\217\276\137\017}{chapter.2}% 78
\BOOKMARK [2][-]{subsection.2.13.1}{\376\377\133\127\173\046\174\173}{section.2.13}% 79
\BOOKMARK [2][-]{subsection.2.13.2}{\376\377\145\160\221\317\226\120\133\232\174\173}{section.2.13}% 80
\BOOKMARK [2][-]{subsection.2.13.3}{\376\377\117\115\177\156\226\120\133\232\174\173}{section.2.13}% 81
\BOOKMARK [2][-]{subsection.2.13.4}{\376\377\162\171\153\212\133\127\173\046}{section.2.13}% 82
\BOOKMARK [1][-]{section.2.14}{\376\377\144\034\175\042\124\175\116\344}{chapter.2}% 83
\BOOKMARK [1][-]{section.2.15}{\376\377\145\207\147\054\166\370\121\163}{chapter.2}% 84
\BOOKMARK [2][-]{subsection.2.15.1}{\376\377\000s\000e\000d}{section.2.15}% 85
\BOOKMARK [2][-]{subsection.2.15.2}{\376\377\000a\000w\000k}{section.2.15}% 86
\BOOKMARK [2][-]{subsection.2.15.3}{\376\377\000c\000a\000t}{section.2.15}% 87
\BOOKMARK [2][-]{subsection.2.15.4}{\376\377\000s\000o\000r\000t}{section.2.15}% 88
\BOOKMARK [2][-]{subsection.2.15.5}{\376\377\000u\000n\000i\000q}{section.2.15}% 89
\BOOKMARK [2][-]{subsection.2.15.6}{\376\377\000c\000u\000t}{section.2.15}% 90
\BOOKMARK [2][-]{subsection.2.15.7}{\376\377\000p\000a\000s\000t\000e}{section.2.15}% 91
\BOOKMARK [2][-]{subsection.2.15.8}{\376\377\000j\000o\000i\000n}{section.2.15}% 92
\BOOKMARK [2][-]{subsection.2.15.9}{\376\377\000c\000o\000m\000m}{section.2.15}% 93
\BOOKMARK [2][-]{subsection.2.15.10}{\376\377\000d\000i\000f\000f}{section.2.15}% 94
\BOOKMARK [2][-]{subsection.2.15.11}{\376\377\000p\000a\000t\000c\000h}{section.2.15}% 95
\BOOKMARK [2][-]{subsection.2.15.12}{\376\377\000t\000r}{section.2.15}% 96
\BOOKMARK [2][-]{subsection.2.15.13}{\376\377\000a\000s\000p\000e\000l\000x}{section.2.15}% 97
\BOOKMARK [1][-]{section.2.16}{\376\377\137\122\150\143\131\007\116\375}{chapter.2}% 98
\BOOKMARK [2][-]{subsection.2.16.1}{\376\377\123\213\177\051\116\016\211\343\123\213\177\051}{section.2.16}% 99
\BOOKMARK [2][-]{subsection.2.16.2}{\376\377\124\014\153\145\145\207\116\366\124\214\166\356\137\125}{section.2.16}% 100
\BOOKMARK [3][-]{section*.158}{\376\377\000r\000s\000y\000n\000c}{subsection.2.16.2}% 101
\BOOKMARK [1][-]{section.2.17}{\376\377\217\157\116\366\123\005\173\241\164\006}{chapter.2}% 102
\BOOKMARK [2][-]{subsection.2.17.1}{\376\377\135\362\177\026\213\321\145\207\116\366}{section.2.17}% 103
\BOOKMARK [2][-]{subsection.2.17.2}{\376\377\156\220\170\001\133\211\210\305}{section.2.17}% 104
\BOOKMARK [2][-]{subsection.2.17.3}{\376\377\000d\000e\000b\123\005\133\211\210\305}{section.2.17}% 105
\BOOKMARK [3][-]{section*.159}{\376\377\000U\000b\000u\000n\000t\000u}{subsection.2.17.3}% 106
\BOOKMARK [1][-]{section.2.18}{\376\377\123\302\200\003}{chapter.2}% 107
\BOOKMARK [0][-]{chapter.3}{\376\377\000S\000h\000e\000l\000l\000\040\201\032\147\054}{}% 108
\BOOKMARK [1][-]{section.3.1}{\376\377\000S\000h\000e\000l\000l\000\040\127\372\147\054\167\345\213\306}{chapter.3}% 109
\BOOKMARK [2][-]{subsection.3.1.1}{\376\377\000S\000h\000e\000l\000l}{section.3.1}% 110
\BOOKMARK [2][-]{subsection.3.1.2}{\376\377\000S\000h\000e\000l\000l\000\040\142\147\210\114\201\032\147\054}{section.3.1}% 111
\BOOKMARK [3][-]{section*.161}{\376\377\142\147\210\114\145\271\137\017}{subsection.3.1.2}% 112
\BOOKMARK [3][-]{section*.162}{\376\377\142\147\210\114\217\307\172\013}{subsection.3.1.2}% 113
\BOOKMARK [2][-]{subsection.3.1.3}{\376\377\000S\000h\000e\000l\000l\000\040\123\330\221\317}{section.3.1}% 114
\BOOKMARK [3][-]{section*.165}{\376\377\000s\000h\000e\000l\000l\123\330\221\317\166\204\171\315\174\173}{subsection.3.1.3}% 115
\BOOKMARK [2][-]{subsection.3.1.4}{\376\377\000S\000h\000e\000l\000l\000\040\220\032\221\115\173\046\060\001\124\175\116\344\116\343\143\142\060\001\123\125\137\025\123\367\060\001\123\314\137\025\123\367}{section.3.1}% 116
\BOOKMARK [2][-]{subsection.3.1.5}{\376\377\000S\000h\000e\000l\000l\000\040\117\040\220\022\123\302\145\160}{section.3.1}% 117
\BOOKMARK [2][-]{subsection.3.1.6}{\376\377\000S\000h\000e\000l\000l\000\040\124\004\171\315\142\354\123\367}{section.3.1}% 118
\BOOKMARK [3][-]{section*.174}{\376\377\000\050\000\040\000\051\000-\134\017\142\354\123\367}{subsection.3.1.6}% 119
\BOOKMARK [3][-]{section*.175}{\376\377\000\050\000\050\000\040\000\051\000\051\000-\123\314\134\017\142\354\123\367}{subsection.3.1.6}% 120
\BOOKMARK [3][-]{section*.176}{\376\377\000[\000\040\000]\000-\116\055\142\354\123\367}{subsection.3.1.6}% 121
\BOOKMARK [3][-]{section*.177}{\376\377\000[\000[\000\040\000]\000]\000-\123\314\116\055\142\354\123\367}{subsection.3.1.6}% 122
\BOOKMARK [3][-]{section*.178}{\376\377\000\173\000\040\000\175\000-\131\047\142\354\123\367}{subsection.3.1.6}% 123
\BOOKMARK [4][-]{section*.179}{\376\377\000\173\000\175\136\070\211\304\165\050\154\325}{section*.178}% 124
\BOOKMARK [4][-]{section*.180}{\376\377\000\173\000\175\162\171\153\212\166\204\146\377\143\142\165\050\154\325}{section*.178}% 125
\BOOKMARK [4][-]{section*.181}{\376\377\000\173\000\175\152\041\137\017\123\071\221\115\146\377\143\142\165\050\154\325}{section*.178}% 126
\BOOKMARK [4][-]{section*.182}{\376\377\000\173\000\175\133\127\173\046\116\062\143\320\123\326\124\214\146\377\143\142}{section*.178}% 127
\BOOKMARK [2][-]{subsection.3.1.7}{\376\377\123\302\200\003}{section.3.1}% 128
\BOOKMARK [1][-]{section.3.2}{\376\377\000S\000h\000e\000l\000l\000\040\217\320\173\227\144\315\117\134}{chapter.3}% 129
\BOOKMARK [2][-]{subsection.3.2.1}{\376\377\173\227\145\160\217\320\173\227}{section.3.2}% 130
\BOOKMARK [2][-]{subsection.3.2.2}{\376\377\121\163\174\373\217\320\173\227}{section.3.2}% 131
\BOOKMARK [2][-]{subsection.3.2.3}{\376\377\136\003\134\024\217\320\173\227}{section.3.2}% 132
\BOOKMARK [2][-]{subsection.3.2.4}{\376\377\220\073\217\221\217\320\173\227}{section.3.2}% 133
\BOOKMARK [2][-]{subsection.3.2.5}{\376\377\133\127\173\046\116\062\217\320\173\227}{section.3.2}% 134
\BOOKMARK [2][-]{subsection.3.2.6}{\376\377\145\207\116\366\155\113\213\325\217\320\173\227}{section.3.2}% 135
\BOOKMARK [1][-]{section.3.3}{\376\377\000S\000h\000e\000l\000l\000\040\201\032\147\054\143\247\122\066\176\323\147\204}{chapter.3}% 136
\BOOKMARK [2][-]{subsection.3.3.1}{\376\377\000i\000f\000-\000e\000l\000s\000e}{section.3.3}% 137
\BOOKMARK [2][-]{subsection.3.3.2}{\376\377\000w\000h\000i\000l\000e}{section.3.3}% 138
\BOOKMARK [2][-]{subsection.3.3.3}{\376\377\000f\000o\000r}{section.3.3}% 139
\BOOKMARK [2][-]{subsection.3.3.4}{\376\377\000u\000n\000t\000i\000l}{section.3.3}% 140
\BOOKMARK [2][-]{subsection.3.3.5}{\376\377\000c\000a\000s\000e}{section.3.3}% 141
\BOOKMARK [2][-]{subsection.3.3.6}{\376\377\000c\000o\000n\000t\000i\000n\000u\000e\000,\000b\000r\000e\000a\000k}{section.3.3}% 142
\BOOKMARK [1][-]{section.3.4}{\376\377\000S\000h\000e\000l\000l\000\040\121\375\145\160}{chapter.3}% 143
\BOOKMARK [2][-]{subsection.3.4.1}{\376\377\121\375\145\160\133\232\116\111}{section.3.4}% 144
\BOOKMARK [2][-]{subsection.3.4.2}{\376\377\121\375\145\160\123\302\145\160}{section.3.4}% 145
\BOOKMARK [1][-]{section.3.5}{\376\377\000S\000h\000e\000l\000l\000\040\201\032\147\054\214\003\165\050\135\362\147\011\201\032\147\054}{chapter.3}% 146
\BOOKMARK [1][-]{section.3.6}{\376\377\000S\000h\000e\000l\000l\000\040\171\072\117\213}{chapter.3}% 147
\BOOKMARK [0][-]{chapter.4}{\376\377\000L\000i\000n\000u\000x\000\040\174\373\176\337\177\026\172\013}{}% 148
\BOOKMARK [1][-]{section.4.1}{\376\377\176\277\172\013}{chapter.4}% 149
\BOOKMARK [1][-]{section.4.2}{\376\377\217\333\172\013}{chapter.4}% 150
\BOOKMARK [2][-]{subsection.4.2.1}{\376\377\217\333\172\013\172\172\225\364}{section.4.2}% 151
\BOOKMARK [2][-]{subsection.4.2.2}{\376\377\000u\000i\000d\060\001\000e\000u\000i\000d}{section.4.2}% 152
\BOOKMARK [2][-]{subsection.4.2.3}{\376\377\000f\000o\000r\000k}{section.4.2}% 153
\BOOKMARK [1][-]{section.4.3}{\376\377\121\161\116\253\121\205\133\130\123\072}{chapter.4}% 154
\BOOKMARK [1][-]{section.4.4}{\376\377\155\210\140\157\226\037\122\027}{chapter.4}% 155
\BOOKMARK [1][-]{section.4.5}{\376\377\117\341\123\367\221\317}{chapter.4}% 156
\BOOKMARK [1][-]{section.4.6}{\376\377\136\223\166\204\117\177\165\050}{chapter.4}% 157
\BOOKMARK [2][-]{subsection.4.6.1}{\376\377\116\313\176\315}{section.4.6}% 158
\BOOKMARK [2][-]{subsection.4.6.2}{\376\377\227\131\140\001\121\375\145\160\136\223}{section.4.6}% 159
\BOOKMARK [2][-]{subsection.4.6.3}{\376\377\122\250\140\001\121\375\145\160\136\223}{section.4.6}% 160
\BOOKMARK [0][-]{chapter.5}{\376\377\000L\000i\000n\000u\000x\000\040\147\015\122\241\126\150\144\055\136\372}{}% 161
\BOOKMARK [1][-]{section.5.1}{\376\377\127\372\147\054\142\200\200\375\227\000\154\102}{chapter.5}% 162
\BOOKMARK [2][-]{subsection.5.1.1}{\376\377\177\121\215\357\377\032\116\206\211\343\177\121\215\357\127\372\170\100\167\345\213\306\116\016\142\100\227\000\147\015\122\241\116\113\220\032\213\257\123\117\133\232}{section.5.1}% 163
\BOOKMARK [2][-]{subsection.5.1.2}{\376\377\117\072\147\015\126\150\147\054\216\253\377\032\116\206\211\343\147\266\177\121\215\357\117\072\147\015\126\150\116\113\166\356\166\204\116\345\221\115\124\010\116\073\147\072\166\204\133\211\210\305\211\304\122\022}{section.5.1}% 164
\BOOKMARK [2][-]{subsection.5.1.3}{\376\377\117\072\147\015\126\150\147\054\216\253\377\032\116\206\211\343\117\134\116\032\174\373\176\337\166\204\127\372\147\054\144\315\117\134}{section.5.1}% 165
\BOOKMARK [2][-]{subsection.5.1.4}{\376\377\121\205\220\350\226\062\160\153\130\231\213\276\133\232\377\032\173\241\164\006\174\373\176\337\166\204\123\357\122\006\116\253\215\104\156\220}{section.5.1}% 166
\BOOKMARK [2][-]{subsection.5.1.5}{\376\377\117\072\147\015\126\150\217\157\117\123\213\276\133\232\377\032\133\146\116\140\213\276\133\232\142\200\135\347\116\016\137\000\147\072\146\057\124\046\201\352\122\250\142\147\210\114}{section.5.1}% 167
\BOOKMARK [2][-]{subsection.5.1.6}{\376\377\176\306\220\350\147\103\226\120\213\276\133\232\377\032\123\005\142\354\000S\000E\000L\000i\000n\000u\000x\116\016\150\143\150\110\147\103\226\120}{section.5.1}% 168
