\BOOKMARK [0][-]{chapter.1}{\376\377\133\211\210\305\221\115\177\156}{}% 1
\BOOKMARK [1][-]{section.1.1}{\376\377\124\004\171\315\136\223\145\207\116\366}{chapter.1}% 2
\BOOKMARK [1][-]{section.1.2}{\376\377\136\070\211\301\225\031\213\357}{chapter.1}% 3
\BOOKMARK [2][-]{subsection.1.2.1}{\376\377\0000\000x\0007\0000\0000\0000\0000\0000\0000\0000\000C}{section.1.2}% 4
\BOOKMARK [1][-]{section.1.3}{\376\377\123\302\200\003\145\207\163\056}{chapter.1}% 5
\BOOKMARK [0][-]{chapter.2}{\376\377\121\145\225\350\176\330\126\376}{}% 6
\BOOKMARK [1][-]{section.2.1}{\376\377\173\054\116\000\116\052\116\011\211\322\137\142}{chapter.2}% 7
\BOOKMARK [1][-]{section.2.2}{\376\377\156\062\147\323\173\241\176\277}{chapter.2}% 8
\BOOKMARK [1][-]{section.2.3}{\376\377\167\100\202\162\126\150}{chapter.2}% 9
\BOOKMARK [2][-]{subsection.2.3.1}{\376\377\230\166\160\271\167\100\202\162\126\150}{section.2.3}% 10
\BOOKMARK [2][-]{subsection.2.3.2}{\376\377\162\107\153\265\167\100\202\162\126\150}{section.2.3}% 11
\BOOKMARK [2][-]{subsection.2.3.3}{\376\377\172\013\136\217\176\304\142\020}{section.2.3}% 12
\BOOKMARK [0][-]{chapter.3}{\376\377\126\333\131\047\123\330\143\142}{}% 13
\BOOKMARK [0][-]{chapter.4}{\376\377\116\011\131\047\123\330\143\142}{}% 14
\BOOKMARK [1][-]{section.4.1}{\376\377\136\163\171\373}{chapter.4}% 15
\BOOKMARK [1][-]{section.4.2}{\376\377\145\313\217\154}{chapter.4}% 16
\BOOKMARK [1][-]{section.4.3}{\376\377\177\051\145\076}{chapter.4}% 17
\BOOKMARK [0][-]{chapter.5}{\376\377\000O\000p\000e\000n\000G\000L\127\372\170\100\177\026\172\013}{}% 18
\BOOKMARK [1][-]{subsection.5.0.1}{\376\377\127\372\147\054\176\323\147\204\000-\150\106\147\266}{chapter.5}% 19
\BOOKMARK [2][-]{subsection.5.0.2}{\376\377\121\111\161\147\155\373\122\240}{subsection.5.0.1}% 20
\BOOKMARK [2][-]{subsection.5.0.3}{\376\377\176\271\164\006\155\373\122\240}{subsection.5.0.1}% 21
\BOOKMARK [0][-]{chapter.6}{\376\377\000M\000F\000C\000\040\000w\000i\000t\000h\000\040\000O\000p\000e\000n\000G\000L}{}% 22
\BOOKMARK [1][-]{section.6.1}{\376\377\163\257\130\203\221\115\177\156}{chapter.6}% 23
\BOOKMARK [1][-]{section.6.2}{\376\377\225\352\160\301\211\343\121\263\122\236\154\325}{chapter.6}% 24
\BOOKMARK [1][-]{section.6.3}{\376\377\133\232\145\366\126\150\151\202\137\365\116\016\172\013\136\217}{chapter.6}% 25
\BOOKMARK [1][-]{section.6.4}{\376\377\127\120\150\007\170\156\133\232}{chapter.6}% 26
\BOOKMARK [1][-]{section.6.5}{\376\377\165\073\151\055\164\003}{chapter.6}% 27
\BOOKMARK [0][-]{chapter.7}{\376\377\000O\000p\000e\000n\000G\000L\000\040\213\373\123\326\000\040\000O\000B\000J\000\040\145\207\116\366}{}% 28
\BOOKMARK [1][-]{section.7.1}{\376\377\123\302\200\003\145\207\163\056}{chapter.7}% 29
\BOOKMARK [0][-]{chapter.8}{\376\377\000O\000p\000e\000n\000G\000L\000\040\133\236\163\260\131\051\172\172\166\322\133\120}{}% 30
\BOOKMARK [1][-]{section.8.1}{\376\377\133\236\163\260}{chapter.8}% 31
\BOOKMARK [1][-]{section.8.2}{\376\377\225\031\213\357\213\260\137\125}{chapter.8}% 32
\BOOKMARK [0][-]{chapter.9}{\376\377\000P\000C\000L\000\040\133\211\210\305}{}% 33
\BOOKMARK [1][-]{section.9.1}{\376\377\225\031\213\357\213\260\137\125}{chapter.9}% 34
