\BOOKMARK [0][-]{chapter.1}{\376\377\122\033\136\372\127\213\152\041\137\017\000-\0005\171\315}{}% 1
\BOOKMARK [1][-]{section.1.1}{\376\377\000*\123\125\117\213\152\041\137\017\000-\133\371\214\141\140\047\200\375}{chapter.1}% 2
\BOOKMARK [2][-]{subsection.1.1.1}{\376\377\151\202\211\201}{section.1.1}% 3
\BOOKMARK [2][-]{subsection.1.1.2}{\376\377\133\236\163\260}{section.1.1}% 4
\BOOKMARK [2][-]{subsection.1.1.3}{\376\377\136\224\165\050\127\072\146\157}{section.1.1}% 5
\BOOKMARK [1][-]{section.1.2}{\376\377\000*\135\345\123\202\152\041\137\017\000\040\000-\133\371\214\141\122\033\136\372}{chapter.1}% 6
\BOOKMARK [2][-]{subsection.1.2.1}{\376\377\173\200\123\125\135\345\123\202}{section.1.2}% 7
\BOOKMARK [2][-]{subsection.1.2.2}{\376\377\133\236\163\260}{section.1.2}% 8
\BOOKMARK [2][-]{subsection.1.2.3}{\376\377\151\202\211\201}{section.1.2}% 9
\BOOKMARK [2][-]{subsection.1.2.4}{\376\377\133\236\163\260}{section.1.2}% 10
\BOOKMARK [2][-]{subsection.1.2.5}{\376\377\136\224\165\050\127\072\146\157}{section.1.2}% 11
\BOOKMARK [2][-]{subsection.1.2.6}{\376\377\123\302\200\003}{section.1.2}% 12
\BOOKMARK [1][-]{section.1.3}{\376\377\000*\142\275\214\141\135\345\123\202\152\041\137\017\000\040\000-\133\371\214\141\122\033\136\372}{chapter.1}% 13
\BOOKMARK [2][-]{subsection.1.3.1}{\376\377\151\202\211\201}{section.1.3}% 14
\BOOKMARK [2][-]{subsection.1.3.2}{\376\377\133\236\163\260}{section.1.3}% 15
\BOOKMARK [2][-]{subsection.1.3.3}{\376\377\136\224\165\050\127\072\146\157}{section.1.3}% 16
\BOOKMARK [1][-]{section.1.4}{\376\377\136\372\220\040\200\005\152\041\137\017\000\040\000-\133\371\214\141\122\033\136\372}{chapter.1}% 17
\BOOKMARK [1][-]{section.1.5}{\376\377\123\237\127\213\152\041\137\017\000\040\000P\000r\000o\000t\000o\000t\000y\000p\000e\000\040\000-\133\371\214\141\122\033\136\372}{chapter.1}% 18
\BOOKMARK [0][-]{chapter.2}{\376\377\176\323\147\204\127\213\152\041\137\017\000-\0007\171\315}{}% 19
\BOOKMARK [1][-]{section.2.1}{\376\377\150\145\143\245\152\041\137\017\000\040\000B\000r\000i\000d\000g\000e\000\040\000-\000\040\123\125\116\000\200\114\215\043}{chapter.2}% 20
\BOOKMARK [2][-]{subsection.2.1.1}{\376\377\123\302\200\003}{section.2.1}% 21
\BOOKMARK [2][-]{subsection.2.1.2}{\376\377\151\202\211\201}{section.2.1}% 22
\BOOKMARK [2][-]{subsection.2.1.3}{\376\377\133\236\163\260}{section.2.1}% 23
\BOOKMARK [2][-]{subsection.2.1.4}{\376\377\136\224\165\050\127\072\146\157}{section.2.1}% 24
\BOOKMARK [1][-]{section.2.2}{\376\377\210\305\231\160\152\041\137\017\000\040\000D\000e\000c\000o\000r\000a\000t\000o\000r\000-\000\040\123\125\116\000\200\114\215\043}{chapter.2}% 25
\BOOKMARK [1][-]{section.2.3}{\376\377\000*\176\304\124\010\152\041\137\017\000\040\000C\000o\000m\000p\000o\000s\000i\000t\000e\000\040\000-\145\160\143\156\176\323\147\204\152\041\137\017}{chapter.2}% 26
\BOOKMARK [2][-]{subsection.2.3.1}{\376\377\151\202\211\201}{section.2.3}% 27
\BOOKMARK [2][-]{subsection.2.3.2}{\376\377\133\236\163\260}{section.2.3}% 28
\BOOKMARK [2][-]{subsection.2.3.3}{\376\377\136\224\165\050\127\072\146\157}{section.2.3}% 29
\BOOKMARK [1][-]{section.2.4}{\376\377\000*\116\253\121\103\152\041\137\017\000\040\000F\000l\000y\000W\000e\000i\000g\000h\000t\000-\000\040\133\371\214\141\140\047\200\375}{chapter.2}% 30
\BOOKMARK [2][-]{subsection.2.4.1}{\376\377\151\202\211\201}{section.2.4}% 31
\BOOKMARK [2][-]{subsection.2.4.2}{\376\377\133\236\163\260}{section.2.4}% 32
\BOOKMARK [2][-]{subsection.2.4.3}{\376\377\136\224\165\050\127\072\146\157}{section.2.4}% 33
\BOOKMARK [2][-]{subsection.2.4.4}{\376\377\123\302\200\003}{section.2.4}% 34
\BOOKMARK [1][-]{section.2.5}{\376\377\000*\220\002\221\115\126\150\152\041\137\017\000\040\000A\000d\000a\000p\000t\000e\000r\000-\143\245\123\343\226\224\171\273}{chapter.2}% 35
\BOOKMARK [2][-]{subsection.2.5.1}{\376\377\133\236\163\260}{section.2.5}% 36
\BOOKMARK [2][-]{subsection.2.5.2}{\376\377\133\236\163\260\211\201\160\271}{section.2.5}% 37
\BOOKMARK [2][-]{subsection.2.5.3}{\376\377\123\302\200\003}{section.2.5}% 38
\BOOKMARK [1][-]{section.2.6}{\376\377\116\343\164\006\152\041\137\017\000\040\000P\000r\000o\000x\000y\000\040\000-\143\245\123\343\226\224\171\273}{chapter.2}% 39
\BOOKMARK [2][-]{subsection.2.6.1}{\376\377\133\236\163\260}{section.2.6}% 40
\BOOKMARK [1][-]{section.2.7}{\376\377\131\026\211\302\152\041\137\017\000\040\000F\000a\000c\000a\000d\000e\000\040\000-\143\245\123\343\226\224\171\273}{chapter.2}% 41
\BOOKMARK [0][-]{chapter.3}{\376\377\210\114\116\072\152\041\137\017\000-\0001\0001\171\315}{}% 42
\BOOKMARK [1][-]{section.3.1}{\376\377\000*\211\302\133\337\200\005\152\041\137\017\000\040\000O\000b\000s\000e\000r\000v\000e\000r\000\040\000-\176\304\116\366\123\117\117\134\152\041\137\017}{chapter.3}% 43
\BOOKMARK [2][-]{subsection.3.1.1}{\376\377\151\202\211\201}{section.3.1}% 44
\BOOKMARK [2][-]{subsection.3.1.2}{\376\377\133\236\163\260}{section.3.1}% 45
\BOOKMARK [2][-]{subsection.3.1.3}{\376\377\123\302\200\003}{section.3.1}% 46
\BOOKMARK [1][-]{section.3.2}{\376\377\152\041\162\110\145\271\154\325\152\041\137\017\000\040\000-\176\304\116\366\123\117\117\134\152\041\137\017}{chapter.3}% 47
\BOOKMARK [1][-]{section.3.3}{\376\377\000*\173\126\165\145\152\041\137\017\000\040\000S\000t\000r\000a\000t\000e\000g\000y\000\040\000-\176\304\116\366\123\117\117\134\152\041\137\017}{chapter.3}% 48
\BOOKMARK [2][-]{subsection.3.3.1}{\376\377\151\202\211\201}{section.3.3}% 49
\BOOKMARK [2][-]{subsection.3.3.2}{\376\377\133\236\163\260}{section.3.3}% 50
\BOOKMARK [2][-]{subsection.3.3.3}{\376\377\136\224\165\050\127\072\146\157}{section.3.3}% 51
\BOOKMARK [1][-]{section.3.4}{\376\377\162\266\140\001\152\041\137\017\000\040\000-\162\266\140\001\123\330\123\026}{chapter.3}% 52
\BOOKMARK [1][-]{section.3.5}{\376\377\131\007\137\330\137\125\152\041\137\017\000\040\000-\162\266\140\001\123\330\123\026}{chapter.3}% 53
\BOOKMARK [1][-]{section.3.6}{\376\377\116\055\116\313\200\005\152\041\137\017\000\040\000-\143\245\123\343\226\224\171\273}{chapter.3}% 54
\BOOKMARK [1][-]{section.3.7}{\376\377\124\175\116\344\152\041\137\017\000\040\000-\210\114\116\072\123\330\123\026\152\041\137\017}{chapter.3}% 55
\BOOKMARK [1][-]{section.3.8}{\376\377\213\277\225\356\200\005\152\041\137\017\000\040\000-\210\114\116\072\123\330\123\026\152\041\137\017}{chapter.3}% 56
\BOOKMARK [1][-]{section.3.9}{\376\377\200\114\215\043\224\376\152\041\137\017\000\040\000-\145\160\143\156\176\323\147\204\152\041\137\017}{chapter.3}% 57
\BOOKMARK [1][-]{section.3.10}{\376\377\000*\217\355\116\343\126\150\152\041\137\017\000\040\000I\000t\000e\000r\000a\000t\000o\000r\000-\145\160\143\156\176\323\147\204\152\041\137\017}{chapter.3}% 58
\BOOKMARK [2][-]{subsection.3.10.1}{\376\377\151\202\211\201}{section.3.10}% 59
\BOOKMARK [2][-]{subsection.3.10.2}{\376\377\133\236\163\260}{section.3.10}% 60
\BOOKMARK [2][-]{subsection.3.10.3}{\376\377\123\302\200\003}{section.3.10}% 61
\BOOKMARK [1][-]{section.3.11}{\376\377\211\343\221\312\126\150\152\041\137\017\000\040\000-\230\206\127\337\225\356\230\230}{chapter.3}% 62
\BOOKMARK [0][-]{chapter.4}{\376\377\000U\000M\000L\000\040\173\307}{}% 63
\BOOKMARK [1][-]{section.4.1}{\376\377\174\173\126\376\173\046\123\367}{chapter.4}% 64
\BOOKMARK [1][-]{section.4.2}{\376\377\174\173\126\376\121\163\174\373}{chapter.4}% 65
\BOOKMARK [1][-]{section.4.3}{\376\377\145\366\225\364\136\217\122\027\126\376}{chapter.4}% 66
\BOOKMARK [1][-]{section.4.4}{\376\377\123\005\126\376}{chapter.4}% 67
