\BOOKMARK [0][-]{chapter.1}{\376\377\0002\0000\0001\0005}{}% 1
\BOOKMARK [1][-]{section.1.1}{\376\377\060\012\215\160\225\031\215\357\377\014\116\137\200\375\122\060\133\371\134\270\060\013\000\040}{chapter.1}% 2
\BOOKMARK [1][-]{section.1.2}{\376\377\060\012\172\167\162\070\162\070\133\314\162\070\162\070\060\013\000-\177\127\117\057\162\171\000\040}{chapter.1}% 3
\BOOKMARK [1][-]{section.1.3}{\376\377\060\012\142\020\134\061\117\140\116\000\165\037\166\204\0001\0000\0000\147\141\124\362\164\006\060\013\000\040}{chapter.1}% 4
\BOOKMARK [1][-]{section.1.4}{\376\377\060\012\126\340\116\072\165\333\377\014\142\100\116\345\123\353\227\122\146\045\060\013\000-\000\050\227\351\000\051\221\321\121\160\220\375\000\040}{chapter.1}% 5
\BOOKMARK [1][-]{section.1.5}{\376\377\060\012\124\310\117\133\121\314\146\150\126\333\160\271\123\112\060\013\000-\227\346\171\300\202\361\000\040}{chapter.1}% 6
\BOOKMARK [1][-]{section.1.6}{\376\377\060\012\0003\0005\134\201\122\115\211\201\120\132\166\204\0003\0003\116\366\116\213\060\013\000-\205\041\206\171\000\040}{chapter.1}% 7
\BOOKMARK [1][-]{section.1.7}{\376\377\060\012\153\317\131\051\133\146\160\271\145\366\225\364\173\241\164\006\147\057\060\013\000\040}{chapter.1}% 8
\BOOKMARK [1][-]{section.1.8}{\376\377\060\012\116\015\146\376\215\160\217\307\377\014\140\016\117\032\141\302\137\227\060\013\000\040}{chapter.1}% 9
\BOOKMARK [1][-]{section.1.9}{\376\377\060\012\146\045\131\051\154\211\221\211\166\204\146\132\116\012\060\013\000\040}{chapter.1}% 10
\BOOKMARK [1][-]{section.1.10}{\376\377\060\012\215\337\116\373\117\125\116\272\220\375\200\112\137\227\147\145\060\013\000\040}{chapter.1}% 11
\BOOKMARK [2][-]{subsection.1.10.1}{\376\377\127\132\143\001\201\352\135\361\166\204\116\052\140\047\377\014\116\244\214\010\142\115\117\032\146\364\147\011\215\243}{section.1.10}% 12
\BOOKMARK [2][-]{subsection.1.10.2}{\376\377\117\140\167\037\166\204\116\206\211\343\201\352\135\361\116\110}{section.1.10}% 13
\BOOKMARK [2][-]{subsection.1.10.3}{\376\377\116\072\116\300\116\110\124\054\116\015\141\302\377\014\116\072\116\300\116\110\213\364\116\015\156\005}{section.1.10}% 14
\BOOKMARK [2][-]{subsection.1.10.4}{\376\377\143\021\142\030\142\021\116\354\137\303\116\055\166\204\120\107\213\276}{section.1.10}% 15
\BOOKMARK [2][-]{subsection.1.10.5}{\376\377\142\176\122\060\121\161\124\014\166\204\121\164\215\243\160\271}{section.1.10}% 16
\BOOKMARK [2][-]{subsection.1.10.6}{\376\377\123\103\145\271\166\176\213\241\213\251\201\352\135\361\123\330\137\227\147\011\215\243}{section.1.10}% 17
\BOOKMARK [2][-]{subsection.1.10.7}{\376\377\133\146\117\032\116\316\116\326\116\272\166\204\211\322\136\246\121\372\123\321}{section.1.10}% 18
\BOOKMARK [2][-]{subsection.1.10.8}{\376\377\133\146\117\032\120\076\124\054\377\014\122\053\116\272\142\115\200\375\200\112\166\204\137\000}{section.1.10}% 19
\BOOKMARK [2][-]{subsection.1.10.9}{\376\377\133\146\117\032\143\320\225\356\377\014\122\053\116\272\142\115\200\375\200\112\166\204\220\017}{section.1.10}% 20
\BOOKMARK [2][-]{subsection.1.10.10}{\376\377\123\213\122\233\377\014\116\000\171\315\171\357\147\201\166\204\154\237\220\032\122\233\221\317}{section.1.10}% 21
\BOOKMARK [2][-]{subsection.1.10.11}{\376\377\131\202\117\125\136\224\133\371\150\330\142\113\166\204\116\244\214\010}{section.1.10}% 22
\BOOKMARK [2][-]{subsection.1.10.12}{\376\377\142\030\200\334\116\244\214\010\142\326\136\366\165\307}{section.1.10}% 23
\BOOKMARK [2][-]{subsection.1.10.13}{\376\377\133\146\117\032\213\260\173\024\213\260\377\014\116\072\116\272\226\105\121\163\174\373\122\240\122\006}{section.1.10}% 24
\BOOKMARK [2][-]{subsection.1.10.14}{\376\377\171\373\122\250\116\222\200\124\145\366\116\343\166\204\154\237\220\032\142\200\135\347}{section.1.10}% 25
\BOOKMARK [1][-]{section.1.11}{\376\377\060\012\137\256\145\366\225\364\173\241\164\006\147\057\060\013\000\040}{chapter.1}% 26
\BOOKMARK [1][-]{section.1.12}{\376\377\060\012\116\124\136\003\145\257\166\204\233\124\122\233\157\024\213\262\060\013\000-\000\040\123\141\217\310\140\151\000\267\122\240\155\033}{chapter.1}% 27
\BOOKMARK [0][-]{chapter.2}{\376\377\0002\0000\0001\0006}{}% 28
\BOOKMARK [1][-]{section.2.1}{\376\377\060\012\000\040\134\233\116\012\116\146\136\227\000\040\060\013\000-\122\240\136\003\164\136\127\303\142\311\040\042\154\375\145\207\000\040}{chapter.2}% 29
\BOOKMARK [1][-]{section.2.2}{\376\377\060\012\000\040\155\152\157\156\116\113\135\305\000\040\060\013\000\040}{chapter.2}% 30
\BOOKMARK [1][-]{section.2.3}{\376\377\060\012\000\040\116\000\122\006\224\237\200\375\120\132\116\300\116\110\000\040\060\013\000\040}{chapter.2}% 31
\BOOKMARK [1][-]{section.2.4}{\376\377\060\012\000\040\116\126\377\014\144\170\144\170\131\064\000\040\060\013\000-\000\040\131\047\121\260\000\040}{chapter.2}% 32
\BOOKMARK [2][-]{subsection.2.4.1}{\376\377\145\105\116\213}{section.2.4}% 33
\BOOKMARK [2][-]{subsection.2.4.2}{\376\377\123\345}{section.2.4}% 34
\BOOKMARK [1][-]{section.2.5}{\376\377\060\012\000\040\126\364\127\316\000\040\060\013\000\040}{chapter.2}% 35
\BOOKMARK [1][-]{section.2.6}{\376\377\060\012\000\040\116\000\116\052\116\272\166\204\147\035\127\043\000\040\060\013\000-\205\176\171\313\000\267\116\124\117\012\145\257\000\040}{chapter.2}% 36
\BOOKMARK [2][-]{subsection.2.6.1}{\376\377\145\105\116\213}{section.2.6}% 37
\BOOKMARK [1][-]{section.2.7}{\376\377\060\012\000\040\116\316\117\140\166\204\121\150\116\026\165\114\215\357\217\307\000\040\060\013\000\040\000-\137\040\126\011\117\163\000\040}{chapter.2}% 38
\BOOKMARK [2][-]{subsection.2.7.1}{\376\377\126\376\116\146\173\307}{section.2.7}% 39
\BOOKMARK [2][-]{subsection.2.7.2}{\376\377\165\065\137\161\173\307\000-\142\063\116\015\116\055\131\163\116\272\000G\160\271\377\014\121\215\162\061\116\137\123\352\200\375\120\132\116\052\215\357\116\272}{section.2.7}% 40
\BOOKMARK [2][-]{subsection.2.7.3}{\376\377\123\345\133\120}{section.2.7}% 41
\BOOKMARK [1][-]{section.2.8}{\376\377\060\012\000\040\133\146\117\032\143\320\225\356\000\040\060\013\000\040}{chapter.2}% 42
\BOOKMARK [1][-]{section.2.9}{\376\377\060\012\000\040\217\375\230\316\173\135\166\204\116\272\000\040\060\013\000\040}{chapter.2}% 43
\BOOKMARK [1][-]{section.2.10}{\376\377\060\012\000\040\155\073\167\100\000\040\060\013\000\040\000-\000\040\117\131\123\116\000\040}{chapter.2}% 44
\BOOKMARK [1][-]{section.2.11}{\376\377\000<\162\061\000>\000\040\000-\000\040\137\040\162\061\163\262}{chapter.2}% 45
\BOOKMARK [1][-]{section.2.12}{\376\377\060\012\000\040\142\021\116\354\116\350\000\040\060\013\000\040\000-\000\040\147\150\176\333}{chapter.2}% 46
\BOOKMARK [1][-]{section.2.13}{\376\377\000<\116\000\123\352\162\171\172\313\162\354\210\114\166\204\163\052\000>\000\040\000-\000\040\163\213\134\017\154\342}{chapter.2}% 47
\BOOKMARK [1][-]{section.2.14}{\376\377\000<\116\000\170\227\156\005\154\144\203\136\236\246\227\142\000>\000\040\000-\000\040\150\027\202\157\136\163}{chapter.2}% 48
\BOOKMARK [1][-]{section.2.15}{\376\377\060\012\000\040\131\051\142\115\127\050\135\346\165\257\133\120\127\050\123\363\000\040\060\013\000\040\000-\000\040\232\330\224\355}{chapter.2}% 49
\BOOKMARK [1][-]{section.2.16}{\376\377\060\012\000\040\167\345\210\114\124\010\116\000\377\014\163\213\226\063\146\016\000\040\060\013\000-\000\040\136\246\226\064\134\161}{chapter.2}% 50
\BOOKMARK [2][-]{subsection.2.16.1}{\376\377\137\303\133\146\166\204\225\356\116\026}{section.2.16}% 51
\BOOKMARK [2][-]{subsection.2.16.2}{\376\377\116\072\116\300\116\110\146\057\163\213\226\063\146\016}{section.2.16}% 52
\BOOKMARK [2][-]{subsection.2.16.3}{\376\377\163\213\226\063\146\016\131\202\117\125\120\132\122\060\167\345\210\114\124\010\116\000\116\113\123\127\215\143\000\050\000g\000a\000n\000\051\122\177\123\052}{section.2.16}% 53
\BOOKMARK [1][-]{section.2.17}{\376\377\000<\147\050\121\160\202\261\000\267\142\337\123\344\121\263\176\335\213\315\147\354\123\313\377\014\176\263\121\160\140\047\137\267\000>}{chapter.2}% 54
\BOOKMARK [1][-]{section.2.18}{\376\377\060\012\000\040\150\074\134\100\220\006\210\255\000\040\060\013\000\040\000-\000\040\116\007\200\375\166\204\131\047\161\212\000\040}{chapter.2}% 55
\BOOKMARK [1][-]{section.2.19}{\376\377\000<\127\060\153\357\166\204\220\243\116\000\172\357\377\014\137\040\146\123\230\316\000>}{chapter.2}% 56
\BOOKMARK [1][-]{section.2.20}{\376\377\000<\117\140\154\241\147\011\147\103\122\051\213\304\122\044\142\021\377\014\121\257\134\017\121\357\000>}{chapter.2}% 57
\BOOKMARK [1][-]{section.2.21}{\376\377\000<\162\066\116\262\377\014\145\143\145\207\177\121\000>}{chapter.2}% 58
\BOOKMARK [1][-]{section.2.22}{\376\377\000<\142\345\147\011\230\316\117\341\133\120\000,\146\057\131\210\131\210\166\204\136\170\171\217\000-\122\030\176\347\203\143\000>}{chapter.2}% 59
\BOOKMARK [1][-]{section.2.23}{\376\377\000<\117\134\116\072\213\373\200\005\166\204\214\046\206\132\000-\204\213\145\271\202\037\000>}{chapter.2}% 60
\BOOKMARK [1][-]{section.2.24}{\376\377\000<\120\107\202\345\142\021\121\215\116\012\116\000\153\041\131\047\133\146\000-\133\143\177\241\147\227\000>\000\040\060\012\133\143\177\241\147\227\214\010\116\272\165\037\060\013}{chapter.2}% 61
\BOOKMARK [1][-]{section.2.25}{\376\377\000<\147\011\116\000\171\315\233\105\122\233\000,\123\353\140\334\133\127\131\202\221\321\000-\230\234\123\144\161\156\000>}{chapter.2}% 62
\BOOKMARK [1][-]{section.2.26}{\376\377\060\012\000\040\142\021\116\015\125\234\153\042\217\331\116\026\165\114\060\001\142\021\123\352\125\234\153\042\117\140\000\040\060\013\000-\116\124\116\000}{chapter.2}% 63
\BOOKMARK [1][-]{section.2.27}{\376\377\000<\200\314\137\161\000\040\000-\000\040\147\061\201\352\156\005\000>}{chapter.2}% 64
\BOOKMARK [1][-]{section.2.28}{\376\377\060\012\000\040\143\052\132\001\166\204\150\356\147\227\000\040\060\013\000\040\000-\147\121\116\012\146\045\150\021\000\040}{chapter.2}% 65
\BOOKMARK [1][-]{section.2.29}{\376\377\060\012\000\040\116\206\116\015\215\167\166\204\166\326\203\050\153\324\000\040\060\013\000\040\000-\203\362\203\050\147\160\142\311\137\267\000\040}{chapter.2}% 66
\BOOKMARK [1][-]{section.2.30}{\376\377\060\012\000\040\144\222\124\310\142\311\166\204\145\105\116\213\000\040\060\013\000\040\000-\116\011\153\333\000\040}{chapter.2}% 67
\BOOKMARK [1][-]{section.2.31}{\376\377\000<\123\344\116\343\177\216\131\175\166\204\0001\0008\171\315\116\244\140\305\171\360\214\023\000>\000\040}{chapter.2}% 68
\BOOKMARK [1][-]{section.2.32}{\376\377\143\317\217\360\131\163\116\272\166\204\177\216}{chapter.2}% 69
\BOOKMARK [1][-]{section.2.33}{\376\377\000<\215\160\217\307\153\213\221\167\200\014\177\216\131\175\166\204\145\366\121\111\000>\000\040\000-\000\040\131\327\131\327}{chapter.2}% 70
\BOOKMARK [1][-]{section.2.34}{\376\377\000<\131\202\147\234\136\070\155\101\154\352\377\014\134\061\116\015\200\375\167\013\211\301\146\037\121\111\000>\000\040\000-\000\040\116\011\153\333}{chapter.2}% 71
\BOOKMARK [1][-]{section.2.35}{\376\377\162\061\140\305\227\000\211\201\154\350\141\017\166\204\116\000\116\233\137\303\137\227}{chapter.2}% 72
\BOOKMARK [1][-]{section.2.36}{\376\377\000<\116\000\150\365\131\047\150\021\000>\000\040\000-\000\040\214\042\134\024\000.\211\177\137\027\145\257\154\100}{chapter.2}% 73
\BOOKMARK [1][-]{section.2.37}{\376\377\000<\122\053\116\272\213\250\123\214\117\140\377\014\136\166\116\015\146\057\126\340\116\072\117\140\116\015\117\032\213\364\213\335\000>\000\040\000-\000\040\177\121\144\130}{chapter.2}% 74
\BOOKMARK [1][-]{section.2.38}{\376\377\000<\117\140\213\364\213\335\166\364\377\037\133\371\116\015\215\167\142\021\137\210\116\313\141\017\377\001\000>\000\040\000-\000\040\120\074\137\227\123\315\140\035\166\204\116\000\173\307\177\121\144\130}{chapter.2}% 75
\BOOKMARK [1][-]{section.2.39}{\376\377\142\021\162\061\117\140\166\204\131\032\171\315\210\150\217\276}{chapter.2}% 76
\BOOKMARK [1][-]{section.2.40}{\376\377\060\012\000\040\173\200\162\061\000.\000J\000a\000n\000e\000.\000E\000y\000r\000e\000\040\060\013\000\040\000-\000\040\131\017\155\033\204\202\000\267\122\303\147\027\162\171}{chapter.2}% 77
\BOOKMARK [1][-]{section.2.41}{\376\377\116\000\116\233\123\357\116\345\127\371\121\173\166\204\116\140\140\357}{chapter.2}% 78
\BOOKMARK [1][-]{section.2.42}{\376\377\116\000\116\233\213\327}{chapter.2}% 79
\BOOKMARK [2][-]{subsection.2.42.1}{\376\377\201\171\147\011\213\327\116\146\154\024\201\352\123\116\000\040\000-\000\040\060\012\000\040\124\214\204\143\117\040\165\131\122\053\000\040\060\013\000\040\000-\202\317\217\174\000\040}{section.2.42}% 80
\BOOKMARK [2][-]{subsection.2.42.2}{\376\377\116\272\165\037\121\340\126\336\117\044\137\200\116\213\000\040\000-\000\040\060\012\211\177\130\136\134\161\140\000\123\344\060\013\000\040\000-\122\030\171\271\225\041}{section.2.42}% 81
\BOOKMARK [2][-]{subsection.2.42.3}{\376\377\140\305\116\272\167\074\221\314\121\372\211\177\145\275\000\040\000-\060\012\000\040\226\306\147\155\135\336\117\327\213\355\213\327\000\040\060\013\000\040\000-\000\040\236\304\130\236\000\040}{section.2.42}% 82
\BOOKMARK [2][-]{subsection.2.42.4}{\376\377\131\025\226\063\145\340\226\120\131\175\377\014\123\352\146\057\217\321\236\304\146\017\000\040\000-\000\040\147\116\125\106\226\220}{section.2.42}% 83
\BOOKMARK [2][-]{subsection.2.42.5}{\376\377\146\045\133\265\116\000\122\073\120\074\123\103\221\321\000\040\000-\000\040\202\317\217\174}{section.2.42}% 84
\BOOKMARK [1][-]{section.2.43}{\376\377\213\370\204\133\145\131\133\120\116\146}{chapter.2}% 85
\BOOKMARK [1][-]{section.2.44}{\376\377\060\012\000\040\215\160\127\050\116\272\165\037\217\271\116\012\000\040\060\013\000-\000\040\147\150\176\333\000\040}{chapter.2}% 86
\BOOKMARK [1][-]{section.2.45}{\376\377\122\115\212\000\166\204\233\074\171\136\133\130\127\050\213\272}{chapter.2}% 87
\BOOKMARK [1][-]{section.2.46}{\376\377\213\355\137\125\144\130\211\201}{chapter.2}% 88
\BOOKMARK [0][-]{chapter.3}{\376\377\0002\0000\0001\0007}{}% 89
\BOOKMARK [1][-]{section.3.1}{\376\377\060\012\000\040\116\206\116\015\215\167\166\204\166\326\203\050\153\324\000\040\060\013\000\040}{chapter.3}% 90
\BOOKMARK [1][-]{section.3.2}{\376\377\060\012\000\040\226\376\220\375\133\144\121\077\000\040\060\013\000\040}{chapter.3}% 91
\BOOKMARK [1][-]{section.3.3}{\376\377\060\012\000\040\146\376\126\375\205\351\133\266\116\146\000\040\060\013\000\040}{chapter.3}% 92
\BOOKMARK [2][-]{subsection.3.3.1}{\376\377\122\235\133\146}{section.3.3}% 93
\BOOKMARK [2][-]{subsection.3.3.2}{\376\377\117\356\216\253}{section.3.3}% 94
\BOOKMARK [2][-]{subsection.3.3.3}{\376\377\116\244\123\313}{section.3.3}% 95
\BOOKMARK [1][-]{section.3.4}{\376\377\060\012\000\040\236\246\165\060\221\314\166\204\133\210\147\033\200\005\000\040\060\013\000\040}{chapter.3}% 96
\BOOKMARK [1][-]{section.3.5}{\376\377\060\012\000\040\134\233\116\012\116\146\136\227\000\040\060\013\000\040}{chapter.3}% 97
\BOOKMARK [2][-]{subsection.3.5.1}{\376\377\137\200\116\213}{section.3.5}% 98
\BOOKMARK [2][-]{subsection.3.5.2}{\376\377\163\260\116\373}{section.3.5}% 99
\BOOKMARK [2][-]{subsection.3.5.3}{\376\377\123\345\133\120}{section.3.5}% 100
\BOOKMARK [1][-]{section.3.6}{\376\377\000<\140\363\131\175\134\061\122\250\142\113\000\040\000-\000\040\147\227\213\355\130\002\000>}{chapter.3}% 101
