\BOOKMARK [0][-]{chapter.1}{\376\377\147\266\147\204\173\307}{}% 1
\BOOKMARK [1][-]{section.1.1}{\376\377\147\266\147\204\173\307}{chapter.1}% 2
\BOOKMARK [2][-]{subsection.1.1.1}{\376\377\226\037\122\027\000+\217\336\143\245\154\140}{section.1.1}% 3
\BOOKMARK [2][-]{subsection.1.1.2}{\376\377\177\023\133\130}{section.1.1}% 4
\BOOKMARK [2][-]{subsection.1.1.3}{\376\377\145\160\143\156\136\223\213\373\121\231\122\006\171\273}{section.1.1}% 5
\BOOKMARK [2][-]{subsection.1.1.4}{\376\377\145\160\143\156\122\006\123\072}{section.1.1}% 6
\BOOKMARK [2][-]{subsection.1.1.5}{\376\377\136\224\165\050\147\015\122\241\126\150\166\204\215\037\217\175\127\107\210\141}{section.1.1}% 7
\BOOKMARK [2][-]{subsection.1.1.6}{\376\377\147\015\122\241\126\150\140\047\200\375\166\204\126\333\131\047\147\100\153\173}{section.1.1}% 8
\BOOKMARK [1][-]{section.1.2}{\376\377\147\266\147\204\157\024\123\026\155\101\172\013}{chapter.1}% 9
\BOOKMARK [2][-]{subsection.1.2.1}{\376\377\147\015\122\241\126\150\116\016\145\160\143\156\136\223\122\006\171\273}{section.1.2}% 10
\BOOKMARK [2][-]{subsection.1.2.2}{\376\377\177\023\133\130\131\004\164\006}{section.1.2}% 11
\BOOKMARK [2][-]{subsection.1.2.3}{\376\377\147\015\122\241\126\150\226\306\177\244\000+\213\373\121\231\122\006\171\273}{section.1.2}% 12
\BOOKMARK [2][-]{subsection.1.2.4}{\376\377\215\037\217\175\127\107\210\141}{section.1.2}% 13
\BOOKMARK [2][-]{subsection.1.2.5}{\376\377\000C\000D\000N\060\001\122\006\136\003\137\017\177\023\133\130\060\001\122\006\136\223\122\006\210\150}{section.1.2}% 14
\BOOKMARK [2][-]{subsection.1.2.6}{\376\377\131\032\145\160\143\156\116\055\137\303\000+\122\006\136\003\137\017\133\130\120\250\116\016\213\241\173\227}{section.1.2}% 15
\BOOKMARK [0][-]{chapter.2}{\376\377\217\333\172\013\116\016\176\277\172\013\173\307}{}% 16
\BOOKMARK [1][-]{section.2.1}{\376\377\217\333\172\013\060\001\176\277\172\013\000-\153\324\133\371}{chapter.2}% 17
\BOOKMARK [0][-]{chapter.3}{\376\377\000T\000C\000P\000/\000I\000P\000\040\127\372\170\100\173\307}{}% 18
\BOOKMARK [1][-]{section.3.1}{\376\377\134\102\153\041\176\323\147\204\116\016\121\163\174\373}{chapter.3}% 19
\BOOKMARK [2][-]{subsection.3.1.1}{\376\377\000O\000S\000I\000-\000I\000S\000O\000\040\0007\134\102\152\041\127\213}{section.3.1}% 20
\BOOKMARK [2][-]{subsection.3.1.2}{\376\377\000T\000C\000P\000\040\0004\134\102\152\041\127\213\000\040\116\016\000\040\000O\000S\000I\000\040\0007\134\102\152\041\127\213\000\040\166\204\121\163\174\373}{section.3.1}% 21
\BOOKMARK [2][-]{subsection.3.1.3}{\376\377\172\357\123\343}{section.3.1}% 22
\BOOKMARK [1][-]{section.3.2}{\376\377\145\160\143\156\224\376\215\357\134\102\166\370\121\163\167\345\213\306}{chapter.3}% 23
\BOOKMARK [2][-]{subsection.3.2.1}{\376\377\147\000\131\047\117\040\217\223\123\125\121\103\000\050\000M\000T\000U\000\051\000/\215\357\137\204\000\050\000M\000T\000U\000\051}{section.3.2}% 24
\BOOKMARK [2][-]{subsection.3.2.2}{\376\377\116\345\131\052\177\121\136\047\150\074\137\017}{section.3.2}% 25
\BOOKMARK [2][-]{subsection.3.2.3}{\376\377\000A\000R\000P\000-\127\060\127\100\211\343\147\220\123\117\213\256\377\032\134\006\000I\000P\127\060\127\100\211\343\147\220\122\060\000M\000A\000C\127\060\127\100}{section.3.2}% 26
\BOOKMARK [2][-]{subsection.3.2.4}{\376\377\000R\000A\000R\000P\000-\123\315\127\060\127\100\211\343\147\220\123\117\213\256\377\032\134\006\000M\000A\000C\127\060\127\100\211\343\147\220\122\060\000I\000P\127\060\127\100}{section.3.2}% 27
\BOOKMARK [1][-]{section.3.3}{\376\377\177\121\176\334\000\050\000I\000P\000\051\134\102\166\370\121\163\167\345\213\306}{chapter.3}% 28
\BOOKMARK [2][-]{subsection.3.3.1}{\376\377\000I\000C\000M\000P}{section.3.3}% 29
\BOOKMARK [2][-]{subsection.3.3.2}{\376\377\000I\000P\000\040\145\160\143\156\142\245\150\074\137\017}{section.3.3}% 30
\BOOKMARK [2][-]{subsection.3.3.3}{\376\377\177\121\226\105\150\041\232\214\124\214}{section.3.3}% 31
\BOOKMARK [2][-]{subsection.3.3.4}{\376\377\215\357\165\061}{section.3.3}% 32
\BOOKMARK [1][-]{section.3.4}{\376\377\117\040\217\223\134\102\000\040\166\370\121\163\167\345\213\306\377\032\000T\000C\000P\000/\000U\000D\000P\000\040}{chapter.3}% 33
\BOOKMARK [2][-]{subsection.3.4.1}{\376\377\000T\000C\000P}{section.3.4}% 34
\BOOKMARK [2][-]{subsection.3.4.2}{\376\377\000U\000D\000P}{section.3.4}% 35
\BOOKMARK [0][-]{chapter.4}{\376\377\000s\000o\000c\000k\000e\000t\177\026\172\013\173\307}{}% 36
\BOOKMARK [1][-]{section.4.1}{\376\377\127\372\147\054\151\202\137\365}{chapter.4}% 37
\BOOKMARK [2][-]{subsection.4.1.1}{\376\377\000s\000o\000c\000k\000e\000t}{section.4.1}% 38
\BOOKMARK [2][-]{subsection.4.1.2}{\376\377\177\121\176\334\133\127\202\202\136\217}{section.4.1}% 39
\BOOKMARK [2][-]{subsection.4.1.3}{\376\377\131\127\143\245\133\127\174\173\127\213}{section.4.1}% 40
\BOOKMARK [2][-]{subsection.4.1.4}{\376\377\155\101\137\017\131\127\143\245\133\127\166\204\174\230\123\005\225\356\230\230}{section.4.1}% 41
\BOOKMARK [2][-]{subsection.4.1.5}{\376\377\203\267\123\326\147\054\147\072\177\121\176\334\127\060\127\100}{section.4.1}% 42
\BOOKMARK [1][-]{section.4.2}{\376\377\127\372\147\054\166\204\000C\000/\000S\000\040\220\032\117\341\152\041\127\213}{chapter.4}% 43
\BOOKMARK [2][-]{subsection.4.2.1}{\376\377\220\032\117\341\152\041\127\213}{section.4.2}% 44
\BOOKMARK [2][-]{subsection.4.2.2}{\376\377\133\242\142\067\172\357\117\177\165\050\166\204\121\375\145\160\123\312\117\134\165\050}{section.4.2}% 45
\BOOKMARK [2][-]{subsection.4.2.3}{\376\377\147\015\122\241\126\150\117\177\165\050\166\204\121\375\145\160\123\312\117\134\165\050}{section.4.2}% 46
\BOOKMARK [2][-]{subsection.4.2.4}{\376\377\000R\000E\000U\000S\000E\000A\000D\000D\000R}{section.4.2}% 47
\BOOKMARK [2][-]{subsection.4.2.5}{\376\377\000c\000l\000o\000s\000e\116\016\000s\000h\000u\000t\000d\000o\000w\000n\000\040\166\204\123\072\122\053}{section.4.2}% 48
\BOOKMARK [2][-]{subsection.4.2.6}{\376\377\000F\000I\000N\000\040\116\016\000\040\000R\000S\000T}{section.4.2}% 49
\BOOKMARK [2][-]{subsection.4.2.7}{\376\377\000S\000I\000G\000P\000I\000P\000E}{section.4.2}% 50
\BOOKMARK [2][-]{subsection.4.2.8}{\376\377\000T\000C\000P\000\040\000N\000o\000\040\000D\000e\000l\000a\000y}{section.4.2}% 51
\BOOKMARK [2][-]{subsection.4.2.9}{\376\377\131\032\217\333\172\013\147\015\122\241\126\150\000-\121\101\213\270\131\032\000c\000l\000i\000e\000n\000t\213\277\225\356}{section.4.2}% 52
\BOOKMARK [1][-]{section.4.3}{\376\377\000P\000e\000e\000r\000\040\000T\000o\000\040\000P\000e\000e\000r\000\040\160\271\133\371\160\271\220\032\117\341\377\032\000P\0002\000P}{chapter.4}% 53
\BOOKMARK [2][-]{subsection.4.3.1}{\376\377\117\341\123\367\147\072\122\066}{section.4.3}% 54
\BOOKMARK [2][-]{subsection.4.3.2}{\376\377\147\015\122\241\126\150\172\357}{section.4.3}% 55
\BOOKMARK [2][-]{subsection.4.3.3}{\376\377\133\242\142\067\172\357}{section.4.3}% 56
\BOOKMARK [1][-]{section.4.4}{\376\377\000f\000o\000r\000k\000\040\217\333\172\013}{chapter.4}% 57
\BOOKMARK [1][-]{section.4.5}{\376\377\120\365\134\070\217\333\172\013}{chapter.4}% 58
\BOOKMARK [2][-]{subsection.4.5.1}{\376\377\123\302\200\003}{section.4.5}% 59
\BOOKMARK [2][-]{subsection.4.5.2}{\376\377\000w\000a\000i\000t\000\040\116\016\000\040\000w\000a\000i\000t\000p\000i\000d}{section.4.5}% 60
\BOOKMARK [1][-]{section.4.6}{\376\377\133\144\121\077\217\333\172\013}{chapter.4}% 61
\BOOKMARK [1][-]{section.4.7}{\376\377\133\210\142\244\217\333\172\013}{chapter.4}% 62
\BOOKMARK [2][-]{subsection.4.7.1}{\376\377\133\210\142\244\217\333\172\013\166\204\217\223\121\372}{section.4.7}% 63
\BOOKMARK [2][-]{subsection.4.7.2}{\376\377\133\210\142\244\217\333\172\013\166\204\124\057\122\250\145\271\154\325\147\011}{section.4.7}% 64
\BOOKMARK [2][-]{subsection.4.7.3}{\376\377\122\006\174\173}{section.4.7}% 65
\BOOKMARK [2][-]{subsection.4.7.4}{\376\377\000U\000I\000D\000,\000E\000U\000I\000D}{section.4.7}% 66
\BOOKMARK [1][-]{section.4.8}{\376\377\000T\000C\000P}{chapter.4}% 67
\BOOKMARK [2][-]{subsection.4.8.1}{\376\377\0001\0001\171\315\162\266\140\001}{section.4.8}% 68
\BOOKMARK [2][-]{subsection.4.8.2}{\376\377\0003\153\041\143\341\142\113\000:\136\372\172\313\224\376\143\245}{section.4.8}% 69
\BOOKMARK [2][-]{subsection.4.8.3}{\376\377\0004\153\041\143\341\142\113\000:\176\310\153\142\224\376\143\245}{section.4.8}% 70
\BOOKMARK [1][-]{section.4.9}{\376\377\131\127\143\245\133\127\220\011\230\171}{chapter.4}% 71
\BOOKMARK [2][-]{subsection.4.9.1}{\376\377\166\370\121\163\121\375\145\160}{section.4.9}% 72
\BOOKMARK [2][-]{subsection.4.9.2}{\376\377\117\116\154\064\117\115\150\007\213\260}{section.4.9}% 73
\BOOKMARK [2][-]{subsection.4.9.3}{\376\377\232\330\154\064\117\115\150\007\213\260}{section.4.9}% 74
\BOOKMARK [2][-]{subsection.4.9.4}{\376\377\000S\000O\000\137\000K\000E\000E\000P\000A\000L\000I\000V\000E}{section.4.9}% 75
\BOOKMARK [2][-]{subsection.4.9.5}{\376\377\000S\000O\000\137\000L\000I\000N\000G\000E\000R}{section.4.9}% 76
\BOOKMARK [2][-]{subsection.4.9.6}{\376\377\000S\000O\000\137\000R\000C\000V\000B\000U\000F}{section.4.9}% 77
\BOOKMARK [2][-]{subsection.4.9.7}{\376\377\000S\000O\000\137\000S\000N\000D\000B\000U\000F}{section.4.9}% 78
\BOOKMARK [2][-]{subsection.4.9.8}{\376\377\000S\000O\000\137\000R\000C\000V\000L\000O\000W\000A\000T}{section.4.9}% 79
\BOOKMARK [2][-]{subsection.4.9.9}{\376\377\000S\000O\000\137\000S\000N\000D\000L\000O\000W\000A\000T}{section.4.9}% 80
\BOOKMARK [2][-]{subsection.4.9.10}{\376\377\000S\000O\000\137\000R\000C\000V\000T\000I\000M\000E\000O}{section.4.9}% 81
\BOOKMARK [2][-]{subsection.4.9.11}{\376\377\000S\000O\000\137\000S\000N\000D\000T\000I\000M\000E\000O}{section.4.9}% 82
\BOOKMARK [2][-]{subsection.4.9.12}{\376\377\000S\000O\000\137\000R\000E\000U\000S\000E\000R\000A\000D\000D\000R}{section.4.9}% 83
\BOOKMARK [2][-]{subsection.4.9.13}{\376\377\000S\000O\000\137\000B\000R\000O\000A\000D\000C\000A\000S\000T}{section.4.9}% 84
\BOOKMARK [2][-]{subsection.4.9.14}{\376\377\000S\000O\000\137\000D\000E\000B\000U\000G}{section.4.9}% 85
\BOOKMARK [2][-]{subsection.4.9.15}{\376\377\000S\000O\000\137\000O\000O\000B\000I\000N\000L\000I\000N\000E}{section.4.9}% 86
\BOOKMARK [2][-]{subsection.4.9.16}{\376\377\000T\000C\000P\000\137\000M\000A\000X\000S\000E\000G}{section.4.9}% 87
\BOOKMARK [2][-]{subsection.4.9.17}{\376\377\000T\000C\000P\000\137\000N\000O\000D\000E\000L\000A\000Y}{section.4.9}% 88
\BOOKMARK [1][-]{section.4.10}{\376\377\136\046\131\026\145\160\143\156\000-\000U\000r\000g\000e\000n\000t\150\007\137\327}{chapter.4}% 89
\BOOKMARK [1][-]{section.4.11}{\376\377\137\303\144\017\121\375\145\160\000-\137\045\210\145\000k\000e\000e\000p\000A\000l\000i\000v\000e\0002\134\017\145\366\173\111\137\205\145\366\225\364}{chapter.4}% 90
\BOOKMARK [1][-]{section.4.12}{\376\377\232\330\176\247\000I\000O\121\375\145\160}{chapter.4}% 91
\BOOKMARK [2][-]{subsection.4.12.1}{\376\377\122\033\136\372\145\207\116\366\143\317\217\360\173\046\174\373\122\027}{section.4.12}% 92
\BOOKMARK [2][-]{subsection.4.12.2}{\376\377\213\373\121\231\145\160\143\156\174\373\122\027}{section.4.12}% 93
\BOOKMARK [2][-]{subsection.4.12.3}{\376\377\143\247\122\066\000I\000O\210\114\116\072\124\214\134\136\140\047\174\373\122\027}{section.4.12}% 94
\BOOKMARK [1][-]{section.4.13}{\376\377\000I\000P\000C}{chapter.4}% 95
\BOOKMARK [2][-]{subsection.4.13.1}{\376\377\000I\000P\000C\000\040\173\200\116\313}{section.4.13}% 96
\BOOKMARK [2][-]{subsection.4.13.2}{\376\377\117\341\123\367}{section.4.13}% 97
\BOOKMARK [2][-]{subsection.4.13.3}{\376\377\155\210\140\157\117\040\220\022}{section.4.13}% 98
\BOOKMARK [2][-]{subsection.4.13.4}{\376\377\117\341\123\367\221\317}{section.4.13}% 99
\BOOKMARK [2][-]{subsection.4.13.5}{\376\377\121\161\116\253\121\205\133\130}{section.4.13}% 100
\BOOKMARK [1][-]{section.4.14}{\376\377\226\073\130\136\116\016\227\136\226\073\130\136\060\001\124\014\153\145\116\016\137\002\153\145}{chapter.4}% 101
\BOOKMARK [2][-]{subsection.4.14.1}{\376\377\124\014\153\145\000/\137\002\153\145\116\073\211\201\224\210\133\371\000C\172\357}{section.4.14}% 102
\BOOKMARK [2][-]{subsection.4.14.2}{\376\377\226\073\130\136\000/\227\136\226\073\130\136\116\073\211\201\224\210\133\371\000S\172\357}{section.4.14}% 103
\BOOKMARK [2][-]{subsection.4.14.3}{\376\377\000L\000i\000n\000u\000x\000\040\116\013\166\204\0005\171\315\000I\000/\000O\000\040\152\041\127\213}{section.4.14}% 104
\BOOKMARK [2][-]{subsection.4.14.4}{\376\377\123\302\200\003}{section.4.14}% 105
\BOOKMARK [1][-]{section.4.15}{\376\377\000S\000e\000l\000e\000c\000t\000\040\152\041\127\213\377\032\173\241\164\006\131\032\116\052\000I\000O}{chapter.4}% 106
\BOOKMARK [2][-]{subsection.4.15.1}{\376\377\166\370\121\163\121\375\145\160}{section.4.15}% 107
\BOOKMARK [2][-]{subsection.4.15.2}{\376\377\117\177\165\050\000s\000e\000l\000e\000c\000t\133\236\163\260\126\336\134\004\147\015\122\241\172\013\136\217}{section.4.15}% 108
\BOOKMARK [1][-]{section.4.16}{\376\377\000P\000o\000l\000l\000\040\152\041\127\213\377\032\116\015\121\215\226\120\122\066\147\000\131\047\143\317\217\360\173\046\120\074}{chapter.4}% 109
\BOOKMARK [2][-]{subsection.4.16.1}{\376\377\166\370\121\163\121\375\145\160}{section.4.16}% 110
\BOOKMARK [2][-]{subsection.4.16.2}{\376\377\133\236\117\213}{section.4.16}% 111
\BOOKMARK [1][-]{section.4.17}{\376\377\000E\000p\000o\000l\000l\000\040\152\041\127\213\377\032\133\236\163\260\146\364\232\330\145\110\163\207}{chapter.4}% 112
\BOOKMARK [2][-]{subsection.4.17.1}{\376\377\166\370\121\163\121\375\145\160}{section.4.17}% 113
\BOOKMARK [2][-]{subsection.4.17.2}{\376\377\117\177\165\050\000e\000p\000o\000l\000l\000\040\133\236\163\260\126\336\134\004\147\015\122\241\126\150}{section.4.17}% 114
\BOOKMARK [2][-]{subsection.4.17.3}{\376\377\000E\000p\000o\000l\000l\000\040\211\346\123\321\145\271\137\017}{section.4.17}% 115
\BOOKMARK [1][-]{section.4.18}{\376\377\000s\000e\000l\000e\000c\000t\060\001\000p\000o\000l\000l\060\001\000e\000p\000o\000l\000l\153\324\217\203}{chapter.4}% 116
\BOOKMARK [2][-]{subsection.4.18.1}{\376\377\000s\000e\000l\000e\000c\000t}{section.4.18}% 117
\BOOKMARK [2][-]{subsection.4.18.2}{\376\377\000p\000o\000l\000l}{section.4.18}% 118
\BOOKMARK [2][-]{subsection.4.18.3}{\376\377\000e\000p\000o\000l\000l}{section.4.18}% 119
\BOOKMARK [2][-]{subsection.4.18.4}{\376\377\123\072\122\053\133\371\153\324}{section.4.18}% 120
\BOOKMARK [1][-]{section.4.19}{\376\377\000U\000D\000P}{chapter.4}% 121
\BOOKMARK [1][-]{section.4.20}{\376\377\131\127\143\245\133\127\116\016\155\101\116\113\225\364\166\204\217\154\143\142}{chapter.4}% 122
\BOOKMARK [2][-]{subsection.4.20.1}{\376\377\217\154\143\142}{section.4.20}% 123
\BOOKMARK [2][-]{subsection.4.20.2}{\376\377\177\023\121\262}{section.4.20}% 124
\BOOKMARK [1][-]{section.4.21}{\376\377\227\136\226\073\130\136\000\040\000s\000o\000c\000k\000e\000t}{chapter.4}% 125
\BOOKMARK [1][-]{section.4.22}{\376\377\000U\000n\000i\000x\000\040\127\337\131\127\143\245\133\127\177\026\172\013\377\032\147\054\127\060\217\333\172\013\225\364\220\032\117\341}{chapter.4}% 126
\BOOKMARK [1][-]{section.4.23}{\376\377\000H\000T\000T\000P}{chapter.4}% 127
\BOOKMARK [2][-]{subsection.4.23.1}{\376\377\151\202\211\201}{section.4.23}% 128
\BOOKMARK [2][-]{subsection.4.23.2}{\376\377\142\200\147\057\147\266\147\204}{section.4.23}% 129
\BOOKMARK [1][-]{section.4.24}{\376\377\143\320\232\330\140\047\200\375\166\204\143\252\145\275}{chapter.4}% 130
\BOOKMARK [2][-]{subsection.4.24.1}{\376\377\154\140}{section.4.24}% 131
\BOOKMARK [2][-]{subsection.4.24.2}{\376\377\145\160\143\156\142\367\215\035}{section.4.24}% 132
\BOOKMARK [2][-]{subsection.4.24.3}{\376\377\225\001\116\016\116\012\116\013\145\207\122\007\143\142}{section.4.24}% 133
\BOOKMARK [0][-]{chapter.5}{\376\377\215\037\217\175\127\107\210\141}{}% 134
\BOOKMARK [1][-]{section.5.1}{\376\377\215\037\217\175\127\107\210\141}{chapter.5}% 135
\BOOKMARK [2][-]{subsection.5.1.1}{\376\377\151\202\217\360}{section.5.1}% 136
\BOOKMARK [2][-]{subsection.5.1.2}{\376\377\213\276\213\241\140\035\215\357}{section.5.1}% 137
\BOOKMARK [1][-]{section.5.2}{\376\377\177\244\226\306\142\200\147\057}{chapter.5}% 138
\BOOKMARK [2][-]{subsection.5.2.1}{\376\377\226\306\177\244\174\373\176\337}{section.5.2}% 139
\BOOKMARK [2][-]{subsection.5.2.2}{\376\377\147\015\122\241\126\150\226\306\177\244}{section.5.2}% 140
\BOOKMARK [2][-]{subsection.5.2.3}{\376\377\000R\000P\000C}{section.5.2}% 141
\BOOKMARK [2][-]{subsection.5.2.4}{\376\377\122\006\136\003\137\017\174\373\176\337}{section.5.2}% 142
\BOOKMARK [0][-]{chapter.6}{\376\377\136\070\211\301\147\015\122\241\126\150\152\041\127\213}{}% 143
\BOOKMARK [1][-]{section.6.1}{\376\377\000R\000e\000A\000c\000t\000o\000r\000\040\152\041\137\017}{chapter.6}% 144
\BOOKMARK [2][-]{subsection.6.1.1}{\376\377\117\213\133\120\133\146\116\140\000R\000e\000A\000c\000t\000o\000r}{section.6.1}% 145
\BOOKMARK [2][-]{subsection.6.1.2}{\376\377\123\302\200\003}{section.6.1}% 146
\BOOKMARK [1][-]{section.6.2}{\376\377\226\073\130\136\000I\000O\147\015\122\241\126\150\152\041\127\213\116\113\123\125\176\277\172\013\147\015\122\241\126\150\152\041\127\213}{chapter.6}% 147
\BOOKMARK [1][-]{section.6.3}{\376\377\000P\000r\000o\000A\000c\000t\000o\000r}{chapter.6}% 148
\BOOKMARK [1][-]{section.6.4}{\376\377\000R\000e\000a\000c\000t\000o\000r\000\040\000w\000i\000t\000h\000\040\000P\000r\000o\000a\000c\000t\000o\000r}{chapter.6}% 149
\BOOKMARK [2][-]{subsection.6.4.1}{\376\377\000r\000e\000a\000c\000t\000o\000r}{section.6.4}% 150
\BOOKMARK [2][-]{subsection.6.4.2}{\376\377\000p\000r\000o\000a\000c\000t\000o\000r}{section.6.4}% 151
\BOOKMARK [2][-]{subsection.6.4.3}{\376\377\123\072\122\053}{section.6.4}% 152
\BOOKMARK [1][-]{section.6.5}{\376\377\123\112\124\014\153\145\123\112\137\002\153\145\152\041\127\213}{chapter.6}% 153
\BOOKMARK [2][-]{subsection.6.5.1}{\376\377\124\014\153\145}{section.6.5}% 154
\BOOKMARK [2][-]{subsection.6.5.2}{\376\377\137\002\153\145}{section.6.5}% 155
\BOOKMARK [2][-]{subsection.6.5.3}{\376\377\123\112\124\014\153\145\123\112\137\002\153\145}{section.6.5}% 156
\BOOKMARK [1][-]{section.6.6}{\376\377\230\206\133\374\200\005\217\375\226\217\200\005\152\041\137\017}{chapter.6}% 157
\BOOKMARK [0][-]{chapter.7}{\376\377\131\202\117\125\117\177\165\050\131\032\123\360\147\072\126\150\136\166\210\114\131\004\164\006\145\160\143\156}{}% 158
\BOOKMARK [1][-]{section.7.1}{\376\377\226\306\177\244\147\015\122\241\126\150}{chapter.7}% 159
\BOOKMARK [1][-]{section.7.2}{\376\377\122\006\136\003\137\017\147\015\122\241\126\150}{chapter.7}% 160
\BOOKMARK [0][-]{chapter.8}{\376\377\177\121\176\334\136\223}{}% 161
\BOOKMARK [1][-]{section.8.1}{\376\377\000m\000u\000d\000u\000o}{chapter.8}% 162
\BOOKMARK [2][-]{subsection.8.1.1}{\376\377\000b\000i\000n\000d\000/\000f\000u\000n\000c\000t\000i\000o\000n}{section.8.1}% 163
\BOOKMARK [2][-]{subsection.8.1.2}{\376\377\227\142\124\021\133\371\214\141\166\204\177\026\172\013}{section.8.1}% 164
\BOOKMARK [2][-]{subsection.8.1.3}{\376\377\127\372\116\216\133\371\214\141\166\204\177\026\172\013}{section.8.1}% 165
\BOOKMARK [0][-]{chapter.9}{\376\377\000R\000e\000d\000i\000s}{}% 166
\BOOKMARK [1][-]{section.9.1}{\376\377\000N\000o\000S\000Q\000L}{chapter.9}% 167
\BOOKMARK [2][-]{subsection.9.1.1}{\376\377\211\343\121\263\225\356\230\230}{section.9.1}% 168
\BOOKMARK [2][-]{subsection.9.1.2}{\376\377\126\333\131\047\122\006\174\173}{section.9.1}% 169
\BOOKMARK [1][-]{section.9.2}{\376\377\000R\000e\000d\000i\000s}{chapter.9}% 170
\BOOKMARK [2][-]{subsection.9.2.1}{\376\377\136\224\165\050\127\072\146\157}{section.9.2}% 171
\BOOKMARK [2][-]{subsection.9.2.2}{\376\377\133\211\210\305}{section.9.2}% 172
\BOOKMARK [2][-]{subsection.9.2.3}{\376\377\117\177\165\050}{section.9.2}% 173
\BOOKMARK [0][-]{chapter.10}{\376\377\177\026\213\321}{}% 174
\BOOKMARK [1][-]{section.10.1}{\376\377\136\070\211\304}{chapter.10}% 175
\BOOKMARK [1][-]{section.10.2}{\376\377\000M\000a\000k\000e\000f\000i\000l\000e}{chapter.10}% 176
\BOOKMARK [1][-]{section.10.3}{\376\377\000C\000M\000A\000K\000E}{chapter.10}% 177
\BOOKMARK [2][-]{subsection.10.3.1}{\376\377\155\101\172\013}{section.10.3}% 178
\BOOKMARK [2][-]{subsection.10.3.2}{\376\377\123\125\166\356\137\125\176\323\147\204}{section.10.3}% 179
\BOOKMARK [2][-]{subsection.10.3.3}{\376\377\131\032\166\356\137\125\176\323\147\204}{section.10.3}% 180
\BOOKMARK [2][-]{subsection.10.3.4}{\376\377\117\177\165\050\121\166\116\326\224\376\143\245\136\223}{section.10.3}% 181
\BOOKMARK [0][-]{chapter.11}{\376\377\214\003\213\325}{}% 182
\BOOKMARK [1][-]{section.11.1}{\376\377\000c\000o\000r\000e\000\040\145\207\116\366}{chapter.11}% 183
\BOOKMARK [2][-]{subsection.11.1.1}{\376\377\116\300\116\110\146\057\000C\000o\000r\000e\000\040\000D\000u\000m\000p}{section.11.1}% 184
\BOOKMARK [2][-]{subsection.11.1.2}{\376\377\131\202\117\125\117\177\165\050\000c\000o\000r\000e\145\207\116\366}{section.11.1}% 185
\BOOKMARK [2][-]{subsection.11.1.3}{\376\377\116\072\116\300\116\110\154\241\147\011\000c\000o\000r\000e\145\207\116\366\165\037\142\020}{section.11.1}% 186
\BOOKMARK [2][-]{subsection.11.1.4}{\376\377\131\202\117\125\133\232\117\115\122\060\210\114}{section.11.1}% 187
\BOOKMARK [1][-]{section.11.2}{\376\377\000A\000C\000K\000\040\116\016\000\040\000S\000e\000q}{chapter.11}% 188
\BOOKMARK [2][-]{subsection.11.2.1}{\376\377\136\372\172\313\116\016\221\312\145\076\226\066\153\265}{section.11.2}% 189
\BOOKMARK [2][-]{subsection.11.2.2}{\376\377\145\160\143\156\117\040\217\223\226\066\153\265}{section.11.2}% 190
\BOOKMARK [1][-]{section.11.3}{\376\377\000s\000t\000r\000a\000c\000e}{chapter.11}% 191
\BOOKMARK [2][-]{subsection.11.3.1}{\376\377\143\007\133\232\217\375\216\052\174\173\127\213}{section.11.3}% 192
\BOOKMARK [1][-]{section.11.4}{\376\377\000t\000c\000p\000d\000u\000m\000p}{chapter.11}% 193
\BOOKMARK [1][-]{section.11.5}{\376\377\000n\000c}{chapter.11}% 194
\BOOKMARK [1][-]{section.11.6}{\376\377\000l\000s\000o\000f}{chapter.11}% 195
\BOOKMARK [1][-]{section.11.7}{\376\377\000n\000e\000t\000s\000t\000a\000t}{chapter.11}% 196
\BOOKMARK [1][-]{section.11.8}{\376\377\000v\000m\000s\000t\000a\000t}{chapter.11}% 197
\BOOKMARK [1][-]{section.11.9}{\376\377\000i\000f\000s\000t\000a\000t}{chapter.11}% 198
\BOOKMARK [1][-]{section.11.10}{\376\377\000m\000p\000s\000t\000a\000t}{chapter.11}% 199
\BOOKMARK [1][-]{section.11.11}{\376\377\000t\000o\000p}{chapter.11}% 200
\BOOKMARK [1][-]{section.11.12}{\376\377\000p\000i\000n\000g}{chapter.11}% 201
\BOOKMARK [1][-]{section.11.13}{\376\377\000i\000p\000t\000a\000b\000l\000e\000s}{chapter.11}% 202
\BOOKMARK [1][-]{section.11.14}{\376\377\000T\000T\000C\000P}{chapter.11}% 203
\BOOKMARK [0][-]{chapter.12}{\376\377\164\006\213\272}{}% 204
\BOOKMARK [1][-]{section.12.1}{\376\377\177\121\176\334\166\204\140\047\200\375}{chapter.12}% 205
\BOOKMARK [2][-]{subsection.12.1.1}{\376\377\220\037\163\207}{section.12.1}% 206
\BOOKMARK [2][-]{subsection.12.1.2}{\376\377\136\046\133\275}{section.12.1}% 207
\BOOKMARK [2][-]{subsection.12.1.3}{\376\377\124\036\124\020\221\317}{section.12.1}% 208
\BOOKMARK [2][-]{subsection.12.1.4}{\376\377\145\366\136\366}{section.12.1}% 209
\BOOKMARK [2][-]{subsection.12.1.5}{\376\377\145\366\136\366\136\046\133\275\171\357}{section.12.1}% 210
\BOOKMARK [2][-]{subsection.12.1.6}{\376\377\137\200\217\324\145\366\225\364\000R\000T\000T}{section.12.1}% 211
\BOOKMARK [2][-]{subsection.12.1.7}{\376\377\122\051\165\050\163\207}{section.12.1}% 212
\BOOKMARK [1][-]{section.12.2}{\376\377\136\224\165\050\134\102\000\040}{chapter.12}% 213
\BOOKMARK [2][-]{subsection.12.2.1}{\376\377\127\337\124\015\174\373\176\337\000\040\000D\000N\000S}{section.12.2}% 214
\BOOKMARK [2][-]{subsection.12.2.2}{\376\377\145\207\116\366\117\040\220\001\000\040\000F\000T\000P}{section.12.2}% 215
\BOOKMARK [2][-]{subsection.12.2.3}{\376\377\116\007\176\364\000\040\000W\000W\000W}{section.12.2}% 216
\BOOKMARK [2][-]{subsection.12.2.4}{\376\377\122\250\140\001\116\073\147\072\221\115\177\156\000\040\000D\000H\000C\000P}{section.12.2}% 217
\BOOKMARK [2][-]{subsection.12.2.5}{\376\377\165\065\133\120\220\256\116\366\000\040\000S\000M\000T\000P\000\040\000I\000M\000A\000P}{section.12.2}% 218
\BOOKMARK [2][-]{subsection.12.2.6}{\376\377\173\200\123\125\177\121\176\334\173\241\164\006\000\040\000S\000N\000M\000P}{section.12.2}% 219
\BOOKMARK [2][-]{subsection.12.2.7}{\376\377\000A\000P\000P\000\040\122\006\122\053\117\177\165\050\117\040\217\223\134\102\166\204\000\040\123\117\213\256\133\371\161\147}{section.12.2}% 220
\BOOKMARK [1][-]{section.12.3}{\376\377\117\040\217\223\134\102\000\040\000T\000C\000P}{chapter.12}% 221
\BOOKMARK [2][-]{subsection.12.3.1}{\376\377\127\372\147\054\151\202\137\365\133\371\161\147}{section.12.3}% 222
\BOOKMARK [2][-]{subsection.12.3.2}{\376\377\000U\000D\000P}{section.12.3}% 223
\BOOKMARK [2][-]{subsection.12.3.3}{\376\377\000T\000C\000P}{section.12.3}% 224
\BOOKMARK [1][-]{section.12.4}{\376\377\177\121\176\334\134\102\000\040\000I\000P}{chapter.12}% 225
\BOOKMARK [2][-]{subsection.12.4.1}{\376\377\122\006\174\173\166\204\000I\000P\127\060\127\100}{section.12.4}% 226
\BOOKMARK [2][-]{subsection.12.4.2}{\376\377\133\120\177\121\143\251\170\001}{section.12.4}% 227
\BOOKMARK [1][-]{section.12.5}{\376\377\145\160\143\156\224\376\215\357\134\102\000\040\000H\000a\000r\000d\000w\000a\000r\000e}{chapter.12}% 228
\BOOKMARK [0][-]{chapter.13}{\376\377\215\104\156\220}{}% 229
\BOOKMARK [1][-]{section.13.1}{\376\377\213\373\116\146\215\357\176\277}{chapter.13}% 230
\BOOKMARK [1][-]{section.13.2}{\376\377\230\171\166\356\133\146\116\140}{chapter.13}% 231
\BOOKMARK [1][-]{section.13.3}{\376\377\123\302\200\003}{chapter.13}% 232
