\BOOKMARK [0][-]{chapter.1}{\376\377\121\145\225\350}{}% 1
\BOOKMARK [1][-]{section.1.1}{\376\377\123\302\200\003}{chapter.1}% 2
\BOOKMARK [1][-]{section.1.2}{\376\377\000C\000U\000D\000A\000\040\173\200\116\313}{chapter.1}% 3
\BOOKMARK [1][-]{section.1.3}{\376\377\127\372\147\054\151\202\137\365}{chapter.1}% 4
\BOOKMARK [2][-]{subsection.1.3.1}{\376\377\116\073\147\072}{section.1.3}% 5
\BOOKMARK [2][-]{subsection.1.3.2}{\376\377\213\276\131\007}{section.1.3}% 6
\BOOKMARK [2][-]{subsection.1.3.3}{\376\377\176\277\172\013}{section.1.3}% 7
\BOOKMARK [2][-]{subsection.1.3.4}{\376\377\176\277\172\013\127\127}{section.1.3}% 8
\BOOKMARK [2][-]{subsection.1.3.5}{\376\377\176\277\172\013\150\074}{section.1.3}% 9
\BOOKMARK [2][-]{subsection.1.3.6}{\376\377\176\277\176\323\147\137}{section.1.3}% 10
\BOOKMARK [2][-]{subsection.1.3.7}{\376\377\121\375\145\160\117\356\231\160\173\046}{section.1.3}% 11
\BOOKMARK [2][-]{subsection.1.3.8}{\376\377\150\070\121\375\145\160}{section.1.3}% 12
\BOOKMARK [2][-]{subsection.1.3.9}{\376\377\000d\000i\000m\0003\176\323\147\204\174\173\127\213}{section.1.3}% 13
\BOOKMARK [0][-]{chapter.2}{\376\377\217\333\226\066}{}% 14
\BOOKMARK [1][-]{section.2.1}{\376\377\136\070\165\050\166\204\000G\000P\000U\121\375\145\160}{chapter.2}% 15
\BOOKMARK [2][-]{subsection.2.1.1}{\376\377\000c\000u\000d\000a\000M\000a\000l\000l\000o\000c\000\050\000\051}{section.2.1}% 16
\BOOKMARK [2][-]{subsection.2.1.2}{\376\377\000c\000u\000d\000a\000M\000e\000m\000c\000p\000y\000\050\000\051}{section.2.1}% 17
\BOOKMARK [2][-]{subsection.2.1.3}{\376\377\000c\000u\000d\000a\000F\000r\000e\000e\000\050\000\051}{section.2.1}% 18
\BOOKMARK [2][-]{subsection.2.1.4}{\376\377\171\072\117\213}{section.2.1}% 19
\BOOKMARK [1][-]{section.2.2}{\376\377\000G\000P\000U\121\205\133\130\122\006\174\173}{chapter.2}% 20
\BOOKMARK [2][-]{subsection.2.2.1}{\376\377\121\150\134\100\121\205\133\130}{section.2.2}% 21
\BOOKMARK [2][-]{subsection.2.2.2}{\376\377\121\161\116\253\121\205\133\130}{section.2.2}% 22
\BOOKMARK [2][-]{subsection.2.2.3}{\376\377\136\070\221\317\121\205\133\130}{section.2.2}% 23
\BOOKMARK [2][-]{subsection.2.2.4}{\376\377\176\271\164\006\121\205\133\130}{section.2.2}% 24
\BOOKMARK [2][-]{subsection.2.2.5}{\376\377\126\372\133\232\121\205\133\130}{section.2.2}% 25
\BOOKMARK [2][-]{subsection.2.2.6}{\376\377\123\237\133\120\140\047}{section.2.2}% 26
\BOOKMARK [1][-]{section.2.3}{\376\377\117\177\165\050\116\213\116\366\155\113\213\325\140\047\200\375}{chapter.2}% 27
\BOOKMARK [1][-]{section.2.4}{\376\377\176\277\172\013\136\166\210\114}{chapter.2}% 28
\BOOKMARK [1][-]{section.2.5}{\376\377\127\127\136\166\210\114}{chapter.2}% 29
\BOOKMARK [2][-]{subsection.2.5.1}{\376\377\176\277\172\013\136\166\210\114\147\010\127\127\136\166\210\114\166\204\123\072\122\053}{section.2.5}% 30
\BOOKMARK [1][-]{section.2.6}{\376\377\176\277\172\013\150\074\136\166\210\114\000-\155\101}{chapter.2}% 31
\BOOKMARK [1][-]{section.2.7}{\376\377\176\277\172\013\220\032\117\341}{chapter.2}% 32
\BOOKMARK [2][-]{subsection.2.7.1}{\376\377\176\277\172\013\220\032\117\341\133\236\117\213}{section.2.7}% 33
\BOOKMARK [1][-]{section.2.8}{\376\377\177\026\213\321}{chapter.2}% 34
\BOOKMARK [2][-]{subsection.2.8.1}{\376\377\177\026\213\321\154\350\141\017\116\213\230\171}{section.2.8}% 35
