\BOOKMARK [0][-]{chapter.1}{\376\377\000L\000i\000n\000u\000x\000\040\127\372\147\054\167\345\213\306}{}% 1
\BOOKMARK [1][-]{section.1.1}{\376\377\127\372\147\054\142\200\200\375}{chapter.1}% 2
\BOOKMARK [2][-]{subsection.1.1.1}{\376\377\143\250\203\120\166\204\123\321\210\114\162\110}{section.1.1}% 3
\BOOKMARK [2][-]{subsection.1.1.2}{\376\377\000L\000i\000n\000u\000x\127\372\170\100}{section.1.1}% 4
\BOOKMARK [2][-]{subsection.1.1.3}{\376\377\000L\000i\000n\000u\000x\000\040\136\163\123\360\000C\000+\000+\000\040\137\000\123\321}{section.1.1}% 5
\BOOKMARK [2][-]{subsection.1.1.4}{\376\377\000U\000N\000I\000X\163\257\130\203\232\330\176\247\177\026\172\013}{section.1.1}% 6
\BOOKMARK [1][-]{section.1.2}{\376\377\145\271\124\021\220\011\142\351}{chapter.1}% 7
\BOOKMARK [2][-]{subsection.1.2.1}{\376\377\177\121\176\334\145\271\124\021}{section.1.2}% 8
\BOOKMARK [2][-]{subsection.1.2.2}{\376\377\126\376\137\142\145\271\124\021}{section.1.2}% 9
\BOOKMARK [2][-]{subsection.1.2.3}{\376\377\135\114\121\145\137\017\145\271\124\021}{section.1.2}% 10
\BOOKMARK [2][-]{subsection.1.2.4}{\376\377\232\161\122\250\172\013\136\217\213\276\213\241}{section.1.2}% 11
\BOOKMARK [1][-]{section.1.3}{\376\377\170\154\116\366\213\276\131\007}{chapter.1}% 12
\BOOKMARK [1][-]{section.1.4}{\376\377\170\301\166\330\122\006\123\072\167\345\213\306}{chapter.1}% 13
\BOOKMARK [2][-]{subsection.1.4.1}{\376\377\122\006\123\072\174\173\127\213}{section.1.4}% 14
\BOOKMARK [2][-]{subsection.1.4.2}{\376\377\143\002\217\175}{section.1.4}% 15
\BOOKMARK [2][-]{subsection.1.4.3}{\376\377\000G\000U\000I\000D}{section.1.4}% 16
\BOOKMARK [1][-]{section.1.5}{\376\377\210\370\147\072\210\305\147\072\137\305\131\007\217\157\116\366\123\312\142\200\135\347}{chapter.1}% 17
\BOOKMARK [1][-]{section.1.6}{\376\377\147\345\167\013\000w\000i\000n\000d\000o\000w\000s\000\040\145\207\116\366\116\161\170\001\211\343\121\263\145\271\154\325}{chapter.1}% 18
\BOOKMARK [0][-]{chapter.2}{\376\377\124\175\116\344\166\370\121\163}{}% 19
\BOOKMARK [1][-]{section.2.1}{\376\377\000L\000i\000n\000u\000x\174\373\176\337}{chapter.2}% 20
\BOOKMARK [1][-]{section.2.2}{\376\377\133\374\202\052\124\175\116\344}{chapter.2}% 21
\BOOKMARK [1][-]{section.2.3}{\376\377\144\315\117\134\145\207\116\366\124\214\166\356\137\125}{chapter.2}% 22
\BOOKMARK [2][-]{subsection.2.3.1}{\376\377\145\207\116\366\174\373\176\337}{section.2.3}% 23
\BOOKMARK [2][-]{subsection.2.3.2}{\376\377\166\370\121\163\124\175\116\344}{section.2.3}% 24
\BOOKMARK [1][-]{section.2.4}{\376\377\147\345\167\013\145\207\116\366}{chapter.2}% 25
\BOOKMARK [1][-]{section.2.5}{\376\377\000'\124\175\116\344\000'\211\343\221\312\136\056\122\251\124\175\116\344}{chapter.2}% 26
\BOOKMARK [1][-]{section.2.6}{\376\377\221\315\133\232\124\021}{chapter.2}% 27
\BOOKMARK [1][-]{section.2.7}{\376\377\000s\000h\000e\000l\000l\142\151\134\125}{chapter.2}% 28
\BOOKMARK [1][-]{section.2.8}{\376\377\165\050\142\067\173\241\164\006}{chapter.2}% 29
\BOOKMARK [2][-]{subsection.2.8.1}{\376\377\221\115\177\156}{section.2.8}% 30
\BOOKMARK [2][-]{subsection.2.8.2}{\376\377\124\175\116\344}{section.2.8}% 31
\BOOKMARK [1][-]{section.2.9}{\376\377\147\103\226\120\000-\127\372\170\100}{chapter.2}% 32
\BOOKMARK [2][-]{subsection.2.9.1}{\376\377\127\372\170\100}{section.2.9}% 33
\BOOKMARK [2][-]{subsection.2.9.2}{\376\377\124\175\116\344}{section.2.9}% 34
\BOOKMARK [1][-]{section.2.10}{\376\377\147\103\226\120\000-\000A\000C\000L}{chapter.2}% 35
\BOOKMARK [1][-]{section.2.11}{\376\377\147\103\226\120\000-\162\171\153\212}{chapter.2}% 36
\BOOKMARK [1][-]{section.2.12}{\376\377\163\257\130\203\000/\000e\000t\000c}{chapter.2}% 37
\BOOKMARK [2][-]{subsection.2.12.1}{\376\377\127\372\147\054\151\202\137\365}{section.2.12}% 38
\BOOKMARK [2][-]{subsection.2.12.2}{\376\377\166\370\121\163\124\175\116\344}{section.2.12}% 39
\BOOKMARK [1][-]{section.2.13}{\376\377\000V\000I\000\040\177\026\217\221\126\150}{chapter.2}% 40
\BOOKMARK [2][-]{subsection.2.13.1}{\376\377\127\372\147\054\152\041\137\017}{section.2.13}% 41
\BOOKMARK [2][-]{subsection.2.13.2}{\376\377\152\041\137\017\217\154\143\142}{section.2.13}% 42
\BOOKMARK [2][-]{subsection.2.13.3}{\376\377\136\070\165\050\124\175\116\344}{section.2.13}% 43
\BOOKMARK [2][-]{subsection.2.13.4}{\376\377\221\115\177\156}{section.2.13}% 44
\BOOKMARK [3][-]{section*.194}{\376\377\000.\000v\000i\000m\000r\000c}{subsection.2.13.4}% 45
\BOOKMARK [3][-]{section*.195}{\376\377\127\372\147\054\221\115\177\156}{subsection.2.13.4}% 46
\BOOKMARK [3][-]{section*.196}{\376\377\143\322\116\366\221\115\177\156}{subsection.2.13.4}% 47
\BOOKMARK [2][-]{subsection.2.13.5}{\376\377\136\070\165\050\143\322\116\366}{section.2.13}% 48
\BOOKMARK [2][-]{subsection.2.13.6}{\376\377\000v\000u\000n\000d\000l\000e\000\040\143\322\116\366\173\241\164\006\126\150}{section.2.13}% 49
\BOOKMARK [3][-]{section*.200}{\376\377\000c\000t\000a\000g\000s}{subsection.2.13.6}% 50
\BOOKMARK [2][-]{subsection.2.13.7}{\376\377\000G\000t\000a\000g\000s}{section.2.13}% 51
\BOOKMARK [2][-]{subsection.2.13.8}{\376\377\000N\000E\000R\000D\000T\000r\000e\000e}{section.2.13}% 52
\BOOKMARK [2][-]{subsection.2.13.9}{\376\377\000T\000a\000g\000b\000a\000r}{section.2.13}% 53
\BOOKMARK [3][-]{section*.201}{\376\377\000Y\000o\000u\000C\000o\000m\000p\000l\000e\000t\000e\000M\000e}{subsection.2.13.9}% 54
\BOOKMARK [1][-]{section.2.14}{\376\377\133\130\120\250\116\313\215\050\143\002\217\175}{chapter.2}% 55
\BOOKMARK [1][-]{section.2.15}{\376\377\177\121\176\334}{chapter.2}% 56
\BOOKMARK [1][-]{section.2.16}{\376\377\220\032\221\115\173\046}{chapter.2}% 57
\BOOKMARK [1][-]{section.2.17}{\376\377\153\143\122\031\210\150\217\276\137\017}{chapter.2}% 58
\BOOKMARK [2][-]{subsection.2.17.1}{\376\377\133\127\173\046\174\173}{section.2.17}% 59
\BOOKMARK [2][-]{subsection.2.17.2}{\376\377\145\160\221\317\226\120\133\232\174\173}{section.2.17}% 60
\BOOKMARK [2][-]{subsection.2.17.3}{\376\377\117\115\177\156\226\120\133\232\174\173}{section.2.17}% 61
\BOOKMARK [2][-]{subsection.2.17.4}{\376\377\162\171\153\212\133\127\173\046}{section.2.17}% 62
\BOOKMARK [1][-]{section.2.18}{\376\377\144\034\175\042\124\175\116\344}{chapter.2}% 63
\BOOKMARK [1][-]{section.2.19}{\376\377\145\207\147\054\166\370\121\163}{chapter.2}% 64
\BOOKMARK [1][-]{section.2.20}{\376\377\137\122\150\143\131\007\116\375}{chapter.2}% 65
\BOOKMARK [2][-]{subsection.2.20.1}{\376\377\123\213\177\051\116\016\211\343\123\213\177\051}{section.2.20}% 66
\BOOKMARK [2][-]{subsection.2.20.2}{\376\377\124\014\153\145\145\207\116\366\124\214\166\356\137\125}{section.2.20}% 67
\BOOKMARK [2][-]{subsection.2.20.3}{\376\377\131\007\116\375}{section.2.20}% 68
\BOOKMARK [1][-]{section.2.21}{\376\377\217\333\172\013\173\241\164\006}{chapter.2}% 69
\BOOKMARK [1][-]{section.2.22}{\376\377\147\015\122\241\173\241\164\006}{chapter.2}% 70
\BOOKMARK [1][-]{section.2.23}{\376\377\174\373\176\337\173\241\164\006}{chapter.2}% 71
\BOOKMARK [2][-]{subsection.2.23.1}{\376\377\215\104\156\220\173\241\164\006}{section.2.23}% 72
\BOOKMARK [2][-]{subsection.2.23.2}{\376\377\133\232\145\366\116\373\122\241}{section.2.23}% 73
\BOOKMARK [1][-]{section.2.24}{\376\377\145\345\137\327\173\241\164\006}{chapter.2}% 74
\BOOKMARK [2][-]{subsection.2.24.1}{\376\377\136\070\211\301\145\345\137\327}{section.2.24}% 75
\BOOKMARK [2][-]{subsection.2.24.2}{\376\377\000r\000s\000y\000s\000l\000o\000g\000d\000\040\145\345\137\327\147\015\122\241}{section.2.24}% 76
\BOOKMARK [2][-]{subsection.2.24.3}{\376\377\145\345\137\327\217\156\146\377}{section.2.24}% 77
\BOOKMARK [1][-]{section.2.25}{\376\377\124\057\122\250\173\241\164\006}{chapter.2}% 78
\BOOKMARK [1][-]{section.2.26}{\376\377\217\157\116\366\123\005\173\241\164\006}{chapter.2}% 79
\BOOKMARK [2][-]{subsection.2.26.1}{\376\377\135\362\177\026\213\321\145\207\116\366}{section.2.26}% 80
\BOOKMARK [2][-]{subsection.2.26.2}{\376\377\156\220\170\001\133\211\210\305}{section.2.26}% 81
\BOOKMARK [2][-]{subsection.2.26.3}{\376\377\000d\000e\000b\123\005\133\211\210\305}{section.2.26}% 82
\BOOKMARK [3][-]{section*.314}{\376\377\000U\000b\000u\000n\000t\000u}{subsection.2.26.3}% 83
\BOOKMARK [1][-]{section.2.27}{\376\377\123\302\200\003}{chapter.2}% 84
\BOOKMARK [0][-]{chapter.3}{\376\377\121\166\116\326}{}% 85
\BOOKMARK [1][-]{section.3.1}{\376\377\000S\000h\000e\000l\000l}{chapter.3}% 86
\BOOKMARK [1][-]{section.3.2}{\376\377\000L\000i\000n\000u\000x\000\040\174\373\176\337\177\026\172\013}{chapter.3}% 87
\BOOKMARK [1][-]{section.3.3}{\376\377\000L\000i\000n\000u\000x\000\040\177\121\176\334\177\026\172\013}{chapter.3}% 88
