\BOOKMARK [0][-]{chapter.1}{\376\377\127\372\170\100}{}% 1
\BOOKMARK [1][-]{section.1.1}{\376\377\131\202\117\125\134\006\201\032\147\054\116\016\121\167\117\123\133\371\214\141\176\321\133\232}{chapter.1}% 2
\BOOKMARK [1][-]{section.1.2}{\376\377\136\217\122\027\123\026\000-\000\040\000[\000S\000e\000r\000i\000a\000l\000i\000z\000e\000d\000F\000i\000e\000l\000d\000]}{chapter.1}% 3
\BOOKMARK [1][-]{section.1.3}{\376\377\136\070\165\050\142\200\135\347}{chapter.1}% 4
\BOOKMARK [1][-]{section.1.4}{\376\377\000M\000o\000n\000o\000B\000e\000h\000a\000v\000i\000o\000u\000r\000\040\165\037\124\175\124\150\147\037\060\001\156\062\147\323\173\241\176\277}{chapter.1}% 5
\BOOKMARK [2][-]{subsection.1.4.1}{\376\377\201\032\147\054\156\062\147\323\155\101\172\013}{section.1.4}% 6
\BOOKMARK [2][-]{subsection.1.4.2}{\376\377\150\070\137\303\145\271\154\325}{section.1.4}% 7
\BOOKMARK [1][-]{section.1.5}{\376\377\000U\000n\000i\000t\000y\000\040\131\324\142\130}{chapter.1}% 8
\BOOKMARK [1][-]{section.1.6}{\376\377\000U\000n\000i\000t\000y\000\040\123\117\172\013}{chapter.1}% 9
\BOOKMARK [2][-]{subsection.1.6.1}{\376\377\137\000\124\057\145\271\137\017}{section.1.6}% 10
\BOOKMARK [2][-]{subsection.1.6.2}{\376\377\176\310\153\142\145\271\137\017}{section.1.6}% 11
\BOOKMARK [2][-]{subsection.1.6.3}{\376\377\000y\000i\000e\000l\000d\000\040\145\271\137\017}{section.1.6}% 12
\BOOKMARK [2][-]{subsection.1.6.4}{\376\377\142\147\210\114\123\237\164\006}{section.1.6}% 13
\BOOKMARK [0][-]{chapter.2}{\376\377\116\213\116\366}{}% 14
\BOOKMARK [1][-]{section.2.1}{\376\377\137\305\161\066\116\213\116\366}{chapter.2}% 15
\BOOKMARK [1][-]{section.2.2}{\376\377\170\260\144\236\116\213\116\366}{chapter.2}% 16
\BOOKMARK [1][-]{section.2.3}{\376\377\211\346\123\321\126\150\116\213\116\366}{chapter.2}% 17
\BOOKMARK [0][-]{chapter.3}{\376\377\133\236\117\123\000-\116\272\162\151\060\001\162\151\117\123\060\001\176\304\116\366}{}% 18
\BOOKMARK [1][-]{section.3.1}{\376\377\133\236\117\123\174\173}{chapter.3}% 19
\BOOKMARK [1][-]{section.3.2}{\376\377\000P\000r\000e\000f\000a\000b\000s\000\040\000-\230\204\213\276\117\123}{chapter.3}% 20
\BOOKMARK [2][-]{subsection.3.2.1}{\376\377\230\204\213\276\122\250\140\001\122\240\217\175\122\060\127\072\146\157}{section.3.2}% 21
\BOOKMARK [1][-]{section.3.3}{\376\377\203\267\123\326\133\236\117\123\116\012\166\204\176\304\116\366}{chapter.3}% 22
\BOOKMARK [1][-]{section.3.4}{\376\377\162\151\164\006\117\134\165\050\133\236\117\123\174\173}{chapter.3}% 23
\BOOKMARK [0][-]{chapter.4}{\376\377\116\026\165\114\123\330\143\142}{}% 24
\BOOKMARK [1][-]{section.4.1}{\376\377\000T\000r\000a\000n\000s\000f\000o\000r\000m\000\040\174\173}{chapter.4}% 25
\BOOKMARK [2][-]{subsection.4.1.1}{\376\377\117\115\177\156}{section.4.1}% 26
\BOOKMARK [2][-]{subsection.4.1.2}{\376\377\145\313\217\154}{section.4.1}% 27
\BOOKMARK [2][-]{subsection.4.1.3}{\376\377\177\051\145\076}{section.4.1}% 28
\BOOKMARK [2][-]{subsection.4.1.4}{\376\377\136\163\171\373}{section.4.1}% 29
\BOOKMARK [2][-]{subsection.4.1.5}{\376\377\000T\000r\000a\000n\000s\000f\000o\000r\000m\000.\000l\000o\000c\000a\000l\000P\000o\000s\000i\000t\000i\000o\000n}{section.4.1}% 30
\BOOKMARK [2][-]{subsection.4.1.6}{\376\377\154\350\141\017}{section.4.1}% 31
\BOOKMARK [1][-]{section.4.2}{\376\377\144\104\120\317\147\072\000\040\000-\000C\000a\000m\000e\000r\000a}{chapter.4}% 32
\BOOKMARK [2][-]{subsection.4.2.1}{\376\377\000C\000l\000e\000a\000r\000\040\000F\000l\000a\000g\000s}{section.4.2}% 33
\BOOKMARK [2][-]{subsection.4.2.2}{\376\377\000C\000u\000l\000l\000i\000n\000g\000\040\000M\000a\000s\000k\000\040\000-\122\124\226\144\220\156\177\151}{section.4.2}% 34
\BOOKMARK [2][-]{subsection.4.2.3}{\376\377\000P\000r\000o\000j\000e\000c\000t\000i\000o\000n\000\040\000-\220\017\211\306\152\041\137\017}{section.4.2}% 35
\BOOKMARK [2][-]{subsection.4.2.4}{\376\377\000C\000l\000i\000p\000p\000i\000n\000g\000\040\000P\000l\000a\000n\000e\000s\000\040\000-\210\301\122\152\152\041\137\017}{section.4.2}% 36
\BOOKMARK [2][-]{subsection.4.2.5}{\376\377\000V\000i\000e\000w\000p\000o\000r\000t\000\040\000R\000e\000c\000t}{section.4.2}% 37
\BOOKMARK [2][-]{subsection.4.2.6}{\376\377\000D\000e\000p\000t\000h\000\040\000-\143\247\122\066\156\062\147\323\230\172\136\217}{section.4.2}% 38
\BOOKMARK [2][-]{subsection.4.2.7}{\376\377\000R\000e\000n\000d\000e\000r\000i\000n\000g\000\040\000P\000a\000t\000h\000\040\000-\156\062\147\323\215\357\137\204}{section.4.2}% 39
\BOOKMARK [2][-]{subsection.4.2.8}{\376\377\000T\000a\000r\000g\000e\000t\000\040\000T\000e\000x\000t\000u\000r\000e\000\040\000-\166\356\150\007\176\271\164\006}{section.4.2}% 40
\BOOKMARK [2][-]{subsection.4.2.9}{\376\377\000H\000D\000R\000\040\000-\232\330\122\250\140\001\121\111\161\147\156\062\147\323}{section.4.2}% 41
\BOOKMARK [0][-]{chapter.5}{\376\377\225\056\166\330\237\040\150\007\143\247\122\066}{}% 42
\BOOKMARK [1][-]{section.5.1}{\376\377\146\156\220\032\143\011\225\056\000\040\000-\000k\000e\000y\000D\000o\000w\000n\000\050\000K\000e\000y\000C\000o\000d\000e\000\040\000x\000x\000\051}{chapter.5}% 43
\BOOKMARK [1][-]{section.5.2}{\376\377\150\071\143\156\217\223\121\145\213\276\131\007\000\040\000-\000g\000e\000t\000A\000x\000i\000s\000\050\000\051}{chapter.5}% 44
\BOOKMARK [0][-]{chapter.6}{\376\377\145\366\225\364}{}% 45
\BOOKMARK [1][-]{section.6.1}{\376\377\000T\000i\000m\000e\000\040\174\173}{chapter.6}% 46
\BOOKMARK [0][-]{chapter.7}{\376\377\145\160\133\146}{}% 47
\BOOKMARK [1][-]{section.7.1}{\376\377\000R\000a\000n\000d\000o\000m\000\040\174\173}{chapter.7}% 48
\BOOKMARK [1][-]{section.7.2}{\376\377\000M\000a\000t\000h\000f\000\040\174\173}{chapter.7}% 49
\BOOKMARK [0][-]{chapter.8}{\376\377\162\151\164\006}{}% 50
\BOOKMARK [1][-]{section.8.1}{\376\377\155\101\172\013}{chapter.8}% 51
\BOOKMARK [0][-]{chapter.9}{\376\377\121\111\161\147}{}% 52
\BOOKMARK [1][-]{section.9.1}{\376\377\121\111\161\147}{chapter.9}% 53
\BOOKMARK [1][-]{section.9.2}{\376\377\160\330\127\371}{chapter.9}% 54
\BOOKMARK [0][-]{chapter.10}{\376\377\133\373\215\357}{}% 55
\BOOKMARK [1][-]{section.10.1}{\376\377\173\200\116\313}{chapter.10}% 56
\BOOKMARK [1][-]{section.10.2}{\376\377\155\101\172\013}{chapter.10}% 57
\BOOKMARK [0][-]{chapter.11}{\376\377\000U\000G\000U\000I}{}% 58
\BOOKMARK [1][-]{section.11.1}{\376\377\000C\000a\000n\000v\000a\000s}{chapter.11}% 59
\BOOKMARK [2][-]{subsection.11.1.1}{\376\377\000S\000c\000r\000e\000e\000n\000\040\000S\000p\000a\000c\000e\000-\000O\000v\000e\000r\000l\000a\000y\000\040\000-\211\206\166\326\152\041\137\017}{section.11.1}% 60
\BOOKMARK [2][-]{subsection.11.1.2}{\376\377\000S\000c\000r\000e\000e\000n\000\040\000S\000p\000a\000c\000e\000-\000C\000a\000m\000e\000r\000a\000\040\000-\144\104\120\317\147\072\152\041\137\017}{section.11.1}% 61
\BOOKMARK [2][-]{subsection.11.1.3}{\376\377\000W\000o\000r\000l\000d\000\040\000S\000p\000a\000c\000e\000\040\000-\116\026\165\114\172\172\225\364\152\041\137\017}{section.11.1}% 62
\BOOKMARK [2][-]{subsection.11.1.4}{\376\377\117\177\165\050\140\073\176\323}{section.11.1}% 63
\BOOKMARK [2][-]{subsection.11.1.5}{\376\377\000C\000a\000n\000v\000a\000s\000\040\000S\000c\000a\000l\000a\000r}{section.11.1}% 64
\BOOKMARK [2][-]{subsection.11.1.6}{\376\377\000L\000a\000y\000e\000r}{section.11.1}% 65
\BOOKMARK [1][-]{section.11.2}{\376\377\000R\000e\000c\000t\000T\000r\000a\000n\000s\000f\000o\000r\000m}{chapter.11}% 66
\BOOKMARK [2][-]{subsection.11.2.1}{\376\377\000P\000i\000v\000o\000t\000\050\116\055\137\303\000\051}{section.11.2}% 67
\BOOKMARK [2][-]{subsection.11.2.2}{\376\377\225\032\160\271\000-\000\040\201\352\220\002\136\224\134\117\136\125}{section.11.2}% 68
\BOOKMARK [2][-]{subsection.11.2.3}{\376\377\000s\000i\000z\000e\000D\000e\000l\000t\000a}{section.11.2}% 69
\BOOKMARK [2][-]{subsection.11.2.4}{\376\377\000R\000e\000c\000t\000T\000r\000a\000n\000s\000f\000o\000r\000m\000.\000r\000e\000c\000t}{section.11.2}% 70
\BOOKMARK [2][-]{subsection.11.2.5}{\376\377\171\072\117\213}{section.11.2}% 71
\BOOKMARK [2][-]{subsection.11.2.6}{\376\377\000F\000r\000a\000m\000D\000e\000b\000u\000g}{section.11.2}% 72
\BOOKMARK [1][-]{section.11.3}{\376\377\143\011\224\256}{chapter.11}% 73
\BOOKMARK [2][-]{subsection.11.3.1}{\376\377\123\237\131\313\000B\000u\000t\000t\000o\000n}{section.11.3}% 74
\BOOKMARK [2][-]{subsection.11.3.2}{\376\377\000I\000m\000a\000g\000e\173\111\000\040\000-\155\373\122\240\000b\000u\000t\000t\000o\000n\000\040\176\304\116\366}{section.11.3}% 75
\BOOKMARK [2][-]{subsection.11.3.3}{\376\377\155\373\122\240\116\213\116\366\131\004\164\006\201\032\147\054}{section.11.3}% 76
\BOOKMARK [1][-]{section.11.4}{\376\377\145\207\147\054\000-\000\040\000T\000e\000x\000t}{chapter.11}% 77
\BOOKMARK [2][-]{subsection.11.4.1}{\376\377\155\373\122\240\145\207\133\127\226\064\137\161\000\040\000-\000s\000h\000a\000d\000o\000w\000\040\176\304\116\366}{section.11.4}% 78
\BOOKMARK [2][-]{subsection.11.4.2}{\376\377\155\373\122\240\145\207\133\120\217\271\150\106\000\040\000-\000o\000u\000t\000l\000i\000n\000e\000\040\176\304\116\366}{section.11.4}% 79
\BOOKMARK [1][-]{section.11.5}{\376\377\126\376\162\107\000-\000\040\000I\000m\000a\000g\000e\000V\000i\000e\000w}{chapter.11}% 80
\BOOKMARK [1][-]{section.11.6}{\376\377\220\011\116\055\150\007\213\260\000-\000\040\000T\000o\000g\000g\000l\000e}{chapter.11}% 81
\BOOKMARK [1][-]{section.11.7}{\376\377\156\332\122\250\123\072\127\337\060\001\156\332\122\250\147\141}{chapter.11}% 82
\BOOKMARK [1][-]{section.11.8}{\376\377\121\166\116\326\135\345\121\167\147\141}{chapter.11}% 83
\BOOKMARK [1][-]{section.11.9}{\376\377\136\003\134\100\000-\000\040\000L\000a\000y\000o\000u\000t}{chapter.11}% 84
\BOOKMARK [2][-]{subsection.11.9.1}{\376\377\000g\000r\000i\000d\000\040\000l\000a\000y\000o\000u\000t\000\040\000g\000r\000o\000u\000p}{section.11.9}% 85
\BOOKMARK [2][-]{subsection.11.9.2}{\376\377\000h\000o\000r\000i\000z\000o\000n\000t\000a\000l\000\040\000l\000a\000y\000o\000u\000t\000\040\000g\000r\000o\000u\000p}{section.11.9}% 86
\BOOKMARK [2][-]{subsection.11.9.3}{\376\377\000v\000e\000r\000t\000i\000c\000a\000l\000\040\000l\000a\000y\000o\000u\000t\000\040\000g\000r\000o\000u\000p}{section.11.9}% 87
\BOOKMARK [0][-]{chapter.12}{\376\377\167\100\202\162\126\150\156\062\147\323}{}% 88
\BOOKMARK [0][-]{chapter.13}{\376\377\215\350\136\163\123\360\123\321\136\003\000a\000p\000k}{}% 89
\BOOKMARK [1][-]{section.13.1}{\376\377\155\101\172\013}{chapter.13}% 90
\BOOKMARK [1][-]{section.13.2}{\376\377\000A\000p\000k\000\040\133\211\210\305\136\070\211\301\225\031\213\357}{chapter.13}% 91
\BOOKMARK [0][-]{chapter.14}{\376\377\214\003\213\325\142\200\135\347}{}% 92
\BOOKMARK [1][-]{section.14.1}{\376\377\116\345\162\066\174\173\116\072\127\372\160\271}{chapter.14}% 93
