\BOOKMARK [0][-]{chapter.1}{\376\377\000G\000i\000t\000\040\173\200\116\313}{}% 1
\BOOKMARK [1][-]{section.1.1}{\376\377\226\306\116\055\137\017\000\040\162\110\147\054\143\247\122\066\174\373\176\337\000S\000V\000N}{chapter.1}% 2
\BOOKMARK [1][-]{section.1.2}{\376\377\122\006\136\003\137\017\000\040\162\110\147\054\143\247\122\066\174\373\176\337\000G\000i\000t}{chapter.1}% 3
\BOOKMARK [0][-]{chapter.2}{\376\377\000G\000i\000t\000\040\133\211\210\305\221\115\177\156}{}% 4
\BOOKMARK [0][-]{chapter.3}{\376\377\000G\000i\000t\000\040\135\345\117\134\155\101\172\013}{}% 5
\BOOKMARK [0][-]{chapter.4}{\376\377\000G\000i\000t\000\040\135\345\117\134\123\072\060\001\146\202\133\130\123\072\060\001\162\110\147\054\136\223}{}% 6
\BOOKMARK [1][-]{section.4.1}{\376\377\162\110\147\054\136\223\000\040\000r\000e\000p\000o\000s\000i\000t\000o\000r\000y}{chapter.4}% 7
\BOOKMARK [1][-]{section.4.2}{\376\377\135\345\117\134\123\072}{chapter.4}% 8
\BOOKMARK [1][-]{section.4.3}{\376\377\146\202\133\130\123\072}{chapter.4}% 9
\BOOKMARK [1][-]{section.4.4}{\376\377\176\323\147\204\126\376}{chapter.4}% 10
\BOOKMARK [0][-]{chapter.5}{\376\377\000G\000i\000t\000\040\122\033\136\372\116\323\136\223}{}% 11
\BOOKMARK [1][-]{section.5.1}{\376\377\000g\000i\000t\000\040\000i\000n\000i\000t}{chapter.5}% 12
\BOOKMARK [1][-]{section.5.2}{\376\377\000g\000i\000t\000\040\000c\000l\000o\000n\000e}{chapter.5}% 13
\BOOKMARK [0][-]{chapter.6}{\376\377\000G\000i\000t\000\040\127\372\147\054\144\315\117\134}{}% 14
\BOOKMARK [1][-]{section.6.1}{\376\377\127\372\147\054\144\315\117\134}{chapter.6}% 15
\BOOKMARK [2][-]{subsection.6.1.1}{\376\377\000g\000i\000t\000\040\000s\000t\000a\000t\000u\000s}{section.6.1}% 16
\BOOKMARK [2][-]{subsection.6.1.2}{\376\377\000g\000i\000t\000\040\000a\000d\000d}{section.6.1}% 17
\BOOKMARK [2][-]{subsection.6.1.3}{\376\377\000g\000i\000t\000\040\000d\000i\000f\000f}{section.6.1}% 18
\BOOKMARK [2][-]{subsection.6.1.4}{\376\377\000g\000i\000t\000\040\000c\000o\000m\000m\000i\000t}{section.6.1}% 19
\BOOKMARK [2][-]{subsection.6.1.5}{\376\377\000g\000i\000t\000\040\000r\000m}{section.6.1}% 20
\BOOKMARK [2][-]{subsection.6.1.6}{\376\377\000g\000i\000t\000\040\000m\000v}{section.6.1}% 21
\BOOKMARK [1][-]{section.6.2}{\376\377\162\110\147\054\126\336\156\332\116\016\122\115\217\333\143\247\122\066}{chapter.6}% 22
\BOOKMARK [2][-]{subsection.6.2.1}{\376\377\000g\000i\000t\000\040\000l\000o\000g}{section.6.2}% 23
\BOOKMARK [2][-]{subsection.6.2.2}{\376\377\000g\000i\000t\000\040\000r\000e\000s\000e\000t}{section.6.2}% 24
\BOOKMARK [0][-]{chapter.7}{\376\377\000G\000i\000t\000\040\122\006\145\057\173\241\164\006}{}% 25
\BOOKMARK [1][-]{section.7.1}{\376\377\122\006\145\057\127\372\147\054\144\315\117\134}{chapter.7}% 26
\BOOKMARK [2][-]{subsection.7.1.1}{\376\377\000g\000i\000t\000\040\000b\000r\000a\000n\000c\000h\000\040\000\050\000b\000r\000a\000n\000c\000h\000N\000a\000m\000e\000\051}{section.7.1}% 27
\BOOKMARK [2][-]{subsection.7.1.2}{\376\377\000g\000i\000t\000\040\000c\000h\000e\000c\000k\000o\000u\000t\000\040\000\050\000b\000r\000a\000n\000c\000h\000N\000a\000m\000e\000\051}{section.7.1}% 28
\BOOKMARK [2][-]{subsection.7.1.3}{\376\377\000g\000i\000t\000\040\000b\000r\000a\000n\000c\000h\000\040\000-\000d\000\040\000\050\000b\000r\000a\000n\000c\000h\000N\000a\000m\000e\000\051}{section.7.1}% 29
\BOOKMARK [2][-]{subsection.7.1.4}{\376\377\000g\000i\000t\000\040\000m\000e\000r\000g\000e}{section.7.1}% 30
\BOOKMARK [1][-]{section.7.2}{\376\377\211\343\121\263\121\262\172\201}{chapter.7}% 31
\BOOKMARK [0][-]{chapter.8}{\376\377\000G\000i\000t\000H\000u\000b\000\040\217\334\172\013\116\323\136\223}{}% 32
\BOOKMARK [1][-]{section.8.1}{\376\377\217\334\172\013\170\154\166\330\116\323\136\223\000-\000G\000i\000t\000H\000u\000b}{chapter.8}% 33
\BOOKMARK [1][-]{section.8.2}{\376\377\155\373\122\240\217\334\172\013\136\223}{chapter.8}% 34
\BOOKMARK [1][-]{section.8.3}{\376\377\116\316\217\334\172\013\136\223\121\113\226\206}{chapter.8}% 35
\BOOKMARK [2][-]{subsection.8.3.1}{\376\377\122\033\136\372\230\171\166\356\166\204\166\356\137\125\176\323\147\204}{section.8.3}% 36
\BOOKMARK [1][-]{section.8.4}{\376\377\131\032\116\272\123\117\117\134}{chapter.8}% 37
\BOOKMARK [0][-]{chapter.9}{\376\377\000G\000i\000t\000\040\147\015\122\241\126\150\144\055\136\372}{}% 38
\BOOKMARK [0][-]{chapter.10}{\376\377\123\302\200\003}{}% 39
