\BOOKMARK [0][-]{chapter.1}{\376\377\213\272\213\355}{}% 1
\BOOKMARK [1][-]{section.1.1}{\376\377\116\072\116\272\122\261\137\327}{chapter.1}% 2
\BOOKMARK [1][-]{section.1.2}{\376\377\131\004\116\213\116\113\220\123}{chapter.1}% 3
\BOOKMARK [0][-]{chapter.2}{\376\377\116\055\136\270}{}% 4
\BOOKMARK [1][-]{section.2.1}{\376\377\116\055\060\001\136\270\060\001\141\116\121\166\162\354}{chapter.2}% 5
\BOOKMARK [1][-]{section.2.2}{\376\377\124\033\133\120\116\055\136\270}{chapter.2}% 6
\BOOKMARK [1][-]{section.2.3}{\376\377\234\234\200\375\167\345\124\163}{chapter.2}% 7
\BOOKMARK [1][-]{section.2.4}{\376\377\201\352\117\134\200\152\146\016\377\014\116\015\167\345\220\177\171\170}{chapter.2}% 8
\BOOKMARK [0][-]{chapter.3}{\376\377\215\104\154\273\220\032\222\164\145\105\116\213}{}% 9
\BOOKMARK [1][-]{section.3.1}{\376\377\116\003\126\375\116\211\226\304}{chapter.3}% 10
\BOOKMARK [2][-]{subsection.3.1.1}{\376\377\215\165\233\117\227\351\116\011\122\006\146\113}{section.3.1}% 11
\BOOKMARK [2][-]{subsection.3.1.2}{\376\377\233\117\145\207\117\257}{section.3.1}% 12
\BOOKMARK [2][-]{subsection.3.1.3}{\376\377\233\117\126\375\220\011\166\370}{section.3.1}% 13
\BOOKMARK [2][-]{subsection.3.1.4}{\376\377\214\153\213\251\122\072\147\100\215\165\211\104\133\120}{section.3.1}% 14
\BOOKMARK [2][-]{subsection.3.1.5}{\376\377\200\102\145\077}{section.3.1}% 15
\BOOKMARK [2][-]{subsection.3.1.6}{\376\377\124\015\134\006\124\064\215\167}{section.3.1}% 16
\BOOKMARK [2][-]{subsection.3.1.7}{\376\377\125\106\227\205}{section.3.1}% 17
\BOOKMARK [2][-]{subsection.3.1.8}{\376\377\133\131\201\221\000V\000S\136\236\155\223}{section.3.1}% 18
\BOOKMARK [2][-]{subsection.3.1.9}{\376\377\151\132\146\055\163\213}{section.3.1}% 19
\BOOKMARK [2][-]{subsection.3.1.10}{\376\377\161\325\146\055\163\213\154\102\215\044}{section.3.1}% 20
\BOOKMARK [2][-]{subsection.3.1.11}{\376\377\215\165\153\146\226\165\163\213\200\341\147\015\232\221\134\004}{section.3.1}% 21
\BOOKMARK [2][-]{subsection.3.1.12}{\376\377\116\120\153\305\117\020\237\120}{section.3.1}% 22
\BOOKMARK [2][-]{subsection.3.1.13}{\376\377\134\006\166\370\124\214}{section.3.1}% 23
\BOOKMARK [2][-]{subsection.3.1.14}{\376\377\203\003\226\316\377\010\000j\000u\377\011\167\132\167\046\137\305\142\245}{section.3.1}% 24
\BOOKMARK [1][-]{section.3.2}{\376\377\151\132\154\111}{chapter.3}% 25
\BOOKMARK [2][-]{subsection.3.2.1}{\376\377\122\030\220\246\165\050\116\272}{section.3.2}% 26
\BOOKMARK [2][-]{subsection.3.2.2}{\376\377\230\171\177\275\131\061\215\045\166\204\124\057\171\072}{section.3.2}% 27
\BOOKMARK [2][-]{subsection.3.2.3}{\376\377\172\313\131\052\133\120}{section.3.2}% 28
\BOOKMARK [2][-]{subsection.3.2.4}{\376\377\154\111\145\207\136\035}{section.3.2}% 29
\BOOKMARK [1][-]{section.3.3}{\376\377\116\011\126\375}{chapter.3}% 30
\BOOKMARK [2][-]{subsection.3.3.1}{\376\377\233\117}{section.3.3}% 31
\BOOKMARK [2][-]{subsection.3.3.2}{\376\377\207\000}{section.3.3}% 32
\BOOKMARK [2][-]{subsection.3.3.3}{\376\377\124\064}{section.3.3}% 33
\BOOKMARK [1][-]{section.3.4}{\376\377\116\224\126\375}{chapter.3}% 34
\BOOKMARK [2][-]{subsection.3.4.1}{\376\377\146\113}{section.3.4}% 35
\BOOKMARK [2][-]{subsection.3.4.2}{\376\377\133\213}{section.3.4}% 36
\BOOKMARK [2][-]{subsection.3.4.3}{\376\377\237\120}{section.3.4}% 37
\BOOKMARK [2][-]{subsection.3.4.4}{\376\377\150\201}{section.3.4}% 38
\BOOKMARK [2][-]{subsection.3.4.5}{\376\377\226\110}{section.3.4}% 39
\BOOKMARK [1][-]{section.3.5}{\376\377\226\217}{chapter.3}% 40
\BOOKMARK [1][-]{section.3.6}{\376\377\125\020}{chapter.3}% 41
