\BOOKMARK [0][-]{chapter*.1}{\376\377\166\356\137\125}{}% 1
\BOOKMARK [0][-]{chapter.1}{\376\377\121\205\133\130\173\241\164\006}{}% 2
\BOOKMARK [1][-]{section.1.1}{\376\377\121\205\133\130\173\241\164\006\213\346\211\343}{chapter.1}% 3
\BOOKMARK [2][-]{subsection.1.1.1}{\376\377\121\205\133\130\122\006\221\115\145\271\137\017}{section.1.1}% 4
\BOOKMARK [2][-]{subsection.1.1.2}{\376\377\143\247\122\066\121\205\133\130\122\006\221\115}{section.1.1}% 5
\BOOKMARK [2][-]{subsection.1.1.3}{\376\377\143\007\224\210\123\302\145\160\146\057\131\202\117\125\117\040\220\022\121\205\133\130\166\204}{section.1.1}% 6
\BOOKMARK [2][-]{subsection.1.1.4}{\376\377\147\134\176\335\221\316\143\007\224\210}{section.1.1}% 7
\BOOKMARK [2][-]{subsection.1.1.5}{\376\377\121\205\133\130\200\027\134\075\140\016\116\110\131\004\164\006}{section.1.1}% 8
\BOOKMARK [1][-]{section.1.2}{\376\377\120\145\130\356\143\007\224\210\124\214\215\104\156\220\173\241\164\006}{chapter.1}% 9
\BOOKMARK [2][-]{subsection.1.2.1}{\376\377\000R\000A\000I\000I}{section.1.2}% 10
\BOOKMARK [2][-]{subsection.1.2.2}{\376\377\146\172\200\375\143\007\224\210}{section.1.2}% 11
\BOOKMARK [1][-]{section.1.3}{\376\377\121\205\133\130\122\006\221\115}{chapter.1}% 12
\BOOKMARK [2][-]{subsection.1.3.1}{\376\377\121\205\133\130\172\172\225\364\122\006\221\115\171\072\117\213}{section.1.3}% 13
\BOOKMARK [2][-]{subsection.1.3.2}{\376\377\121\205\133\130\173\241\164\006\127\372\170\100\211\201\175\040}{section.1.3}% 14
\BOOKMARK [2][-]{subsection.1.3.3}{\376\377\000m\000a\000l\000l\000o\000c\000\040\165\063\213\367\172\172\225\364\136\003\134\100\176\323\147\204}{section.1.3}% 15
\BOOKMARK [2][-]{subsection.1.3.4}{\376\377\000e\000m\000b\000e\000d\000d\000e\000d\000\040\000p\000o\000i\000n\000t\000e\000r\000s}{section.1.3}% 16
\BOOKMARK [1][-]{section.1.4}{\376\377\000S\000T\000L\000\040\121\205\133\130\122\006\221\115}{chapter.1}% 17
\BOOKMARK [1][-]{section.1.5}{\376\377\000S\000T\000L\000\040\156\220\170\001\176\323\147\204}{chapter.1}% 18
\BOOKMARK [1][-]{section.1.6}{\376\377\121\205\133\130\154\304\157\017}{chapter.1}% 19
\BOOKMARK [2][-]{subsection.1.6.1}{\376\377\131\202\117\125\133\371\116\330\121\205\133\130\154\304\157\017\377\037}{section.1.6}% 20
\BOOKMARK [2][-]{subsection.1.6.2}{\376\377\121\205\133\130\154\304\157\017\166\204\123\321\165\037\145\271\137\017}{section.1.6}% 21
\BOOKMARK [2][-]{subsection.1.6.3}{\376\377\000C\000/\000C\000+\000+\121\205\133\130\154\304\157\017\123\312\121\166\150\300\155\113\135\345\121\167}{section.1.6}% 22
\BOOKMARK [2][-]{subsection.1.6.4}{\376\377\150\300\155\113\121\205\133\130\154\304\157\017}{section.1.6}% 23
\BOOKMARK [1][-]{section.1.7}{\376\377\121\205\133\130\126\336\145\066}{chapter.1}% 24
\BOOKMARK [2][-]{subsection.1.7.1}{\376\377\121\205\133\130\133\371\214\141\131\047\117\032\142\030}{section.1.7}% 25
\BOOKMARK [2][-]{subsection.1.7.2}{\376\377\127\203\127\076\126\336\145\066\145\271\154\325}{section.1.7}% 26
\BOOKMARK [0][-]{chapter.2}{\376\377\210\305\217\175\224\376\143\245\123\237\164\006}{}% 27
\BOOKMARK [1][-]{section.2.1}{\376\377\000C\000P\000U\117\123\174\373}{chapter.2}% 28
\BOOKMARK [1][-]{section.2.2}{\376\377\215\350\136\163\123\360\123\237\164\006}{chapter.2}% 29
\BOOKMARK [1][-]{section.2.3}{\376\377\000C\117\213\133\120\000-\000>\177\026\213\321\126\150\116\016\224\376\143\245\126\150}{chapter.2}% 30
\BOOKMARK [2][-]{subsection.2.3.1}{\376\377\000C\156\220\145\207\116\366}{section.2.3}% 31
\BOOKMARK [2][-]{subsection.2.3.2}{\376\377\166\356\150\007\145\207\116\366}{section.2.3}% 32
\BOOKMARK [2][-]{subsection.2.3.3}{\376\377\166\356\150\007\145\207\116\366\166\204\224\376\143\245}{section.2.3}% 33
\BOOKMARK [1][-]{section.2.4}{\376\377\142\147\210\114\147\037\225\364\000-\000>\210\305\217\175\126\150\172\013\136\217}{chapter.2}% 34
\BOOKMARK [2][-]{subsection.2.4.1}{\376\377\122\250\140\001\224\376\143\245\136\223}{section.2.4}% 35
\BOOKMARK [2][-]{subsection.2.4.2}{\376\377\000M\000a\000i\000n\000\040\121\375\145\160\116\113\122\115}{section.2.4}% 36
\BOOKMARK [0][-]{chapter.3}{\376\377\153\143\122\031\210\150\217\276\137\017}{}% 37
\BOOKMARK [1][-]{section.3.1}{\376\377\127\372\170\100\167\345\213\306}{chapter.3}% 38
\BOOKMARK [2][-]{subsection.3.1.1}{\376\377\145\164\116\052\133\127\173\046\116\062\146\057\124\046\123\071\221\115}{section.3.1}% 39
\BOOKMARK [2][-]{subsection.3.1.2}{\376\377\123\352\217\324\126\336\116\000\116\052\123\071\221\115\176\323\147\234}{section.3.1}% 40
\BOOKMARK [2][-]{subsection.3.1.3}{\376\377\217\324\126\336\131\032\116\052\123\071\221\115\176\323\147\234}{section.3.1}% 41
\BOOKMARK [1][-]{section.3.2}{\376\377\133\120\210\150\217\276\137\017\123\071\221\115}{chapter.3}% 42
\BOOKMARK [0][-]{chapter.4}{\376\377\137\002\136\070\131\004\164\006}{}% 43
\BOOKMARK [1][-]{section.4.1}{\376\377\173\200\116\313}{chapter.4}% 44
\BOOKMARK [1][-]{section.4.2}{\376\377\137\002\136\070\131\004\164\006\147\072\122\066}{chapter.4}% 45
\BOOKMARK [2][-]{subsection.4.2.1}{\376\377\137\002\136\070\121\215\137\025\123\321}{section.4.2}% 46
\BOOKMARK [2][-]{subsection.4.2.2}{\376\377\150\010\134\125\137\000}{section.4.2}% 47
\BOOKMARK [2][-]{subsection.4.2.3}{\376\377\147\052\131\004\164\006\137\002\136\070}{section.4.2}% 48
\BOOKMARK [2][-]{subsection.4.2.4}{\376\377\143\317\217\360\121\375\145\160\123\357\124\046\137\025\123\321\137\002\136\070}{section.4.2}% 49
\BOOKMARK [2][-]{subsection.4.2.5}{\376\377\146\076\171\072\137\002\136\070\124\015\133\127}{section.4.2}% 50
\BOOKMARK [2][-]{subsection.4.2.6}{\376\377\137\002\136\070\150\007\121\306\136\223\174\173\176\323\147\204}{section.4.2}% 51
\BOOKMARK [1][-]{section.4.3}{\376\377\000l\000o\000g\000i\000c\000\137\000e\000r\000r\000o\000r}{chapter.4}% 52
\BOOKMARK [2][-]{subsection.4.3.1}{\376\377\000i\000n\000v\000a\000l\000i\000d\000\137\000a\000r\000g\000u\000m\000e\000n\000t}{section.4.3}% 53
\BOOKMARK [2][-]{subsection.4.3.2}{\376\377\000d\000o\000m\000a\000i\000n\000\137\000e\000r\000r\000o\000r}{section.4.3}% 54
\BOOKMARK [2][-]{subsection.4.3.3}{\376\377\000l\000e\000n\000g\000t\000h\000\137\000e\000r\000r\000o\000r}{section.4.3}% 55
\BOOKMARK [2][-]{subsection.4.3.4}{\376\377\000o\000u\000t\000\137\000o\000f\000\137\000r\000a\000n\000g\000e}{section.4.3}% 56
\BOOKMARK [2][-]{subsection.4.3.5}{\376\377\000f\000u\000t\000u\000r\000e\000\137\000e\000r\000r\000o\000r}{section.4.3}% 57
\BOOKMARK [2][-]{subsection.4.3.6}{\376\377\000b\000a\000d\000\137\000o\000p\000t\000i\000o\000n\000a\000l\000\137\000a\000c\000c\000e\000s\000s}{section.4.3}% 58
\BOOKMARK [1][-]{section.4.4}{\376\377\000r\000u\000n\000t\000i\000m\000e\000\137\000e\000r\000r\000o\000r}{chapter.4}% 59
\BOOKMARK [2][-]{subsection.4.4.1}{\376\377\000r\000a\000n\000g\000e\000\137\000e\000r\000r\000o\000r}{section.4.4}% 60
\BOOKMARK [2][-]{subsection.4.4.2}{\376\377\000o\000v\000e\000r\000f\000l\000o\000w\000\137\000e\000r\000r\000o\000r}{section.4.4}% 61
\BOOKMARK [2][-]{subsection.4.4.3}{\376\377\000u\000n\000d\000e\000r\000f\000l\000o\000w\000\137\000e\000r\000r\000o\000r}{section.4.4}% 62
\BOOKMARK [2][-]{subsection.4.4.4}{\376\377\000r\000e\000g\000e\000x\000\137\000e\000r\000r\000o\000r}{section.4.4}% 63
\BOOKMARK [2][-]{subsection.4.4.5}{\376\377\000s\000y\000s\000t\000e\000m\000\137\000e\000r\000r\000o\000r}{section.4.4}% 64
\BOOKMARK [2][-]{subsection.4.4.6}{\376\377\000t\000x\000\137\000e\000x\000c\000e\000p\000t\000i\000o\000n}{section.4.4}% 65
\BOOKMARK [1][-]{section.4.5}{\376\377\000b\000a\000d\000\040\000e\000r\000r\000o\000r\000s}{chapter.4}% 66
\BOOKMARK [2][-]{subsection.4.5.1}{\376\377\000b\000a\000d\000\137\000t\000y\000p\000e\000i\000d}{section.4.5}% 67
\BOOKMARK [2][-]{subsection.4.5.2}{\376\377\000b\000a\000d\000\137\000c\000a\000s\000t}{section.4.5}% 68
\BOOKMARK [2][-]{subsection.4.5.3}{\376\377\000b\000a\000d\000\137\000w\000e\000a\000k\000\137\000p\000t\000r}{section.4.5}% 69
\BOOKMARK [2][-]{subsection.4.5.4}{\376\377\000b\000a\000d\000\137\000f\000u\000n\000c\000t\000i\000o\000n\000\137\000c\000a\000l\000l}{section.4.5}% 70
\BOOKMARK [2][-]{subsection.4.5.5}{\376\377\000b\000a\000d\000\137\000a\000l\000l\000o\000c}{section.4.5}% 71
\BOOKMARK [2][-]{subsection.4.5.6}{\376\377\000b\000a\000d\000\137\000e\000x\000c\000e\000p\000t\000i\000o\000n}{section.4.5}% 72
\BOOKMARK [2][-]{subsection.4.5.7}{\376\377\000b\000a\000d\000\137\000v\000a\000r\000i\000a\000n\000t\000\137\000a\000c\000c\000e\000s\000s}{section.4.5}% 73
\BOOKMARK [0][-]{chapter.5}{\376\377\131\032\176\277\172\013}{}% 74
\BOOKMARK [1][-]{section.5.1}{\376\377\123\302\200\003}{chapter.5}% 75
\BOOKMARK [1][-]{section.5.2}{\376\377\230\173\167\345}{chapter.5}% 76
\BOOKMARK [2][-]{subsection.5.2.1}{\376\377\176\277\172\013\133\211\121\150}{section.5.2}% 77
\BOOKMARK [2][-]{subsection.5.2.2}{\376\377\133\371\214\141\166\204\122\033\136\372}{section.5.2}% 78
\BOOKMARK [1][-]{section.5.3}{\376\377\151\202\137\365}{chapter.5}% 79
\BOOKMARK [1][-]{section.5.4}{\376\377\000P\000O\000S\000I\000X\176\277\172\013}{chapter.5}% 80
\BOOKMARK [2][-]{subsection.5.4.1}{\376\377\176\277\172\013\122\033\136\372}{section.5.4}% 81
\BOOKMARK [2][-]{subsection.5.4.2}{\376\377\176\277\172\013\000I\000D}{section.5.4}% 82
\BOOKMARK [2][-]{subsection.5.4.3}{\376\377\176\277\172\013\134\136\140\047}{section.5.4}% 83
\BOOKMARK [2][-]{subsection.5.4.4}{\376\377\176\277\172\013\144\244\225\000}{section.5.4}% 84
\BOOKMARK [2][-]{subsection.5.4.5}{\376\377\176\277\172\013\134\100\220\350\133\130\120\250}{section.5.4}% 85
\BOOKMARK [2][-]{subsection.5.4.6}{\376\377\176\277\172\013\156\005\226\144}{section.5.4}% 86
\BOOKMARK [1][-]{section.5.5}{\376\377\000C\000+\000+\0001\0001\176\277\172\013}{chapter.5}% 87
\BOOKMARK [2][-]{subsection.5.5.1}{\376\377\131\064\145\207\116\366}{section.5.5}% 88
\BOOKMARK [2][-]{subsection.5.5.2}{\376\377\176\277\172\013\174\173}{section.5.5}% 89
\BOOKMARK [2][-]{subsection.5.5.3}{\376\377\176\277\172\013\225\364\145\160\143\156\116\244\116\222\124\214\145\160\143\156\116\211\165\050\000\050\000D\000a\000t\000a\000\040\000R\000a\000c\000i\000n\000g\000\051}{section.5.5}% 90
\BOOKMARK [2][-]{subsection.5.5.4}{\376\377\116\222\145\245\225\001}{section.5.5}% 91
\BOOKMARK [2][-]{subsection.5.5.5}{\376\377\147\141\116\366\123\330\221\317}{section.5.5}% 92
\BOOKMARK [2][-]{subsection.5.5.6}{\376\377\147\037\213\270\116\016\142\177\213\372}{section.5.5}% 93
\BOOKMARK [2][-]{subsection.5.5.7}{\376\377\176\277\172\013\154\140}{section.5.5}% 94
\BOOKMARK [1][-]{section.5.6}{\376\377\000R\000e\000f\000e\000r\000e\000n\000c\000e\000s}{chapter.5}% 95
\BOOKMARK [2][-]{subsection.5.6.1}{\376\377\000t\000h\000r\000e\000a\000d}{section.5.6}% 96
\BOOKMARK [2][-]{subsection.5.6.2}{\376\377\000a\000t\000o\000m\000i\000c}{section.5.6}% 97
\BOOKMARK [2][-]{subsection.5.6.3}{\376\377\000m\000u\000t\000e\000x}{section.5.6}% 98
\BOOKMARK [2][-]{subsection.5.6.4}{\376\377\000c\000o\000n\000d\000i\000t\000i\000o\000n\000\137\000v\000a\000r\000i\000a\000b\000l\000e}{section.5.6}% 99
\BOOKMARK [2][-]{subsection.5.6.5}{\376\377\000F\000u\000t\000u\000r\000e\000s}{section.5.6}% 100
\BOOKMARK [0][-]{chapter.6}{\376\377\131\032\217\333\172\013}{}% 101
\BOOKMARK [0][-]{chapter.7}{\376\377\154\333\127\213\177\026\172\013}{}% 102
\BOOKMARK [1][-]{section.7.1}{\376\377\000d\000e\000c\000l\000t\000y\000p\000e}{chapter.7}% 103
\BOOKMARK [1][-]{section.7.2}{\376\377\133\214\177\216\217\154\123\321}{chapter.7}% 104
\BOOKMARK [1][-]{section.7.3}{\376\377\122\115\212\000\230\173\167\345}{chapter.7}% 105
\BOOKMARK [1][-]{section.7.4}{\376\377\121\375\145\160\152\041\162\110}{chapter.7}% 106
\BOOKMARK [2][-]{subsection.7.4.1}{\376\377\133\232\116\111\123\312\117\177\165\050}{section.7.4}% 107
\BOOKMARK [2][-]{subsection.7.4.2}{\376\377\130\360\146\016\152\041\162\110\121\375\145\160}{section.7.4}% 108
\BOOKMARK [2][-]{subsection.7.4.3}{\376\377\152\041\162\110\116\137\123\357\116\345\221\315\217\175}{section.7.4}% 109
\BOOKMARK [2][-]{subsection.7.4.4}{\376\377\133\236\123\302\166\204\157\024\176\316\000-\152\041\162\110\174\173\127\213\143\250\133\374\170\156\133\232}{section.7.4}% 110
\BOOKMARK [2][-]{subsection.7.4.5}{\376\377\133\232\122\066\227\136\152\041\162\110\121\375\145\160\000\050\221\315\217\175\121\375\145\160\152\041\162\110\000\051}{section.7.4}% 111
\BOOKMARK [1][-]{section.7.5}{\376\377\121\375\133\120}{chapter.7}% 112
\BOOKMARK [2][-]{subsection.7.5.1}{\376\377\121\375\145\160\143\007\224\210\133\236\163\260}{section.7.5}% 113
\BOOKMARK [2][-]{subsection.7.5.2}{\376\377\121\375\133\120}{section.7.5}% 114
\BOOKMARK [1][-]{section.7.6}{\376\377\174\173\152\041\147\177}{chapter.7}% 115
\BOOKMARK [2][-]{subsection.7.6.1}{\376\377\133\232\116\111\174\173\152\041\147\177}{section.7.6}% 116
\BOOKMARK [2][-]{subsection.7.6.2}{\376\377\117\177\165\050\174\173\152\041\147\177}{section.7.6}% 117
\BOOKMARK [2][-]{subsection.7.6.3}{\376\377\174\173\152\041\147\177\122\053\124\015}{section.7.6}% 118
\BOOKMARK [2][-]{subsection.7.6.4}{\376\377\174\173\152\041\147\177\146\076\171\072\162\171\123\026}{section.7.6}% 119
\BOOKMARK [1][-]{section.7.7}{\376\377\152\041\162\110\123\302\145\160}{chapter.7}% 120
\BOOKMARK [2][-]{subsection.7.7.1}{\376\377\227\136\174\173\127\213\152\041\162\110\123\302\145\160}{section.7.7}% 121
\BOOKMARK [2][-]{subsection.7.7.2}{\376\377\236\330\213\244\152\041\162\110\123\302\145\160}{section.7.7}% 122
\BOOKMARK [2][-]{subsection.7.7.3}{\376\377\152\041\162\110\174\173\127\213\166\204\152\041\162\110\123\302\145\160}{section.7.7}% 123
\BOOKMARK [2][-]{subsection.7.7.4}{\376\377\000t\000y\000p\000e\000n\000a\000m\000e}{section.7.7}% 124
\BOOKMARK [2][-]{subsection.7.7.5}{\376\377\152\041\147\177\174\173\116\055\121\215\147\011\152\041\162\110\142\020\124\130}{section.7.7}% 125
\BOOKMARK [1][-]{section.7.8}{\376\377\152\041\162\110\162\171\123\026}{chapter.7}% 126
\BOOKMARK [2][-]{subsection.7.8.1}{\376\377\121\150\162\171\123\026\000\040\000F\000u\000l\000l\000\040\000S\000p\000e\000c\000i\000a\000l\000i\000z\000a\000t\000i\000o\000n}{section.7.8}% 127
\BOOKMARK [2][-]{subsection.7.8.2}{\376\377\120\117\162\171\123\026\000\040\000P\000a\000r\000t\000i\000a\000l\000\040\000S\000p\000e\000c\000i\000a\000l\000i\000z\000a\000t\000i\000o\000n}{section.7.8}% 128
\BOOKMARK [1][-]{section.7.9}{\376\377\152\041\162\110\123\313\121\103}{chapter.7}% 129
\BOOKMARK [1][-]{section.7.10}{\376\377\121\103\177\026\172\013}{chapter.7}% 130
\BOOKMARK [1][-]{section.7.11}{\376\377\123\302\200\003}{chapter.7}% 131
\BOOKMARK [0][-]{chapter.8}{\376\377\000E\000f\000f\000e\000c\000t\000i\000v\000e}{}% 132
\BOOKMARK [1][-]{section.8.1}{\376\377\000E\000f\000f\000e\000c\000t\000i\000v\000e\000\040\000C\000+\000+}{chapter.8}% 133
\BOOKMARK [2][-]{subsection.8.1.1}{\376\377\000C\000+\000+\000\040\127\372\147\054\166\370\121\163\140\047\200\375\143\320\123\107}{section.8.1}% 134
\BOOKMARK [2][-]{subsection.8.1.2}{\376\377\000C\000+\000+\000\040\147\204\220\040\000/\147\220\147\204\000/\215\113\120\074\140\047\200\375\143\320\123\107}{section.8.1}% 135
\BOOKMARK [2][-]{subsection.8.1.3}{\376\377\215\104\156\220\173\241\164\006}{section.8.1}% 136
\BOOKMARK [2][-]{subsection.8.1.4}{\376\377\213\276\213\241\116\016\130\360\146\016}{section.8.1}% 137
\BOOKMARK [2][-]{subsection.8.1.5}{\376\377\133\236\163\260}{section.8.1}% 138
\BOOKMARK [2][-]{subsection.8.1.6}{\376\377\176\347\142\177\116\016\227\142\124\021\133\371\214\141\213\276\213\241}{section.8.1}% 139
\BOOKMARK [1][-]{section.8.2}{\376\377\000M\000o\000r\000e\000\040\000E\000f\000f\000e\000c\000t\000i\000v\000e\000\040\000C\000+\000+}{chapter.8}% 140
\BOOKMARK [2][-]{subsection.8.2.1}{\376\377\127\372\170\100\213\256\230\230\000\050\000B\000a\000s\000i\000c\000s\000\051}{section.8.2}% 141
\BOOKMARK [2][-]{subsection.8.2.2}{\376\377\144\315\117\134\173\046\000\050\000O\000p\000e\000r\000a\000t\000o\000r\000s\000\051}{section.8.2}% 142
\BOOKMARK [2][-]{subsection.8.2.3}{\376\377\137\002\136\070\000\050\000E\000x\000c\000e\000p\000t\000i\000o\000n\000s\000\051}{section.8.2}% 143
\BOOKMARK [2][-]{subsection.8.2.4}{\376\377\145\110\163\207\000\050\000E\000f\000f\000i\000c\000i\000e\000n\000c\000y\000\051}{section.8.2}% 144
\BOOKMARK [2][-]{subsection.8.2.5}{\376\377\142\200\147\057\000\050\000T\000e\000c\000h\000n\000i\000q\000u\000e\000s\000,\000I\000d\000i\000o\000m\000s\000,\000P\000a\000t\000t\000e\000r\000n\000s\000\051}{section.8.2}% 145
\BOOKMARK [2][-]{subsection.8.2.6}{\376\377\147\102\230\171\213\250\213\272\000\050\000M\000i\000s\000c\000e\000l\000l\000a\000n\000y\000\051}{section.8.2}% 146
\BOOKMARK [1][-]{section.8.3}{\376\377\000E\000f\000f\000e\000c\000t\000i\000v\000e\000\040\000M\000o\000d\000e\000r\000n\000\040\000C\000+\000+}{chapter.8}% 147
\BOOKMARK [2][-]{subsection.8.3.1}{\376\377\000D\000e\000d\000u\000c\000i\000n\000g\000\040\000T\000y\000p\000e\000s}{section.8.3}% 148
\BOOKMARK [2][-]{subsection.8.3.2}{\376\377\000a\000u\000t\000o}{section.8.3}% 149
\BOOKMARK [2][-]{subsection.8.3.3}{\376\377\000M\000o\000v\000i\000n\000g\000\040\000t\000o\000\040\000M\000o\000d\000e\000r\000n\000\040\000C\000+\000+}{section.8.3}% 150
\BOOKMARK [2][-]{subsection.8.3.4}{\376\377\000S\000m\000a\000r\000t\000\040\000P\000o\000i\000n\000t\000e\000r\000s}{section.8.3}% 151
\BOOKMARK [2][-]{subsection.8.3.5}{\376\377\000R\000v\000a\000l\000u\000e\000\040\000R\000e\000f\000e\000r\000e\000n\000c\000e\000s\000,\000\040\000M\000o\000v\000e\000\040\000S\000e\000m\000a\000n\000t\000i\000c\000s\000,\000\040\000a\000n\000d\000\040\000P\000e\000r\000f\000e\000c\000t\000\040\000F\000o\000r\000w\000a\000r\000d\000i\000n\000g}{section.8.3}% 152
\BOOKMARK [2][-]{subsection.8.3.6}{\376\377\000L\000a\000m\000b\000d\000a\000\040\000E\000x\000p\000r\000e\000s\000s\000i\000o\000n\000s}{section.8.3}% 153
\BOOKMARK [2][-]{subsection.8.3.7}{\376\377\000T\000h\000e\000\040\000C\000o\000n\000c\000u\000r\000r\000e\000n\000c\000y\000\040\000A\000P\000I}{section.8.3}% 154
\BOOKMARK [2][-]{subsection.8.3.8}{\376\377\000T\000w\000e\000a\000k\000s}{section.8.3}% 155
\BOOKMARK [1][-]{section.8.4}{\376\377\000E\000f\000f\000e\000c\000t\000i\000v\000e\000\040\000S\000T\000L}{chapter.8}% 156
\BOOKMARK [2][-]{subsection.8.4.1}{\376\377\133\271\126\150}{section.8.4}% 157
\BOOKMARK [2][-]{subsection.8.4.2}{\376\377\000v\000e\000c\000t\000o\000r\000\040\000A\000n\000d\000\040\000s\000t\000r\000i\000n\000g}{section.8.4}% 158
\BOOKMARK [2][-]{subsection.8.4.3}{\376\377\121\163\200\124\133\271\126\150}{section.8.4}% 159
\BOOKMARK [2][-]{subsection.8.4.4}{\376\377\217\355\116\343\126\150}{section.8.4}% 160
\BOOKMARK [2][-]{subsection.8.4.5}{\376\377\173\227\154\325}{section.8.4}% 161
\BOOKMARK [2][-]{subsection.8.4.6}{\376\377\121\375\145\160\133\120\060\001\121\375\145\160\133\120\174\173\060\001\121\375\145\160\123\312\121\166\116\326}{section.8.4}% 162
\BOOKMARK [2][-]{subsection.8.4.7}{\376\377\127\050\172\013\136\217\116\055\117\177\165\050\000S\000T\000L}{section.8.4}% 163
\BOOKMARK [1][-]{section.8.5}{\376\377\143\320\123\107\000C\000+\000+\177\026\172\013\140\047\200\375\166\204\142\200\147\057}{chapter.8}% 164
\BOOKMARK [2][-]{subsection.8.5.1}{\376\377\215\337\216\052\203\003\117\213}{section.8.5}% 165
\BOOKMARK [2][-]{subsection.8.5.2}{\376\377\206\132\121\375\145\160}{section.8.5}% 166
\BOOKMARK [2][-]{subsection.8.5.3}{\376\377\116\064\145\366\133\371\214\141}{section.8.5}% 167
\BOOKMARK [2][-]{subsection.8.5.4}{\376\377\121\205\133\130\154\140}{section.8.5}% 168
\BOOKMARK [2][-]{subsection.8.5.5}{\376\377\137\025\165\050\213\241\145\160}{section.8.5}% 169
\BOOKMARK [2][-]{subsection.8.5.6}{\376\377\137\252\163\257\137\025\165\050}{section.8.5}% 170
\BOOKMARK [2][-]{subsection.8.5.7}{\376\377\116\343\170\001\117\030\123\026}{section.8.5}% 171
\BOOKMARK [2][-]{subsection.8.5.8}{\376\377\213\276\213\241\117\030\123\026}{section.8.5}% 172
\BOOKMARK [2][-]{subsection.8.5.9}{\376\377\123\357\117\070\177\051\140\047}{section.8.5}% 173
\BOOKMARK [2][-]{subsection.8.5.10}{\376\377\174\373\176\337\117\123\174\373\176\323\147\204\166\370\121\163\140\047}{section.8.5}% 174
\BOOKMARK [1][-]{section.8.6}{\376\377\155\361\121\145\143\242\175\042\000\040\000C\000+\000+\000\040\133\371\214\141\152\041\127\213}{chapter.8}% 175
\BOOKMARK [1][-]{section.8.7}{\376\377\000S\000T\000L\000\040\156\220\170\001\122\126\147\220}{chapter.8}% 176
\BOOKMARK [1][-]{section.8.8}{\376\377\123\302\200\003}{chapter.8}% 177
\BOOKMARK [0][-]{chapter.9}{\376\377\000O\000p\000e\000n\000M\000P\000\040\136\166\210\114\142\200\147\057}{}% 178
\BOOKMARK [0][-]{chapter.10}{\376\377\000G\000P\000U\000\040\136\166\210\114\142\200\147\057}{}% 179
\BOOKMARK [1][-]{section.10.1}{\376\377\000O\000p\000e\000n\000C\000L}{chapter.10}% 180
\BOOKMARK [1][-]{section.10.2}{\376\377\000C\000U\000D\000A}{chapter.10}% 181
