\BOOKMARK [0][-]{chapter.1}{\376\377\116\140\140\357}{}% 1
\BOOKMARK [1][-]{section.1.1}{\376\377\137\305\230\173\121\173\142\020\166\204}{chapter.1}% 2
\BOOKMARK [0][-]{chapter.2}{\376\377\154\102\133\146}{}% 3
\BOOKMARK [0][-]{chapter.3}{\376\377\117\356\216\253}{}% 4
\BOOKMARK [1][-]{section.3.1}{\376\377\122\066\133\232\116\000\116\375\201\352\135\361\166\204\121\306\122\031}{chapter.3}% 5
\BOOKMARK [0][-]{chapter.4}{\376\377\116\244\123\313}{}% 6
\BOOKMARK [1][-]{section.4.1}{\376\377\122\066\133\232\116\000\116\375\201\352\135\361\166\204\116\244\123\313\121\306\122\031}{chapter.4}% 7
\BOOKMARK [1][-]{section.4.2}{\376\377\136\372\172\313\116\000\116\375\142\123\173\227\155\361\116\244\124\214\176\364\143\001\121\163\174\373\166\204\124\015\123\125}{chapter.4}% 8
\BOOKMARK [2][-]{subsection.4.2.1}{\376\377\232\330\116\055}{section.4.2}% 9
\BOOKMARK [2][-]{subsection.4.2.2}{\376\377\131\047\133\146}{section.4.2}% 10
\BOOKMARK [2][-]{subsection.4.2.3}{\376\377\170\024\172\166\165\037}{section.4.2}% 11
\BOOKMARK [0][-]{chapter.5}{\376\377\154\273\133\266}{}% 12
\BOOKMARK [0][-]{chapter.6}{\376\377\216\017\153\145\000-\176\317\123\206}{}% 13
\BOOKMARK [1][-]{section.6.1}{\376\377\216\017\153\145}{chapter.6}% 14
\BOOKMARK [1][-]{section.6.2}{\376\377\176\317\123\206}{chapter.6}% 15
\BOOKMARK [0][-]{chapter.7}{\376\377\133\266\136\255}{}% 16
\BOOKMARK [1][-]{section.7.1}{\376\377\162\066\153\315}{chapter.7}% 17
\BOOKMARK [1][-]{section.7.2}{\376\377\131\273\133\120\121\077\131\163}{chapter.7}% 18
\BOOKMARK [0][-]{chapter.8}{\376\377\200\114\116\032}{}% 19
\BOOKMARK [1][-]{section.8.1}{\376\377\000L\000i\000n\000u\000x\000\040\177\121\176\334\000\040\147\015\122\241\126\150\116\073\172\013}{chapter.8}% 20
\BOOKMARK [1][-]{section.8.2}{\376\377\156\070\142\017\137\025\144\316\000\040\116\073\172\013}{chapter.8}% 21
\BOOKMARK [0][-]{chapter.9}{\376\377\116\213\116\032}{}% 22
\BOOKMARK [1][-]{section.9.1}{\376\377\231\155\136\227}{chapter.9}% 23
\BOOKMARK [1][-]{section.9.2}{\376\377\164\006\215\042}{chapter.9}% 24
\BOOKMARK [1][-]{section.9.3}{\376\377\122\033\116\032}{chapter.9}% 25
\BOOKMARK [0][-]{chapter.10}{\376\377\143\021\142\030}{}% 26
\BOOKMARK [1][-]{section.10.1}{\376\377\156\070\154\363}{chapter.10}% 27
\BOOKMARK [1][-]{section.10.2}{\376\377\217\307\134\161\217\146}{chapter.10}% 28
\BOOKMARK [1][-]{section.10.3}{\376\377\215\363\151\174\147\072}{chapter.10}% 29
\BOOKMARK [1][-]{section.10.4}{\376\377\131\047\144\106\225\044}{chapter.10}% 30
\BOOKMARK [1][-]{section.10.5}{\376\377\216\146\147\201}{chapter.10}% 31
