\BOOKMARK [0][-]{chapter.1}{\376\377\133\146\116\140\000-\203\120}{}% 1
\BOOKMARK [1][-]{section.1.1}{\376\377\226\110\170\125\214\010\000B\000o\000o\000s\000t}{chapter.1}% 2
\BOOKMARK [0][-]{chapter.2}{\376\377\133\211\210\305}{}% 3
\BOOKMARK [1][-]{section.2.1}{\376\377\133\211\210\305\153\145\232\244}{chapter.2}% 4
\BOOKMARK [1][-]{section.2.2}{\376\377\155\113\213\325\176\323\147\234}{chapter.2}% 5
\BOOKMARK [1][-]{section.2.3}{\376\377\123\302\200\003\145\207\163\056}{chapter.2}% 6
\BOOKMARK [0][-]{chapter.3}{\376\377\121\205\133\130\173\241\164\006}{}% 7
\BOOKMARK [1][-]{section.3.1}{\376\377\000s\000m\000a\000r\000t\000\137\000p\000t\000r}{chapter.3}% 8
\BOOKMARK [2][-]{subsection.3.1.1}{\376\377\000R\000A\000I\000I\000\040\147\072\122\066\000\050\000R\000e\000s\000o\000o\000u\000r\000c\000e\000\040\000A\000c\000q\000u\000i\000s\000i\000t\000i\000o\000n\000\040\000I\000s\000\040\000I\000n\000i\000t\000i\000a\000l\000i\000z\000a\000t\000i\000o\000n\000\051}{section.3.1}% 9
\BOOKMARK [2][-]{subsection.3.1.2}{\376\377\000s\000c\000o\000p\000e\000d\000\137\000p\000t\000r}{section.3.1}% 10
\BOOKMARK [2][-]{subsection.3.1.3}{\376\377\000\040\000s\000c\000o\000p\000e\000d\000\137\000a\000r\000r\000a\000y}{section.3.1}% 11
\BOOKMARK [2][-]{subsection.3.1.4}{\376\377\000s\000h\000a\000r\000e\000d\000\137\000p\000t\000r}{section.3.1}% 12
\BOOKMARK [2][-]{subsection.3.1.5}{\376\377\000s\000h\000a\000r\000e\000d\000\137\000a\000r\000r\000a\000y}{section.3.1}% 13
\BOOKMARK [2][-]{subsection.3.1.6}{\376\377\000w\000e\000a\000k\000\137\000p\000t\000r}{section.3.1}% 14
\BOOKMARK [1][-]{section.3.2}{\376\377\000p\000o\000o\000l\000\040\121\205\133\130\154\140\173\241\164\006}{chapter.3}% 15
\BOOKMARK [0][-]{chapter.4}{\376\377\133\236\165\050\135\345\121\167}{}% 16
\BOOKMARK [0][-]{chapter.5}{\376\377\133\127\173\046\116\062\116\016\145\207\147\054\131\004\164\006}{}% 17
\BOOKMARK [0][-]{chapter.6}{\376\377\133\271\126\150\116\016\145\160\143\156\176\323\147\204}{}% 18
\BOOKMARK [1][-]{section.6.1}{\376\377\127\050\133\271\126\150\142\026\123\330\221\317\116\055\133\130\120\250\116\373\141\017\120\074}{chapter.6}% 19
\BOOKMARK [2][-]{subsection.6.1.1}{\376\377\117\177\165\050\000B\000o\000o\000s\000t\000.\000A\000n\000y\000\040\136\223}{section.6.1}% 20
\BOOKMARK [2][-]{subsection.6.1.2}{\376\377\117\177\165\050\000B\000o\000o\000s\000t\000.\000V\000a\000r\000i\000a\000n\000t\000\040\136\223}{section.6.1}% 21
\BOOKMARK [0][-]{chapter.7}{\376\377\173\227\154\325}{}% 22
\BOOKMARK [0][-]{chapter.8}{\376\377\145\160\133\127\116\016\145\160\133\146}{}% 23
\BOOKMARK [0][-]{chapter.9}{\376\377\144\315\117\134\174\373\176\337\166\370\121\163}{}% 24
\BOOKMARK [0][-]{chapter.10}{\376\377\000A\000s\000i\000o\000\040\176\304\116\366}{}% 25
\BOOKMARK [0][-]{chapter.11}{\376\377\155\113\213\325}{}% 26
\BOOKMARK [1][-]{section.11.1}{\376\377\123\125\121\103\155\113\213\325}{chapter.11}% 27
\BOOKMARK [2][-]{subsection.11.1.1}{\376\377\116\072\162\171\133\232\166\204\121\375\145\160\142\026\174\173\165\037\142\020\155\113\213\325}{section.11.1}% 28
\BOOKMARK [2][-]{subsection.11.1.2}{\376\377\000B\000o\000o\000s\000t\000\040\155\113\213\325\135\345\121\167}{section.11.1}% 29
\BOOKMARK [2][-]{subsection.11.1.3}{\376\377\152\041\137\017\123\071\221\115}{section.11.1}% 30
\BOOKMARK [2][-]{subsection.11.1.4}{\376\377\155\156\160\271\153\324\217\203}{section.11.1}% 31
\BOOKMARK [2][-]{subsection.11.1.5}{\376\377\133\232\122\066\166\204\145\255\212\000\145\057\143\001}{section.11.1}% 32
\BOOKMARK [2][-]{subsection.11.1.6}{\376\377\127\050\116\000\116\052\145\207\116\366\116\055\123\005\124\053\131\032\116\052\155\113\213\325\131\127\116\366}{section.11.1}% 33
\BOOKMARK [1][-]{section.11.2}{\376\377\126\336\137\122\155\113\213\325}{chapter.11}% 34
\BOOKMARK [1][-]{section.11.3}{\376\377\123\302\200\003\145\207\163\056}{chapter.11}% 35
