\BOOKMARK [0][-]{chapter.1}{\376\377\127\372\170\100\147\345\157\017\210\145\177\072}{}% 1
\BOOKMARK [1][-]{section.1.1}{\376\377\174\373\176\337\177\026\172\013\173\200\116\313}{chapter.1}% 2
\BOOKMARK [1][-]{section.1.2}{\376\377\217\333\172\013\176\304\060\001\117\032\213\335}{chapter.1}% 3
\BOOKMARK [1][-]{section.1.3}{\376\377\000e\000r\000r\000n\000o\000\040\116\016\000\040\000p\000e\000r\000r\000o\000r\000\050\000\051}{chapter.1}% 4
\BOOKMARK [1][-]{section.1.4}{\376\377\220\073\217\221\127\060\127\100\116\016\162\151\164\006\127\060\127\100}{chapter.1}% 5
\BOOKMARK [1][-]{section.1.5}{\376\377\000U\000I\000D\060\001\000\040\000E\000U\000I\000D}{chapter.1}% 6
\BOOKMARK [0][-]{chapter.2}{\376\377\206\132\142\337\127\060\127\100\172\172\225\364}{}% 7
\BOOKMARK [0][-]{chapter.3}{\376\377\145\207\116\366\144\315\117\134}{}% 8
\BOOKMARK [1][-]{section.3.1}{\376\377\145\207\116\366\143\317\217\360\173\046\210\150}{chapter.3}% 9
\BOOKMARK [1][-]{section.3.2}{\376\377\226\073\130\136\227\136\226\073\130\136}{chapter.3}% 10
\BOOKMARK [1][-]{section.3.3}{\376\377\213\373\121\231\144\315\117\134}{chapter.3}% 11
\BOOKMARK [1][-]{section.3.4}{\376\377\145\207\116\366\134\136\140\047}{chapter.3}% 12
\BOOKMARK [2][-]{subsection.3.4.1}{\376\377\134\136\140\047\144\315\117\134}{section.3.4}% 13
\BOOKMARK [2][-]{subsection.3.4.2}{\376\377\147\103\226\120\144\315\117\134}{section.3.4}% 14
\BOOKMARK [2][-]{subsection.3.4.3}{\376\377\166\356\137\125\144\315\117\134}{section.3.4}% 15
\BOOKMARK [1][-]{section.3.5}{\376\377\145\207\116\366\221\315\133\232\124\021}{chapter.3}% 16
\BOOKMARK [0][-]{chapter.4}{\376\377\176\277\172\013}{}% 17
\BOOKMARK [1][-]{section.4.1}{\376\377\176\277\172\013\122\033\136\372}{chapter.4}% 18
\BOOKMARK [1][-]{section.4.2}{\376\377\176\277\172\013\217\320\210\114}{chapter.4}% 19
\BOOKMARK [1][-]{section.4.3}{\376\377\176\277\172\013\176\310\153\142}{chapter.4}% 20
\BOOKMARK [1][-]{section.4.4}{\376\377\176\277\172\013\124\014\153\145}{chapter.4}% 21
\BOOKMARK [0][-]{chapter.5}{\376\377\217\333\172\013}{}% 22
\BOOKMARK [1][-]{section.5.1}{\376\377\217\333\172\013\172\172\225\364}{chapter.5}% 23
\BOOKMARK [1][-]{section.5.2}{\376\377\217\333\172\013\162\266\140\001}{chapter.5}% 24
\BOOKMARK [1][-]{section.5.3}{\376\377\000P\000C\000B\000\040\217\333\172\013\143\247\122\066\127\127}{chapter.5}% 25
\BOOKMARK [1][-]{section.5.4}{\376\377\217\333\172\013\122\033\136\372\000-\162\066\133\120\217\333\172\013}{chapter.5}% 26
\BOOKMARK [2][-]{subsection.5.4.1}{\376\377\000f\000o\000r\000k}{section.5.4}% 27
\BOOKMARK [2][-]{subsection.5.4.2}{\376\377\000e\000x\000e\000c\000\040\121\375\145\160\145\317}{section.5.4}% 28
\BOOKMARK [1][-]{section.5.5}{\376\377\217\333\172\013\122\033\136\372\000-\133\210\142\244\217\333\172\013}{chapter.5}% 29
\BOOKMARK [1][-]{section.5.6}{\376\377\217\333\172\013\126\336\145\066\000-\162\066\133\120\217\333\172\013}{chapter.5}% 30
\BOOKMARK [1][-]{section.5.7}{\376\377\217\333\172\013\176\310\153\142}{chapter.5}% 31
\BOOKMARK [0][-]{chapter.6}{\376\377\174\373\176\337\220\032\117\341}{}% 32
\BOOKMARK [1][-]{section.6.1}{\376\377\173\241\220\123}{chapter.6}% 33
\BOOKMARK [1][-]{section.6.2}{\376\377\121\205\133\130\146\040\134\004}{chapter.6}% 34
\BOOKMARK [1][-]{section.6.3}{\376\377\121\161\116\253\121\205\133\130\123\072}{chapter.6}% 35
\BOOKMARK [1][-]{section.6.4}{\376\377\117\341\123\367}{chapter.6}% 36
\BOOKMARK [1][-]{section.6.5}{\376\377\000s\000o\000c\000k\000e\000t}{chapter.6}% 37
\BOOKMARK [0][-]{chapter.7}{\376\377\126\376\137\142\165\114\227\142}{}% 38
\BOOKMARK [1][-]{section.7.1}{\376\377\000G\000T\000K\000-\000G\000N\000O\000M\000E}{chapter.7}% 39
\BOOKMARK [0][-]{chapter.8}{\376\377\136\223\166\204\117\177\165\050}{}% 40
\BOOKMARK [1][-]{section.8.1}{\376\377\116\313\176\315}{chapter.8}% 41
\BOOKMARK [1][-]{section.8.2}{\376\377\227\131\140\001\121\375\145\160\136\223}{chapter.8}% 42
\BOOKMARK [1][-]{section.8.3}{\376\377\122\250\140\001\121\375\145\160\136\223}{chapter.8}% 43
\BOOKMARK [0][-]{chapter.9}{\376\377\135\345\121\167}{}% 44
\BOOKMARK [1][-]{section.9.1}{\376\377\000g\000d\000b}{chapter.9}% 45
\BOOKMARK [1][-]{section.9.2}{\376\377\000C\000M\000a\000k\000e}{chapter.9}% 46
