\BOOKMARK [0][-]{chapter.1}{\376\377\000R\000e\000d\000i\000s\000\040\173\200\116\313}{}% 1
\BOOKMARK [1][-]{section.1.1}{\376\377\136\224\165\050\127\072\146\157}{chapter.1}% 2
\BOOKMARK [1][-]{section.1.2}{\376\377\133\211\210\305\116\016\124\057\122\250}{chapter.1}% 3
\BOOKMARK [0][-]{chapter.2}{\376\377\127\372\147\054\144\315\117\134}{}% 4
\BOOKMARK [1][-]{section.2.1}{\376\377\000K\000e\000y}{chapter.2}% 5
\BOOKMARK [1][-]{section.2.2}{\376\377\000S\000E\000T}{chapter.2}% 6
\BOOKMARK [1][-]{section.2.3}{\376\377\000G\000E\000T}{chapter.2}% 7
\BOOKMARK [0][-]{chapter.3}{\376\377\145\160\143\156\174\173\127\213}{}% 8
\BOOKMARK [1][-]{section.3.1}{\376\377\000s\000t\000r\000i\000n\000g}{chapter.3}% 9
\BOOKMARK [1][-]{section.3.2}{\376\377\000l\000i\000s\000t}{chapter.3}% 10
\BOOKMARK [1][-]{section.3.3}{\376\377\000h\000a\000s\000h}{chapter.3}% 11
\BOOKMARK [1][-]{section.3.4}{\376\377\000s\000e\000t}{chapter.3}% 12
\BOOKMARK [1][-]{section.3.5}{\376\377\000z\000s\000e\000t}{chapter.3}% 13
\BOOKMARK [1][-]{section.3.6}{\376\377\116\213\122\241\116\016\225\001}{chapter.3}% 14
\BOOKMARK [0][-]{chapter.4}{\376\377\143\001\116\105\123\026}{}% 15
\BOOKMARK [1][-]{section.4.1}{\376\377\000r\000d\000b\000\040\143\001\116\105\123\026}{chapter.4}% 16
\BOOKMARK [1][-]{section.4.2}{\376\377\000a\000o\000f\000\040\143\001\116\105\123\026}{chapter.4}% 17
\BOOKMARK [0][-]{chapter.5}{\376\377\122\006\136\003\137\017}{}% 18
\BOOKMARK [1][-]{section.5.1}{\376\377\116\073\116\316\131\015\122\066}{chapter.5}% 19
\BOOKMARK [1][-]{section.5.2}{\376\377\122\006\136\003\137\017\226\306\177\244}{chapter.5}% 20
\BOOKMARK [0][-]{chapter.6}{\376\377\136\224\165\050}{}% 21
\BOOKMARK [1][-]{section.6.1}{\376\377\117\115\126\376\154\325\176\337\213\241\155\073\215\303\165\050\142\067}{chapter.6}% 22
\BOOKMARK [1][-]{section.6.2}{\376\377\230\221\220\123\123\321\136\003\116\016\213\242\226\005}{chapter.6}% 23
\BOOKMARK [1][-]{section.6.3}{\376\377\137\256\123\132\116\113\165\050\142\067\154\350\121\214\116\016\137\256\123\132\123\321\136\003}{chapter.6}% 24
\BOOKMARK [1][-]{section.6.4}{\376\377\137\256\123\132\116\113\174\211\116\035\121\163\174\373\116\016\143\250\220\001\137\256\123\132}{chapter.6}% 25
\BOOKMARK [1][-]{section.6.5}{\376\377\124\310\136\014\145\160\143\156\133\130\120\250\137\256\123\132}{chapter.6}% 26
